-- The C compiler identification is GNU 11.4.0
-- The CXX compiler identification is GNU 11.4.0
-- Detecting C compiler ABI info
-- Detecting C compiler ABI info - done
-- Check for working C compiler: /usr/bin/cc - skipped
-- Detecting C compile features
-- Detecting C compile features - done
-- Detecting CXX compiler ABI info
-- Detecting CXX compiler ABI info - done
-- Check for working CXX compiler: /usr/bin/c++ - skipped
-- Detecting CXX compile features
-- Detecting CXX compile features - done
-- Found ament_cmake: 1.3.10 (/opt/ros/humble/share/ament_cmake/cmake)
-- Found Python3: /usr/bin/python3 (found version "3.10.12") found components: Interpreter 
-- Found builtin_interfaces: 1.2.1 (/opt/ros/humble/share/builtin_interfaces/cmake)
-- Found rosidl_generator_c: 3.1.5 (/opt/ros/humble/share/rosidl_generator_c/cmake)
-- Found rosidl_adapter: 3.1.5 (/opt/ros/humble/share/rosidl_adapter/cmake)
-- Found rosidl_generator_cpp: 3.1.5 (/opt/ros/humble/share/rosidl_generator_cpp/cmake)
-- Using all available rosidl_typesupport_c: rosidl_typesupport_fastrtps_c;rosidl_typesupport_introspection_c
-- Using all available rosidl_typesupport_cpp: rosidl_typesupport_fastrtps_cpp;rosidl_typesupport_introspection_cpp
-- Found rosidl_default_generators: 1.2.0 (/opt/ros/humble/share/rosidl_default_generators/cmake)
-- Found ament_cmake_ros: 0.10.0 (/opt/ros/humble/share/ament_cmake_ros/cmake)
-- Using all available rosidl_typesupport_c: rosidl_typesupport_fastrtps_c;rosidl_typesupport_introspection_c
-- Using all available rosidl_typesupport_cpp: rosidl_typesupport_fastrtps_cpp;rosidl_typesupport_introspection_cpp
-- Found PythonInterp: /usr/bin/python3 (found suitable version "3.10.12", minimum required is "3.6") 
-- Found python_cmake_module: 0.10.0 (/opt/ros/humble/share/python_cmake_module/cmake)
-- Found PythonLibs: /usr/lib/x86_64-linux-gnu/libpython3.10.so (found suitable version "3.10.12", minimum required is "3.5") 
-- Using PYTHON_EXECUTABLE: /usr/bin/python3
-- Using PYTHON_INCLUDE_DIRS: /usr/include/python3.10
-- Using PYTHON_LIBRARIES: /usr/lib/x86_64-linux-gnu/libpython3.10.so
-- Found PythonExtra: .so  
-- Found ament_lint_auto: 0.12.11 (/opt/ros/humble/share/ament_lint_auto/cmake)
-- Added test 'lint_cmake' to check CMake code style
-- Added test 'xmllint' to check XML markup files
-- Configuring done
-- Generating done
-- Build files have been written to: /home/kimdahun/order_v10_good_ws/build/ros_study_msgs
[  2%] [34m[1mGenerating C code for ROS interfaces[0m
[  5%] [34m[1mGenerating C++ code for ROS interfaces[0m
[  5%] Built target ament_cmake_python_copy_ros_study_msgs
running egg_info
creating ros_study_msgs.egg-info
writing ros_study_msgs.egg-info/PKG-INFO
writing dependency_links to ros_study_msgs.egg-info/dependency_links.txt
writing top-level names to ros_study_msgs.egg-info/top_level.txt
writing manifest file 'ros_study_msgs.egg-info/SOURCES.txt'
reading manifest file 'ros_study_msgs.egg-info/SOURCES.txt'
writing manifest file 'ros_study_msgs.egg-info/SOURCES.txt'
[  5%] Built target ament_cmake_python_build_ros_study_msgs_egg
[  5%] Built target ros_study_msgs__cpp
[  7%] [34m[1mGenerating C++ type support dispatch for ROS interfaces[0m
[ 10%] [34m[1mGenerating C++ type support for eProsima Fast-RTPS[0m
[ 12%] [34m[1mGenerating C++ introspection for ROS interfaces[0m
[ 15%] [32mBuilding C object CMakeFiles/ros_study_msgs__rosidl_generator_c.dir/rosidl_generator_c/ros_study_msgs/srv/detail/order_customer__functions.c.o[0m
[ 17%] [32mBuilding C object CMakeFiles/ros_study_msgs__rosidl_generator_c.dir/rosidl_generator_c/ros_study_msgs/msg/detail/move_robot__functions.c.o[0m
[ 20%] [32m[1mLinking C shared library libros_study_msgs__rosidl_generator_c.so[0m
[ 20%] Built target ros_study_msgs__rosidl_generator_c
[ 28%] [34m[1mGenerating C introspection for ROS interfaces[0m
[ 28%] [34m[1mGenerating C type support dispatch for ROS interfaces[0m
[ 28%] [34m[1mGenerating C type support for eProsima Fast-RTPS[0m
[ 30%] [32mBuilding CXX object CMakeFiles/ros_study_msgs__rosidl_typesupport_cpp.dir/rosidl_typesupport_cpp/ros_study_msgs/msg/move_robot__type_support.cpp.o[0m
[ 33%] [32mBuilding CXX object CMakeFiles/ros_study_msgs__rosidl_typesupport_cpp.dir/rosidl_typesupport_cpp/ros_study_msgs/srv/order_customer__type_support.cpp.o[0m
[ 35%] [32mBuilding CXX object CMakeFiles/ros_study_msgs__rosidl_typesupport_c.dir/rosidl_typesupport_c/ros_study_msgs/srv/order_customer__type_support.cpp.o[0m
[ 38%] [32mBuilding CXX object CMakeFiles/ros_study_msgs__rosidl_typesupport_c.dir/rosidl_typesupport_c/ros_study_msgs/msg/move_robot__type_support.cpp.o[0m
[ 41%] [32mBuilding CXX object CMakeFiles/ros_study_msgs__rosidl_typesupport_introspection_cpp.dir/rosidl_typesupport_introspection_cpp/ros_study_msgs/srv/detail/order_customer__type_support.cpp.o[0m
[ 43%] [32m[1mLinking CXX shared library libros_study_msgs__rosidl_typesupport_c.so[0m
[ 46%] [32mBuilding CXX object CMakeFiles/ros_study_msgs__rosidl_typesupport_introspection_cpp.dir/rosidl_typesupport_introspection_cpp/ros_study_msgs/msg/detail/move_robot__type_support.cpp.o[0m
[ 48%] [32mBuilding CXX object CMakeFiles/ros_study_msgs__rosidl_typesupport_fastrtps_cpp.dir/rosidl_typesupport_fastrtps_cpp/ros_study_msgs/srv/detail/dds_fastrtps/order_customer__type_support.cpp.o[0m
[ 48%] Built target ros_study_msgs__rosidl_typesupport_c
[ 51%] [32mBuilding CXX object CMakeFiles/ros_study_msgs__rosidl_typesupport_fastrtps_cpp.dir/rosidl_typesupport_fastrtps_cpp/ros_study_msgs/msg/detail/dds_fastrtps/move_robot__type_support.cpp.o[0m
[ 53%] [32m[1mLinking CXX shared library libros_study_msgs__rosidl_typesupport_cpp.so[0m
[ 56%] [32mBuilding C object CMakeFiles/ros_study_msgs__rosidl_typesupport_introspection_c.dir/rosidl_typesupport_introspection_c/ros_study_msgs/srv/detail/order_customer__type_support.c.o[0m
[ 58%] [32mBuilding C object CMakeFiles/ros_study_msgs__rosidl_typesupport_introspection_c.dir/rosidl_typesupport_introspection_c/ros_study_msgs/msg/detail/move_robot__type_support.c.o[0m
[ 61%] [32m[1mLinking C shared library libros_study_msgs__rosidl_typesupport_introspection_c.so[0m
[ 64%] [32mBuilding CXX object CMakeFiles/ros_study_msgs__rosidl_typesupport_fastrtps_c.dir/rosidl_typesupport_fastrtps_c/ros_study_msgs/srv/detail/order_customer__type_support_c.cpp.o[0m
[ 66%] [32mBuilding CXX object CMakeFiles/ros_study_msgs__rosidl_typesupport_fastrtps_c.dir/rosidl_typesupport_fastrtps_c/ros_study_msgs/msg/detail/move_robot__type_support_c.cpp.o[0m
[ 66%] Built target ros_study_msgs__rosidl_typesupport_cpp
[ 66%] Built target ros_study_msgs__rosidl_typesupport_introspection_c
[ 69%] [32m[1mLinking CXX shared library libros_study_msgs__rosidl_typesupport_introspection_cpp.so[0m
[ 71%] [32m[1mLinking CXX shared library libros_study_msgs__rosidl_typesupport_fastrtps_cpp.so[0m
[ 71%] Built target ros_study_msgs__rosidl_typesupport_introspection_cpp
[ 71%] Built target ros_study_msgs__rosidl_typesupport_fastrtps_cpp
[ 74%] [32m[1mLinking CXX shared library libros_study_msgs__rosidl_typesupport_fastrtps_c.so[0m
[ 74%] Built target ros_study_msgs__rosidl_typesupport_fastrtps_c
[ 74%] Built target ros_study_msgs
[ 76%] [34m[1mGenerating Python code for ROS interfaces[0m
[ 76%] Built target ros_study_msgs__py
[ 79%] [32mBuilding C object CMakeFiles/ros_study_msgs__rosidl_generator_py.dir/rosidl_generator_py/ros_study_msgs/srv/_order_customer_s.c.o[0m
[ 82%] [32mBuilding C object CMakeFiles/ros_study_msgs__rosidl_generator_py.dir/rosidl_generator_py/ros_study_msgs/msg/_move_robot_s.c.o[0m
[ 84%] [32m[1mLinking C shared library rosidl_generator_py/ros_study_msgs/libros_study_msgs__rosidl_generator_py.so[0m
[ 84%] Built target ros_study_msgs__rosidl_generator_py
[ 87%] [32mBuilding C object CMakeFiles/ros_study_msgs__rosidl_typesupport_introspection_c__pyext.dir/rosidl_generator_py/ros_study_msgs/_ros_study_msgs_s.ep.rosidl_typesupport_introspection_c.c.o[0m
[ 89%] [32mBuilding C object CMakeFiles/ros_study_msgs__rosidl_typesupport_c__pyext.dir/rosidl_generator_py/ros_study_msgs/_ros_study_msgs_s.ep.rosidl_typesupport_c.c.o[0m
[ 92%] [32mBuilding C object CMakeFiles/ros_study_msgs__rosidl_typesupport_fastrtps_c__pyext.dir/rosidl_generator_py/ros_study_msgs/_ros_study_msgs_s.ep.rosidl_typesupport_fastrtps_c.c.o[0m
[ 94%] [32m[1mLinking C shared library rosidl_generator_py/ros_study_msgs/ros_study_msgs_s__rosidl_typesupport_introspection_c.cpython-310-x86_64-linux-gnu.so[0m
[ 97%] [32m[1mLinking C shared library rosidl_generator_py/ros_study_msgs/ros_study_msgs_s__rosidl_typesupport_fastrtps_c.cpython-310-x86_64-linux-gnu.so[0m
[100%] [32m[1mLinking C shared library rosidl_generator_py/ros_study_msgs/ros_study_msgs_s__rosidl_typesupport_c.cpython-310-x86_64-linux-gnu.so[0m
[100%] Built target ros_study_msgs__rosidl_typesupport_c__pyext
[100%] Built target ros_study_msgs__rosidl_typesupport_fastrtps_c__pyext
[100%] Built target ros_study_msgs__rosidl_typesupport_introspection_c__pyext
-- Install configuration: ""
-- Installing: /home/kimdahun/order_v10_good_ws/install/ros_study_msgs/share/ament_index/resource_index/rosidl_interfaces/ros_study_msgs
-- Installing: /home/kimdahun/order_v10_good_ws/install/ros_study_msgs/include/ros_study_msgs/ros_study_msgs
-- Installing: /home/kimdahun/order_v10_good_ws/install/ros_study_msgs/include/ros_study_msgs/ros_study_msgs/msg
-- Installing: /home/kimdahun/order_v10_good_ws/install/ros_study_msgs/include/ros_study_msgs/ros_study_msgs/msg/detail
-- Installing: /home/kimdahun/order_v10_good_ws/install/ros_study_msgs/include/ros_study_msgs/ros_study_msgs/msg/detail/move_robot__functions.h
-- Installing: /home/kimdahun/order_v10_good_ws/install/ros_study_msgs/include/ros_study_msgs/ros_study_msgs/msg/detail/move_robot__struct.h
-- Installing: /home/kimdahun/order_v10_good_ws/install/ros_study_msgs/include/ros_study_msgs/ros_study_msgs/msg/detail/move_robot__type_support.h
-- Installing: /home/kimdahun/order_v10_good_ws/install/ros_study_msgs/include/ros_study_msgs/ros_study_msgs/msg/detail/move_robot__functions.c
-- Installing: /home/kimdahun/order_v10_good_ws/install/ros_study_msgs/include/ros_study_msgs/ros_study_msgs/msg/move_robot.h
-- Installing: /home/kimdahun/order_v10_good_ws/install/ros_study_msgs/include/ros_study_msgs/ros_study_msgs/msg/rosidl_generator_c__visibility_control.h
-- Installing: /home/kimdahun/order_v10_good_ws/install/ros_study_msgs/include/ros_study_msgs/ros_study_msgs/srv
-- Installing: /home/kimdahun/order_v10_good_ws/install/ros_study_msgs/include/ros_study_msgs/ros_study_msgs/srv/order_customer.h
-- Installing: /home/kimdahun/order_v10_good_ws/install/ros_study_msgs/include/ros_study_msgs/ros_study_msgs/srv/detail
-- Installing: /home/kimdahun/order_v10_good_ws/install/ros_study_msgs/include/ros_study_msgs/ros_study_msgs/srv/detail/order_customer__functions.h
-- Installing: /home/kimdahun/order_v10_good_ws/install/ros_study_msgs/include/ros_study_msgs/ros_study_msgs/srv/detail/order_customer__functions.c
-- Installing: /home/kimdahun/order_v10_good_ws/install/ros_study_msgs/include/ros_study_msgs/ros_study_msgs/srv/detail/order_customer__type_support.h
-- Installing: /home/kimdahun/order_v10_good_ws/install/ros_study_msgs/include/ros_study_msgs/ros_study_msgs/srv/detail/order_customer__struct.h
-- Installing: /home/kimdahun/order_v10_good_ws/install/ros_study_msgs/share/ros_study_msgs/environment/library_path.sh
-- Installing: /home/kimdahun/order_v10_good_ws/install/ros_study_msgs/share/ros_study_msgs/environment/library_path.dsv
-- Installing: /home/kimdahun/order_v10_good_ws/install/ros_study_msgs/lib/libros_study_msgs__rosidl_generator_c.so
-- Set runtime path of "/home/kimdahun/order_v10_good_ws/install/ros_study_msgs/lib/libros_study_msgs__rosidl_generator_c.so" to ""
-- Up-to-date: /home/kimdahun/order_v10_good_ws/install/ros_study_msgs/include/ros_study_msgs/ros_study_msgs
-- Up-to-date: /home/kimdahun/order_v10_good_ws/install/ros_study_msgs/include/ros_study_msgs/ros_study_msgs/msg
-- Installing: /home/kimdahun/order_v10_good_ws/install/ros_study_msgs/include/ros_study_msgs/ros_study_msgs/msg/rosidl_typesupport_fastrtps_c__visibility_control.h
-- Up-to-date: /home/kimdahun/order_v10_good_ws/install/ros_study_msgs/include/ros_study_msgs/ros_study_msgs/msg/detail
-- Installing: /home/kimdahun/order_v10_good_ws/install/ros_study_msgs/include/ros_study_msgs/ros_study_msgs/msg/detail/move_robot__rosidl_typesupport_fastrtps_c.h
-- Up-to-date: /home/kimdahun/order_v10_good_ws/install/ros_study_msgs/include/ros_study_msgs/ros_study_msgs/srv
-- Up-to-date: /home/kimdahun/order_v10_good_ws/install/ros_study_msgs/include/ros_study_msgs/ros_study_msgs/srv/detail
-- Installing: /home/kimdahun/order_v10_good_ws/install/ros_study_msgs/include/ros_study_msgs/ros_study_msgs/srv/detail/order_customer__rosidl_typesupport_fastrtps_c.h
-- Installing: /home/kimdahun/order_v10_good_ws/install/ros_study_msgs/lib/libros_study_msgs__rosidl_typesupport_fastrtps_c.so
-- Set runtime path of "/home/kimdahun/order_v10_good_ws/install/ros_study_msgs/lib/libros_study_msgs__rosidl_typesupport_fastrtps_c.so" to ""
-- Up-to-date: /home/kimdahun/order_v10_good_ws/install/ros_study_msgs/include/ros_study_msgs/ros_study_msgs
-- Up-to-date: /home/kimdahun/order_v10_good_ws/install/ros_study_msgs/include/ros_study_msgs/ros_study_msgs/msg
-- Installing: /home/kimdahun/order_v10_good_ws/install/ros_study_msgs/include/ros_study_msgs/ros_study_msgs/msg/move_robot.hpp
-- Up-to-date: /home/kimdahun/order_v10_good_ws/install/ros_study_msgs/include/ros_study_msgs/ros_study_msgs/msg/detail
-- Installing: /home/kimdahun/order_v10_good_ws/install/ros_study_msgs/include/ros_study_msgs/ros_study_msgs/msg/detail/move_robot__builder.hpp
-- Installing: /home/kimdahun/order_v10_good_ws/install/ros_study_msgs/include/ros_study_msgs/ros_study_msgs/msg/detail/move_robot__traits.hpp
-- Installing: /home/kimdahun/order_v10_good_ws/install/ros_study_msgs/include/ros_study_msgs/ros_study_msgs/msg/detail/move_robot__struct.hpp
-- Up-to-date: /home/kimdahun/order_v10_good_ws/install/ros_study_msgs/include/ros_study_msgs/ros_study_msgs/srv
-- Up-to-date: /home/kimdahun/order_v10_good_ws/install/ros_study_msgs/include/ros_study_msgs/ros_study_msgs/srv/detail
-- Installing: /home/kimdahun/order_v10_good_ws/install/ros_study_msgs/include/ros_study_msgs/ros_study_msgs/srv/detail/order_customer__builder.hpp
-- Installing: /home/kimdahun/order_v10_good_ws/install/ros_study_msgs/include/ros_study_msgs/ros_study_msgs/srv/detail/order_customer__struct.hpp
-- Installing: /home/kimdahun/order_v10_good_ws/install/ros_study_msgs/include/ros_study_msgs/ros_study_msgs/srv/detail/order_customer__traits.hpp
-- Installing: /home/kimdahun/order_v10_good_ws/install/ros_study_msgs/include/ros_study_msgs/ros_study_msgs/srv/order_customer.hpp
-- Up-to-date: /home/kimdahun/order_v10_good_ws/install/ros_study_msgs/include/ros_study_msgs/ros_study_msgs
-- Up-to-date: /home/kimdahun/order_v10_good_ws/install/ros_study_msgs/include/ros_study_msgs/ros_study_msgs/msg
-- Installing: /home/kimdahun/order_v10_good_ws/install/ros_study_msgs/include/ros_study_msgs/ros_study_msgs/msg/rosidl_typesupport_fastrtps_cpp__visibility_control.h
-- Up-to-date: /home/kimdahun/order_v10_good_ws/install/ros_study_msgs/include/ros_study_msgs/ros_study_msgs/msg/detail
-- Installing: /home/kimdahun/order_v10_good_ws/install/ros_study_msgs/include/ros_study_msgs/ros_study_msgs/msg/detail/move_robot__rosidl_typesupport_fastrtps_cpp.hpp
-- Installing: /home/kimdahun/order_v10_good_ws/install/ros_study_msgs/include/ros_study_msgs/ros_study_msgs/msg/detail/dds_fastrtps
-- Up-to-date: /home/kimdahun/order_v10_good_ws/install/ros_study_msgs/include/ros_study_msgs/ros_study_msgs/srv
-- Up-to-date: /home/kimdahun/order_v10_good_ws/install/ros_study_msgs/include/ros_study_msgs/ros_study_msgs/srv/detail
-- Installing: /home/kimdahun/order_v10_good_ws/install/ros_study_msgs/include/ros_study_msgs/ros_study_msgs/srv/detail/order_customer__rosidl_typesupport_fastrtps_cpp.hpp
-- Installing: /home/kimdahun/order_v10_good_ws/install/ros_study_msgs/include/ros_study_msgs/ros_study_msgs/srv/detail/dds_fastrtps
-- Installing: /home/kimdahun/order_v10_good_ws/install/ros_study_msgs/lib/libros_study_msgs__rosidl_typesupport_fastrtps_cpp.so
-- Set runtime path of "/home/kimdahun/order_v10_good_ws/install/ros_study_msgs/lib/libros_study_msgs__rosidl_typesupport_fastrtps_cpp.so" to ""
-- Up-to-date: /home/kimdahun/order_v10_good_ws/install/ros_study_msgs/include/ros_study_msgs/ros_study_msgs
-- Up-to-date: /home/kimdahun/order_v10_good_ws/install/ros_study_msgs/include/ros_study_msgs/ros_study_msgs/msg
-- Installing: /home/kimdahun/order_v10_good_ws/install/ros_study_msgs/include/ros_study_msgs/ros_study_msgs/msg/rosidl_typesupport_introspection_c__visibility_control.h
-- Up-to-date: /home/kimdahun/order_v10_good_ws/install/ros_study_msgs/include/ros_study_msgs/ros_study_msgs/msg/detail
-- Installing: /home/kimdahun/order_v10_good_ws/install/ros_study_msgs/include/ros_study_msgs/ros_study_msgs/msg/detail/move_robot__rosidl_typesupport_introspection_c.h
-- Installing: /home/kimdahun/order_v10_good_ws/install/ros_study_msgs/include/ros_study_msgs/ros_study_msgs/msg/detail/move_robot__type_support.c
-- Up-to-date: /home/kimdahun/order_v10_good_ws/install/ros_study_msgs/include/ros_study_msgs/ros_study_msgs/srv
-- Up-to-date: /home/kimdahun/order_v10_good_ws/install/ros_study_msgs/include/ros_study_msgs/ros_study_msgs/srv/detail
-- Installing: /home/kimdahun/order_v10_good_ws/install/ros_study_msgs/include/ros_study_msgs/ros_study_msgs/srv/detail/order_customer__type_support.c
-- Installing: /home/kimdahun/order_v10_good_ws/install/ros_study_msgs/include/ros_study_msgs/ros_study_msgs/srv/detail/order_customer__rosidl_typesupport_introspection_c.h
-- Installing: /home/kimdahun/order_v10_good_ws/install/ros_study_msgs/lib/libros_study_msgs__rosidl_typesupport_introspection_c.so
-- Set runtime path of "/home/kimdahun/order_v10_good_ws/install/ros_study_msgs/lib/libros_study_msgs__rosidl_typesupport_introspection_c.so" to ""
-- Installing: /home/kimdahun/order_v10_good_ws/install/ros_study_msgs/lib/libros_study_msgs__rosidl_typesupport_c.so
-- Set runtime path of "/home/kimdahun/order_v10_good_ws/install/ros_study_msgs/lib/libros_study_msgs__rosidl_typesupport_c.so" to ""
-- Up-to-date: /home/kimdahun/order_v10_good_ws/install/ros_study_msgs/include/ros_study_msgs/ros_study_msgs
-- Up-to-date: /home/kimdahun/order_v10_good_ws/install/ros_study_msgs/include/ros_study_msgs/ros_study_msgs/msg
-- Up-to-date: /home/kimdahun/order_v10_good_ws/install/ros_study_msgs/include/ros_study_msgs/ros_study_msgs/msg/detail
-- Installing: /home/kimdahun/order_v10_good_ws/install/ros_study_msgs/include/ros_study_msgs/ros_study_msgs/msg/detail/move_robot__type_support.cpp
-- Installing: /home/kimdahun/order_v10_good_ws/install/ros_study_msgs/include/ros_study_msgs/ros_study_msgs/msg/detail/move_robot__rosidl_typesupport_introspection_cpp.hpp
-- Up-to-date: /home/kimdahun/order_v10_good_ws/install/ros_study_msgs/include/ros_study_msgs/ros_study_msgs/srv
-- Up-to-date: /home/kimdahun/order_v10_good_ws/install/ros_study_msgs/include/ros_study_msgs/ros_study_msgs/srv/detail
-- Installing: /home/kimdahun/order_v10_good_ws/install/ros_study_msgs/include/ros_study_msgs/ros_study_msgs/srv/detail/order_customer__type_support.cpp
-- Installing: /home/kimdahun/order_v10_good_ws/install/ros_study_msgs/include/ros_study_msgs/ros_study_msgs/srv/detail/order_customer__rosidl_typesupport_introspection_cpp.hpp
-- Installing: /home/kimdahun/order_v10_good_ws/install/ros_study_msgs/lib/libros_study_msgs__rosidl_typesupport_introspection_cpp.so
-- Set runtime path of "/home/kimdahun/order_v10_good_ws/install/ros_study_msgs/lib/libros_study_msgs__rosidl_typesupport_introspection_cpp.so" to ""
-- Installing: /home/kimdahun/order_v10_good_ws/install/ros_study_msgs/lib/libros_study_msgs__rosidl_typesupport_cpp.so
-- Set runtime path of "/home/kimdahun/order_v10_good_ws/install/ros_study_msgs/lib/libros_study_msgs__rosidl_typesupport_cpp.so" to ""
-- Installing: /home/kimdahun/order_v10_good_ws/install/ros_study_msgs/share/ros_study_msgs/environment/pythonpath.sh
-- Installing: /home/kimdahun/order_v10_good_ws/install/ros_study_msgs/share/ros_study_msgs/environment/pythonpath.dsv
-- Installing: /home/kimdahun/order_v10_good_ws/install/ros_study_msgs/local/lib/python3.10/dist-packages/ros_study_msgs-0.0.0-py3.10.egg-info
-- Installing: /home/kimdahun/order_v10_good_ws/install/ros_study_msgs/local/lib/python3.10/dist-packages/ros_study_msgs-0.0.0-py3.10.egg-info/SOURCES.txt
-- Installing: /home/kimdahun/order_v10_good_ws/install/ros_study_msgs/local/lib/python3.10/dist-packages/ros_study_msgs-0.0.0-py3.10.egg-info/PKG-INFO
-- Installing: /home/kimdahun/order_v10_good_ws/install/ros_study_msgs/local/lib/python3.10/dist-packages/ros_study_msgs-0.0.0-py3.10.egg-info/dependency_links.txt
-- Installing: /home/kimdahun/order_v10_good_ws/install/ros_study_msgs/local/lib/python3.10/dist-packages/ros_study_msgs-0.0.0-py3.10.egg-info/top_level.txt
-- Installing: /home/kimdahun/order_v10_good_ws/install/ros_study_msgs/local/lib/python3.10/dist-packages/ros_study_msgs
-- Installing: /home/kimdahun/order_v10_good_ws/install/ros_study_msgs/local/lib/python3.10/dist-packages/ros_study_msgs/ros_study_msgs_s__rosidl_typesupport_c.cpython-310-x86_64-linux-gnu.so
-- Installing: /home/kimdahun/order_v10_good_ws/install/ros_study_msgs/local/lib/python3.10/dist-packages/ros_study_msgs/msg
-- Installing: /home/kimdahun/order_v10_good_ws/install/ros_study_msgs/local/lib/python3.10/dist-packages/ros_study_msgs/msg/__init__.py
-- Installing: /home/kimdahun/order_v10_good_ws/install/ros_study_msgs/local/lib/python3.10/dist-packages/ros_study_msgs/msg/_move_robot_s.c
-- Installing: /home/kimdahun/order_v10_good_ws/install/ros_study_msgs/local/lib/python3.10/dist-packages/ros_study_msgs/msg/_move_robot.py
-- Installing: /home/kimdahun/order_v10_good_ws/install/ros_study_msgs/local/lib/python3.10/dist-packages/ros_study_msgs/_ros_study_msgs_s.ep.rosidl_typesupport_introspection_c.c
-- Installing: /home/kimdahun/order_v10_good_ws/install/ros_study_msgs/local/lib/python3.10/dist-packages/ros_study_msgs/__init__.py
-- Installing: /home/kimdahun/order_v10_good_ws/install/ros_study_msgs/local/lib/python3.10/dist-packages/ros_study_msgs/libros_study_msgs__rosidl_generator_py.so
-- Installing: /home/kimdahun/order_v10_good_ws/install/ros_study_msgs/local/lib/python3.10/dist-packages/ros_study_msgs/_ros_study_msgs_s.ep.rosidl_typesupport_c.c
-- Installing: /home/kimdahun/order_v10_good_ws/install/ros_study_msgs/local/lib/python3.10/dist-packages/ros_study_msgs/ros_study_msgs_s__rosidl_typesupport_introspection_c.cpython-310-x86_64-linux-gnu.so
-- Installing: /home/kimdahun/order_v10_good_ws/install/ros_study_msgs/local/lib/python3.10/dist-packages/ros_study_msgs/ros_study_msgs_s__rosidl_typesupport_fastrtps_c.cpython-310-x86_64-linux-gnu.so
-- Installing: /home/kimdahun/order_v10_good_ws/install/ros_study_msgs/local/lib/python3.10/dist-packages/ros_study_msgs/_ros_study_msgs_s.ep.rosidl_typesupport_fastrtps_c.c
-- Installing: /home/kimdahun/order_v10_good_ws/install/ros_study_msgs/local/lib/python3.10/dist-packages/ros_study_msgs/srv
-- Installing: /home/kimdahun/order_v10_good_ws/install/ros_study_msgs/local/lib/python3.10/dist-packages/ros_study_msgs/srv/_order_customer_s.c
-- Installing: /home/kimdahun/order_v10_good_ws/install/ros_study_msgs/local/lib/python3.10/dist-packages/ros_study_msgs/srv/__init__.py
-- Installing: /home/kimdahun/order_v10_good_ws/install/ros_study_msgs/local/lib/python3.10/dist-packages/ros_study_msgs/srv/_order_customer.py
Listing '/home/kimdahun/order_v10_good_ws/install/ros_study_msgs/local/lib/python3.10/dist-packages/ros_study_msgs'...
Compiling '/home/kimdahun/order_v10_good_ws/install/ros_study_msgs/local/lib/python3.10/dist-packages/ros_study_msgs/__init__.py'...
Listing '/home/kimdahun/order_v10_good_ws/install/ros_study_msgs/local/lib/python3.10/dist-packages/ros_study_msgs/msg'...
Compiling '/home/kimdahun/order_v10_good_ws/install/ros_study_msgs/local/lib/python3.10/dist-packages/ros_study_msgs/msg/__init__.py'...
Compiling '/home/kimdahun/order_v10_good_ws/install/ros_study_msgs/local/lib/python3.10/dist-packages/ros_study_msgs/msg/_move_robot.py'...
Listing '/home/kimdahun/order_v10_good_ws/install/ros_study_msgs/local/lib/python3.10/dist-packages/ros_study_msgs/srv'...
Compiling '/home/kimdahun/order_v10_good_ws/install/ros_study_msgs/local/lib/python3.10/dist-packages/ros_study_msgs/srv/__init__.py'...
Compiling '/home/kimdahun/order_v10_good_ws/install/ros_study_msgs/local/lib/python3.10/dist-packages/ros_study_msgs/srv/_order_customer.py'...
-- Installing: /home/kimdahun/order_v10_good_ws/install/ros_study_msgs/local/lib/python3.10/dist-packages/ros_study_msgs/ros_study_msgs_s__rosidl_typesupport_fastrtps_c.cpython-310-x86_64-linux-gnu.so
-- Set runtime path of "/home/kimdahun/order_v10_good_ws/install/ros_study_msgs/local/lib/python3.10/dist-packages/ros_study_msgs/ros_study_msgs_s__rosidl_typesupport_fastrtps_c.cpython-310-x86_64-linux-gnu.so" to ""
-- Installing: /home/kimdahun/order_v10_good_ws/install/ros_study_msgs/local/lib/python3.10/dist-packages/ros_study_msgs/ros_study_msgs_s__rosidl_typesupport_introspection_c.cpython-310-x86_64-linux-gnu.so
-- Set runtime path of "/home/kimdahun/order_v10_good_ws/install/ros_study_msgs/local/lib/python3.10/dist-packages/ros_study_msgs/ros_study_msgs_s__rosidl_typesupport_introspection_c.cpython-310-x86_64-linux-gnu.so" to ""
-- Installing: /home/kimdahun/order_v10_good_ws/install/ros_study_msgs/local/lib/python3.10/dist-packages/ros_study_msgs/ros_study_msgs_s__rosidl_typesupport_c.cpython-310-x86_64-linux-gnu.so
-- Set runtime path of "/home/kimdahun/order_v10_good_ws/install/ros_study_msgs/local/lib/python3.10/dist-packages/ros_study_msgs/ros_study_msgs_s__rosidl_typesupport_c.cpython-310-x86_64-linux-gnu.so" to ""
-- Installing: /home/kimdahun/order_v10_good_ws/install/ros_study_msgs/lib/libros_study_msgs__rosidl_generator_py.so
-- Set runtime path of "/home/kimdahun/order_v10_good_ws/install/ros_study_msgs/lib/libros_study_msgs__rosidl_generator_py.so" to ""
-- Installing: /home/kimdahun/order_v10_good_ws/install/ros_study_msgs/share/ros_study_msgs/srv/OrderCustomer.idl
-- Installing: /home/kimdahun/order_v10_good_ws/install/ros_study_msgs/share/ros_study_msgs/msg/MoveRobot.idl
-- Installing: /home/kimdahun/order_v10_good_ws/install/ros_study_msgs/share/ros_study_msgs/srv/OrderCustomer.srv
-- Installing: /home/kimdahun/order_v10_good_ws/install/ros_study_msgs/share/ros_study_msgs/srv/OrderCustomer_Request.msg
-- Installing: /home/kimdahun/order_v10_good_ws/install/ros_study_msgs/share/ros_study_msgs/srv/OrderCustomer_Response.msg
-- Installing: /home/kimdahun/order_v10_good_ws/install/ros_study_msgs/share/ros_study_msgs/msg/MoveRobot.msg
-- Installing: /home/kimdahun/order_v10_good_ws/install/ros_study_msgs/share/ament_index/resource_index/package_run_dependencies/ros_study_msgs
-- Installing: /home/kimdahun/order_v10_good_ws/install/ros_study_msgs/share/ament_index/resource_index/parent_prefix_path/ros_study_msgs
-- Installing: /home/kimdahun/order_v10_good_ws/install/ros_study_msgs/share/ros_study_msgs/environment/ament_prefix_path.sh
-- Installing: /home/kimdahun/order_v10_good_ws/install/ros_study_msgs/share/ros_study_msgs/environment/ament_prefix_path.dsv
-- Installing: /home/kimdahun/order_v10_good_ws/install/ros_study_msgs/share/ros_study_msgs/environment/path.sh
-- Installing: /home/kimdahun/order_v10_good_ws/install/ros_study_msgs/share/ros_study_msgs/environment/path.dsv
-- Installing: /home/kimdahun/order_v10_good_ws/install/ros_study_msgs/share/ros_study_msgs/local_setup.bash
-- Installing: /home/kimdahun/order_v10_good_ws/install/ros_study_msgs/share/ros_study_msgs/local_setup.sh
-- Installing: /home/kimdahun/order_v10_good_ws/install/ros_study_msgs/share/ros_study_msgs/local_setup.zsh
-- Installing: /home/kimdahun/order_v10_good_ws/install/ros_study_msgs/share/ros_study_msgs/local_setup.dsv
-- Installing: /home/kimdahun/order_v10_good_ws/install/ros_study_msgs/share/ros_study_msgs/package.dsv
-- Installing: /home/kimdahun/order_v10_good_ws/install/ros_study_msgs/share/ament_index/resource_index/packages/ros_study_msgs
-- Installing: /home/kimdahun/order_v10_good_ws/install/ros_study_msgs/share/ros_study_msgs/cmake/export_ros_study_msgs__rosidl_generator_cExport.cmake
-- Installing: /home/kimdahun/order_v10_good_ws/install/ros_study_msgs/share/ros_study_msgs/cmake/export_ros_study_msgs__rosidl_generator_cExport-noconfig.cmake
-- Installing: /home/kimdahun/order_v10_good_ws/install/ros_study_msgs/share/ros_study_msgs/cmake/export_ros_study_msgs__rosidl_typesupport_fastrtps_cExport.cmake
-- Installing: /home/kimdahun/order_v10_good_ws/install/ros_study_msgs/share/ros_study_msgs/cmake/export_ros_study_msgs__rosidl_typesupport_fastrtps_cExport-noconfig.cmake
-- Installing: /home/kimdahun/order_v10_good_ws/install/ros_study_msgs/share/ros_study_msgs/cmake/export_ros_study_msgs__rosidl_generator_cppExport.cmake
-- Installing: /home/kimdahun/order_v10_good_ws/install/ros_study_msgs/share/ros_study_msgs/cmake/export_ros_study_msgs__rosidl_typesupport_fastrtps_cppExport.cmake
-- Installing: /home/kimdahun/order_v10_good_ws/install/ros_study_msgs/share/ros_study_msgs/cmake/export_ros_study_msgs__rosidl_typesupport_fastrtps_cppExport-noconfig.cmake
-- Installing: /home/kimdahun/order_v10_good_ws/install/ros_study_msgs/share/ros_study_msgs/cmake/ros_study_msgs__rosidl_typesupport_introspection_cExport.cmake
-- Installing: /home/kimdahun/order_v10_good_ws/install/ros_study_msgs/share/ros_study_msgs/cmake/ros_study_msgs__rosidl_typesupport_introspection_cExport-noconfig.cmake
-- Installing: /home/kimdahun/order_v10_good_ws/install/ros_study_msgs/share/ros_study_msgs/cmake/ros_study_msgs__rosidl_typesupport_cExport.cmake
-- Installing: /home/kimdahun/order_v10_good_ws/install/ros_study_msgs/share/ros_study_msgs/cmake/ros_study_msgs__rosidl_typesupport_cExport-noconfig.cmake
-- Installing: /home/kimdahun/order_v10_good_ws/install/ros_study_msgs/share/ros_study_msgs/cmake/ros_study_msgs__rosidl_typesupport_introspection_cppExport.cmake
-- Installing: /home/kimdahun/order_v10_good_ws/install/ros_study_msgs/share/ros_study_msgs/cmake/ros_study_msgs__rosidl_typesupport_introspection_cppExport-noconfig.cmake
-- Installing: /home/kimdahun/order_v10_good_ws/install/ros_study_msgs/share/ros_study_msgs/cmake/ros_study_msgs__rosidl_typesupport_cppExport.cmake
-- Installing: /home/kimdahun/order_v10_good_ws/install/ros_study_msgs/share/ros_study_msgs/cmake/ros_study_msgs__rosidl_typesupport_cppExport-noconfig.cmake
-- Installing: /home/kimdahun/order_v10_good_ws/install/ros_study_msgs/share/ros_study_msgs/cmake/export_ros_study_msgs__rosidl_generator_pyExport.cmake
-- Installing: /home/kimdahun/order_v10_good_ws/install/ros_study_msgs/share/ros_study_msgs/cmake/export_ros_study_msgs__rosidl_generator_pyExport-noconfig.cmake
-- Installing: /home/kimdahun/order_v10_good_ws/install/ros_study_msgs/share/ros_study_msgs/cmake/rosidl_cmake-extras.cmake
-- Installing: /home/kimdahun/order_v10_good_ws/install/ros_study_msgs/share/ros_study_msgs/cmake/ament_cmake_export_dependencies-extras.cmake
-- Installing: /home/kimdahun/order_v10_good_ws/install/ros_study_msgs/share/ros_study_msgs/cmake/ament_cmake_export_include_directories-extras.cmake
-- Installing: /home/kimdahun/order_v10_good_ws/install/ros_study_msgs/share/ros_study_msgs/cmake/ament_cmake_export_libraries-extras.cmake
-- Installing: /home/kimdahun/order_v10_good_ws/install/ros_study_msgs/share/ros_study_msgs/cmake/ament_cmake_export_targets-extras.cmake
-- Installing: /home/kimdahun/order_v10_good_ws/install/ros_study_msgs/share/ros_study_msgs/cmake/rosidl_cmake_export_typesupport_targets-extras.cmake
-- Installing: /home/kimdahun/order_v10_good_ws/install/ros_study_msgs/share/ros_study_msgs/cmake/rosidl_cmake_export_typesupport_libraries-extras.cmake
-- Installing: /home/kimdahun/order_v10_good_ws/install/ros_study_msgs/share/ros_study_msgs/cmake/ros_study_msgsConfig.cmake
-- Installing: /home/kimdahun/order_v10_good_ws/install/ros_study_msgs/share/ros_study_msgs/cmake/ros_study_msgsConfig-version.cmake
-- Installing: /home/kimdahun/order_v10_good_ws/install/ros_study_msgs/share/ros_study_msgs/package.xml
