/home/kimdahun/order_v10_good_ws/install/serving_robot/lib/python3.10/site-packages/serving_robot/__init__.py
/home/kimdahun/order_v10_good_ws/install/serving_robot/lib/python3.10/site-packages/serving_robot/customer/customer4.py
/home/kimdahun/order_v10_good_ws/install/serving_robot/lib/python3.10/site-packages/serving_robot/customer/customer9.py
/home/kimdahun/order_v10_good_ws/install/serving_robot/lib/python3.10/site-packages/serving_robot/customer/customer2.py
/home/kimdahun/order_v10_good_ws/install/serving_robot/lib/python3.10/site-packages/serving_robot/customer/__init__.py
/home/kimdahun/order_v10_good_ws/install/serving_robot/lib/python3.10/site-packages/serving_robot/customer/customer7.py
/home/kimdahun/order_v10_good_ws/install/serving_robot/lib/python3.10/site-packages/serving_robot/customer/customer.py
/home/kimdahun/order_v10_good_ws/install/serving_robot/lib/python3.10/site-packages/serving_robot/customer/customer3.py
/home/kimdahun/order_v10_good_ws/install/serving_robot/lib/python3.10/site-packages/serving_robot/customer/customer6.py
/home/kimdahun/order_v10_good_ws/install/serving_robot/lib/python3.10/site-packages/serving_robot/customer/customer5.py
/home/kimdahun/order_v10_good_ws/install/serving_robot/lib/python3.10/site-packages/serving_robot/customer/customer8.py
/home/kimdahun/order_v10_good_ws/install/serving_robot/lib/python3.10/site-packages/serving_robot/robotui/__init__.py
/home/kimdahun/order_v10_good_ws/install/serving_robot/lib/python3.10/site-packages/serving_robot/robotui/robotui.py
/home/kimdahun/order_v10_good_ws/install/serving_robot/lib/python3.10/site-packages/serving_robot/kitchen/kitchen1.py
/home/kimdahun/order_v10_good_ws/install/serving_robot/lib/python3.10/site-packages/serving_robot/kitchen/kitchen0.py
/home/kimdahun/order_v10_good_ws/install/serving_robot/lib/python3.10/site-packages/serving_robot/kitchen/__init__.py
/home/kimdahun/order_v10_good_ws/install/serving_robot/lib/python3.10/site-packages/serving_robot/kitchen/kitchen.py
/home/kimdahun/order_v10_good_ws/install/serving_robot/lib/python3.10/site-packages/serving_robot/kitchen/kitchen_ori.py
/home/kimdahun/order_v10_good_ws/install/serving_robot/lib/python3.10/site-packages/serving_robot/__pycache__/__init__.cpython-310.pyc
/home/kimdahun/order_v10_good_ws/install/serving_robot/lib/python3.10/site-packages/serving_robot/customer/__pycache__/customer4.cpython-310.pyc
/home/kimdahun/order_v10_good_ws/install/serving_robot/lib/python3.10/site-packages/serving_robot/customer/__pycache__/customer9.cpython-310.pyc
/home/kimdahun/order_v10_good_ws/install/serving_robot/lib/python3.10/site-packages/serving_robot/customer/__pycache__/customer2.cpython-310.pyc
/home/kimdahun/order_v10_good_ws/install/serving_robot/lib/python3.10/site-packages/serving_robot/customer/__pycache__/__init__.cpython-310.pyc
/home/kimdahun/order_v10_good_ws/install/serving_robot/lib/python3.10/site-packages/serving_robot/customer/__pycache__/customer7.cpython-310.pyc
/home/kimdahun/order_v10_good_ws/install/serving_robot/lib/python3.10/site-packages/serving_robot/customer/__pycache__/customer.cpython-310.pyc
/home/kimdahun/order_v10_good_ws/install/serving_robot/lib/python3.10/site-packages/serving_robot/customer/__pycache__/customer3.cpython-310.pyc
/home/kimdahun/order_v10_good_ws/install/serving_robot/lib/python3.10/site-packages/serving_robot/customer/__pycache__/customer6.cpython-310.pyc
/home/kimdahun/order_v10_good_ws/install/serving_robot/lib/python3.10/site-packages/serving_robot/customer/__pycache__/customer5.cpython-310.pyc
/home/kimdahun/order_v10_good_ws/install/serving_robot/lib/python3.10/site-packages/serving_robot/customer/__pycache__/customer8.cpython-310.pyc
/home/kimdahun/order_v10_good_ws/install/serving_robot/lib/python3.10/site-packages/serving_robot/robotui/__pycache__/__init__.cpython-310.pyc
/home/kimdahun/order_v10_good_ws/install/serving_robot/lib/python3.10/site-packages/serving_robot/robotui/__pycache__/robotui.cpython-310.pyc
/home/kimdahun/order_v10_good_ws/install/serving_robot/lib/python3.10/site-packages/serving_robot/kitchen/__pycache__/kitchen1.cpython-310.pyc
/home/kimdahun/order_v10_good_ws/install/serving_robot/lib/python3.10/site-packages/serving_robot/kitchen/__pycache__/kitchen0.cpython-310.pyc
/home/kimdahun/order_v10_good_ws/install/serving_robot/lib/python3.10/site-packages/serving_robot/kitchen/__pycache__/__init__.cpython-310.pyc
/home/kimdahun/order_v10_good_ws/install/serving_robot/lib/python3.10/site-packages/serving_robot/kitchen/__pycache__/kitchen.cpython-310.pyc
/home/kimdahun/order_v10_good_ws/install/serving_robot/lib/python3.10/site-packages/serving_robot/kitchen/__pycache__/kitchen_ori.cpython-310.pyc
/home/kimdahun/order_v10_good_ws/install/serving_robot/share/ament_index/resource_index/packages/serving_robot
/home/kimdahun/order_v10_good_ws/install/serving_robot/share/serving_robot/package.xml
/home/kimdahun/order_v10_good_ws/install/serving_robot/lib/python3.10/site-packages/serving_robot-0.0.0-py3.10.egg-info/SOURCES.txt
/home/kimdahun/order_v10_good_ws/install/serving_robot/lib/python3.10/site-packages/serving_robot-0.0.0-py3.10.egg-info/PKG-INFO
/home/kimdahun/order_v10_good_ws/install/serving_robot/lib/python3.10/site-packages/serving_robot-0.0.0-py3.10.egg-info/zip-safe
/home/kimdahun/order_v10_good_ws/install/serving_robot/lib/python3.10/site-packages/serving_robot-0.0.0-py3.10.egg-info/requires.txt
/home/kimdahun/order_v10_good_ws/install/serving_robot/lib/python3.10/site-packages/serving_robot-0.0.0-py3.10.egg-info/dependency_links.txt
/home/kimdahun/order_v10_good_ws/install/serving_robot/lib/python3.10/site-packages/serving_robot-0.0.0-py3.10.egg-info/top_level.txt
/home/kimdahun/order_v10_good_ws/install/serving_robot/lib/python3.10/site-packages/serving_robot-0.0.0-py3.10.egg-info/entry_points.txt
/home/kimdahun/order_v10_good_ws/install/serving_robot/lib/serving_robot/customer
/home/kimdahun/order_v10_good_ws/install/serving_robot/lib/serving_robot/customer2
/home/kimdahun/order_v10_good_ws/install/serving_robot/lib/serving_robot/customer3
/home/kimdahun/order_v10_good_ws/install/serving_robot/lib/serving_robot/customer4
/home/kimdahun/order_v10_good_ws/install/serving_robot/lib/serving_robot/customer5
/home/kimdahun/order_v10_good_ws/install/serving_robot/lib/serving_robot/customer6
/home/kimdahun/order_v10_good_ws/install/serving_robot/lib/serving_robot/customer7
/home/kimdahun/order_v10_good_ws/install/serving_robot/lib/serving_robot/customer8
/home/kimdahun/order_v10_good_ws/install/serving_robot/lib/serving_robot/customer9
/home/kimdahun/order_v10_good_ws/install/serving_robot/lib/serving_robot/kitchen
/home/kimdahun/order_v10_good_ws/install/serving_robot/lib/serving_robot/kitchen_ori
/home/kimdahun/order_v10_good_ws/install/serving_robot/lib/serving_robot/robotui
