[0.512s] Invoking command in '/home/kimdahun/order_v10_good_ws/src/serving_robot': LD_LIBRARY_PATH=/home/kimdahun/order_v10_good_ws/install/ros_study_msgs/lib:/home/kimdahun/turtlebot3_ws/install/turtlebot3_msgs/lib:/usr/lib/x86_64-linux-gnu/gazebo-11/plugins:/opt/ros/humble/opt/rviz_ogre_vendor/lib:/opt/ros/humble/lib/x86_64-linux-gnu:/opt/ros/humble/lib:/usr/lib/x86_64-linux-gnu/gazebo-11/plugins PYTHONPATH=/home/kimdahun/order_v10_good_ws/build/serving_robot/prefix_override:/usr/lib/python3/dist-packages/colcon_core/task/python/colcon_distutils_commands:/home/kimdahun/order_v10_good_ws/install/serving_robot/lib/python3.10/site-packages:${PYTHONPATH} /usr/bin/python3 -W ignore:setup.py install is deprecated setup.py egg_info --egg-base ../../build/serving_robot build --build-base /home/kimdahun/order_v10_good_ws/build/serving_robot/build install --record /home/kimdahun/order_v10_good_ws/build/serving_robot/install.log --single-version-externally-managed install_data
[0.703s] running egg_info
[0.703s] writing ../../build/serving_robot/serving_robot.egg-info/PKG-INFO
[0.703s] writing dependency_links to ../../build/serving_robot/serving_robot.egg-info/dependency_links.txt
[0.704s] writing entry points to ../../build/serving_robot/serving_robot.egg-info/entry_points.txt
[0.704s] writing requirements to ../../build/serving_robot/serving_robot.egg-info/requires.txt
[0.704s] writing top-level names to ../../build/serving_robot/serving_robot.egg-info/top_level.txt
[0.712s] reading manifest file '../../build/serving_robot/serving_robot.egg-info/SOURCES.txt'
[0.713s] writing manifest file '../../build/serving_robot/serving_robot.egg-info/SOURCES.txt'
[0.713s] running build
[0.713s] running build_py
[0.713s] copying serving_robot/customer/customer2.py -> /home/kimdahun/order_v10_good_ws/build/serving_robot/build/lib/serving_robot/customer
[0.714s] copying serving_robot/kitchen/kitchen.py -> /home/kimdahun/order_v10_good_ws/build/serving_robot/build/lib/serving_robot/kitchen
[0.714s] running install
[0.715s] running install_lib
[0.715s] copying /home/kimdahun/order_v10_good_ws/build/serving_robot/build/lib/serving_robot/customer/customer2.py -> /home/kimdahun/order_v10_good_ws/install/serving_robot/lib/python3.10/site-packages/serving_robot/customer
[0.716s] copying /home/kimdahun/order_v10_good_ws/build/serving_robot/build/lib/serving_robot/kitchen/kitchen.py -> /home/kimdahun/order_v10_good_ws/install/serving_robot/lib/python3.10/site-packages/serving_robot/kitchen
[0.716s] byte-compiling /home/kimdahun/order_v10_good_ws/install/serving_robot/lib/python3.10/site-packages/serving_robot/customer/customer2.py to customer2.cpython-310.pyc
[0.718s] byte-compiling /home/kimdahun/order_v10_good_ws/install/serving_robot/lib/python3.10/site-packages/serving_robot/kitchen/kitchen.py to kitchen.cpython-310.pyc
[0.721s] running install_data
[0.722s] running install_egg_info
[0.723s] removing '/home/kimdahun/order_v10_good_ws/install/serving_robot/lib/python3.10/site-packages/serving_robot-0.0.0-py3.10.egg-info' (and everything under it)
[0.723s] Copying ../../build/serving_robot/serving_robot.egg-info to /home/kimdahun/order_v10_good_ws/install/serving_robot/lib/python3.10/site-packages/serving_robot-0.0.0-py3.10.egg-info
[0.724s] running install_scripts
[0.739s] Installing customer script to /home/kimdahun/order_v10_good_ws/install/serving_robot/lib/serving_robot
[0.740s] Installing customer2 script to /home/kimdahun/order_v10_good_ws/install/serving_robot/lib/serving_robot
[0.740s] Installing customer3 script to /home/kimdahun/order_v10_good_ws/install/serving_robot/lib/serving_robot
[0.740s] Installing customer4 script to /home/kimdahun/order_v10_good_ws/install/serving_robot/lib/serving_robot
[0.740s] Installing customer5 script to /home/kimdahun/order_v10_good_ws/install/serving_robot/lib/serving_robot
[0.740s] Installing customer6 script to /home/kimdahun/order_v10_good_ws/install/serving_robot/lib/serving_robot
[0.740s] Installing customer7 script to /home/kimdahun/order_v10_good_ws/install/serving_robot/lib/serving_robot
[0.740s] Installing customer8 script to /home/kimdahun/order_v10_good_ws/install/serving_robot/lib/serving_robot
[0.740s] Installing customer9 script to /home/kimdahun/order_v10_good_ws/install/serving_robot/lib/serving_robot
[0.740s] Installing kitchen script to /home/kimdahun/order_v10_good_ws/install/serving_robot/lib/serving_robot
[0.740s] Installing kitchen_ori script to /home/kimdahun/order_v10_good_ws/install/serving_robot/lib/serving_robot
[0.740s] Installing robotui script to /home/kimdahun/order_v10_good_ws/install/serving_robot/lib/serving_robot
[0.740s] writing list of installed files to '/home/kimdahun/order_v10_good_ws/build/serving_robot/install.log'
[0.760s] Invoked command in '/home/kimdahun/order_v10_good_ws/src/serving_robot' returned '0': LD_LIBRARY_PATH=/home/kimdahun/order_v10_good_ws/install/ros_study_msgs/lib:/home/kimdahun/turtlebot3_ws/install/turtlebot3_msgs/lib:/usr/lib/x86_64-linux-gnu/gazebo-11/plugins:/opt/ros/humble/opt/rviz_ogre_vendor/lib:/opt/ros/humble/lib/x86_64-linux-gnu:/opt/ros/humble/lib:/usr/lib/x86_64-linux-gnu/gazebo-11/plugins PYTHONPATH=/home/kimdahun/order_v10_good_ws/build/serving_robot/prefix_override:/usr/lib/python3/dist-packages/colcon_core/task/python/colcon_distutils_commands:/home/kimdahun/order_v10_good_ws/install/serving_robot/lib/python3.10/site-packages:${PYTHONPATH} /usr/bin/python3 -W ignore:setup.py install is deprecated setup.py egg_info --egg-base ../../build/serving_robot build --build-base /home/kimdahun/order_v10_good_ws/build/serving_robot/build install --record /home/kimdahun/order_v10_good_ws/build/serving_robot/install.log --single-version-externally-managed install_data
