[0.011s] Invoking command in '/home/kimdahun/order_v10_good_ws/build/ros_study_msgs': CMAKE_PREFIX_PATH=${CMAKE_PREFIX_PATH}:/home/kimdahun/order_v10_good_ws/install/serving_robot:/home/kimdahun/turtlebot3_ws/install/turtlebot3_teleop:/home/kimdahun/turtlebot3_ws/install/turtlebot3_example:/opt/ros/humble /usr/bin/cmake --build /home/kimdahun/order_v10_good_ws/build/ros_study_msgs -- -j8 -l8
[0.057s] [  2%] Built target ros_study_msgs__cpp
[0.057s] [ 12%] Built target ros_study_msgs__rosidl_generator_c
[0.071s] [ 12%] Built target ament_cmake_python_copy_ros_study_msgs
[0.087s] [ 33%] Built target ros_study_msgs__rosidl_typesupport_c
[0.087s] [ 33%] Built target ros_study_msgs__rosidl_typesupport_introspection_cpp
[0.087s] [ 48%] Built target ros_study_msgs__rosidl_typesupport_cpp
[0.087s] [ 53%] Built target ros_study_msgs__rosidl_typesupport_introspection_c
[0.087s] [ 64%] Built target ros_study_msgs__rosidl_typesupport_fastrtps_cpp
[0.087s] [ 74%] Built target ros_study_msgs__rosidl_typesupport_fastrtps_c
[0.107s] [ 74%] Built target ros_study_msgs
[0.129s] [ 76%] Built target ros_study_msgs__py
[0.153s] [ 84%] Built target ros_study_msgs__rosidl_generator_py
[0.175s] [100%] Built target ros_study_msgs__rosidl_typesupport_fastrtps_c__pyext
[0.176s] [100%] Built target ros_study_msgs__rosidl_typesupport_c__pyext
[0.176s] [100%] Built target ros_study_msgs__rosidl_typesupport_introspection_c__pyext
[0.317s] running egg_info
[0.318s] writing ros_study_msgs.egg-info/PKG-INFO
[0.318s] writing dependency_links to ros_study_msgs.egg-info/dependency_links.txt
[0.318s] writing top-level names to ros_study_msgs.egg-info/top_level.txt
[0.321s] reading manifest file 'ros_study_msgs.egg-info/SOURCES.txt'
[0.321s] writing manifest file 'ros_study_msgs.egg-info/SOURCES.txt'
[0.352s] [100%] Built target ament_cmake_python_build_ros_study_msgs_egg
[0.363s] Invoked command in '/home/kimdahun/order_v10_good_ws/build/ros_study_msgs' returned '0': CMAKE_PREFIX_PATH=${CMAKE_PREFIX_PATH}:/home/kimdahun/order_v10_good_ws/install/serving_robot:/home/kimdahun/turtlebot3_ws/install/turtlebot3_teleop:/home/kimdahun/turtlebot3_ws/install/turtlebot3_example:/opt/ros/humble /usr/bin/cmake --build /home/kimdahun/order_v10_good_ws/build/ros_study_msgs -- -j8 -l8
[0.482s] Invoking command in '/home/kimdahun/order_v10_good_ws/build/ros_study_msgs': CMAKE_PREFIX_PATH=${CMAKE_PREFIX_PATH}:/home/kimdahun/order_v10_good_ws/install/serving_robot:/home/kimdahun/turtlebot3_ws/install/turtlebot3_teleop:/home/kimdahun/turtlebot3_ws/install/turtlebot3_example:/opt/ros/humble /usr/bin/cmake --install /home/kimdahun/order_v10_good_ws/build/ros_study_msgs
[0.493s] -- Install configuration: ""
[0.493s] -- Up-to-date: /home/kimdahun/order_v10_good_ws/install/ros_study_msgs/share/ament_index/resource_index/rosidl_interfaces/ros_study_msgs
[0.494s] -- Up-to-date: /home/kimdahun/order_v10_good_ws/install/ros_study_msgs/include/ros_study_msgs/ros_study_msgs
[0.494s] -- Up-to-date: /home/kimdahun/order_v10_good_ws/install/ros_study_msgs/include/ros_study_msgs/ros_study_msgs/msg
[0.494s] -- Up-to-date: /home/kimdahun/order_v10_good_ws/install/ros_study_msgs/include/ros_study_msgs/ros_study_msgs/msg/detail
[0.494s] -- Up-to-date: /home/kimdahun/order_v10_good_ws/install/ros_study_msgs/include/ros_study_msgs/ros_study_msgs/msg/detail/move_robot__functions.h
[0.494s] -- Up-to-date: /home/kimdahun/order_v10_good_ws/install/ros_study_msgs/include/ros_study_msgs/ros_study_msgs/msg/detail/move_robot__struct.h
[0.494s] -- Up-to-date: /home/kimdahun/order_v10_good_ws/install/ros_study_msgs/include/ros_study_msgs/ros_study_msgs/msg/detail/move_robot__type_support.h
[0.494s] -- Up-to-date: /home/kimdahun/order_v10_good_ws/install/ros_study_msgs/include/ros_study_msgs/ros_study_msgs/msg/detail/move_robot__functions.c
[0.495s] -- Up-to-date: /home/kimdahun/order_v10_good_ws/install/ros_study_msgs/include/ros_study_msgs/ros_study_msgs/msg/move_robot.h
[0.495s] -- Up-to-date: /home/kimdahun/order_v10_good_ws/install/ros_study_msgs/include/ros_study_msgs/ros_study_msgs/msg/rosidl_generator_c__visibility_control.h
[0.495s] -- Up-to-date: /home/kimdahun/order_v10_good_ws/install/ros_study_msgs/include/ros_study_msgs/ros_study_msgs/srv
[0.495s] -- Up-to-date: /home/kimdahun/order_v10_good_ws/install/ros_study_msgs/include/ros_study_msgs/ros_study_msgs/srv/order_customer.h
[0.495s] -- Up-to-date: /home/kimdahun/order_v10_good_ws/install/ros_study_msgs/include/ros_study_msgs/ros_study_msgs/srv/detail
[0.495s] -- Up-to-date: /home/kimdahun/order_v10_good_ws/install/ros_study_msgs/include/ros_study_msgs/ros_study_msgs/srv/detail/order_customer__functions.h
[0.495s] -- Up-to-date: /home/kimdahun/order_v10_good_ws/install/ros_study_msgs/include/ros_study_msgs/ros_study_msgs/srv/detail/order_customer__functions.c
[0.495s] -- Up-to-date: /home/kimdahun/order_v10_good_ws/install/ros_study_msgs/include/ros_study_msgs/ros_study_msgs/srv/detail/order_customer__type_support.h
[0.496s] -- Up-to-date: /home/kimdahun/order_v10_good_ws/install/ros_study_msgs/include/ros_study_msgs/ros_study_msgs/srv/detail/order_customer__struct.h
[0.496s] -- Up-to-date: /home/kimdahun/order_v10_good_ws/install/ros_study_msgs/share/ros_study_msgs/environment/library_path.sh
[0.496s] -- Up-to-date: /home/kimdahun/order_v10_good_ws/install/ros_study_msgs/share/ros_study_msgs/environment/library_path.dsv
[0.496s] -- Up-to-date: /home/kimdahun/order_v10_good_ws/install/ros_study_msgs/lib/libros_study_msgs__rosidl_generator_c.so
[0.496s] -- Up-to-date: /home/kimdahun/order_v10_good_ws/install/ros_study_msgs/include/ros_study_msgs/ros_study_msgs
[0.496s] -- Up-to-date: /home/kimdahun/order_v10_good_ws/install/ros_study_msgs/include/ros_study_msgs/ros_study_msgs/msg
[0.496s] -- Up-to-date: /home/kimdahun/order_v10_good_ws/install/ros_study_msgs/include/ros_study_msgs/ros_study_msgs/msg/rosidl_typesupport_fastrtps_c__visibility_control.h
[0.496s] -- Up-to-date: /home/kimdahun/order_v10_good_ws/install/ros_study_msgs/include/ros_study_msgs/ros_study_msgs/msg/detail
[0.496s] -- Up-to-date: /home/kimdahun/order_v10_good_ws/install/ros_study_msgs/include/ros_study_msgs/ros_study_msgs/msg/detail/move_robot__rosidl_typesupport_fastrtps_c.h
[0.496s] -- Up-to-date: /home/kimdahun/order_v10_good_ws/install/ros_study_msgs/include/ros_study_msgs/ros_study_msgs/srv
[0.497s] -- Up-to-date: /home/kimdahun/order_v10_good_ws/install/ros_study_msgs/include/ros_study_msgs/ros_study_msgs/srv/detail
[0.497s] -- Up-to-date: /home/kimdahun/order_v10_good_ws/install/ros_study_msgs/include/ros_study_msgs/ros_study_msgs/srv/detail/order_customer__rosidl_typesupport_fastrtps_c.h
[0.497s] -- Up-to-date: /home/kimdahun/order_v10_good_ws/install/ros_study_msgs/lib/libros_study_msgs__rosidl_typesupport_fastrtps_c.so
[0.497s] -- Up-to-date: /home/kimdahun/order_v10_good_ws/install/ros_study_msgs/include/ros_study_msgs/ros_study_msgs
[0.497s] -- Up-to-date: /home/kimdahun/order_v10_good_ws/install/ros_study_msgs/include/ros_study_msgs/ros_study_msgs/msg
[0.497s] -- Up-to-date: /home/kimdahun/order_v10_good_ws/install/ros_study_msgs/include/ros_study_msgs/ros_study_msgs/msg/move_robot.hpp
[0.497s] -- Up-to-date: /home/kimdahun/order_v10_good_ws/install/ros_study_msgs/include/ros_study_msgs/ros_study_msgs/msg/detail
[0.497s] -- Up-to-date: /home/kimdahun/order_v10_good_ws/install/ros_study_msgs/include/ros_study_msgs/ros_study_msgs/msg/detail/move_robot__builder.hpp
[0.497s] -- Up-to-date: /home/kimdahun/order_v10_good_ws/install/ros_study_msgs/include/ros_study_msgs/ros_study_msgs/msg/detail/move_robot__traits.hpp
[0.497s] -- Up-to-date: /home/kimdahun/order_v10_good_ws/install/ros_study_msgs/include/ros_study_msgs/ros_study_msgs/msg/detail/move_robot__struct.hpp
[0.497s] -- Up-to-date: /home/kimdahun/order_v10_good_ws/install/ros_study_msgs/include/ros_study_msgs/ros_study_msgs/srv
[0.498s] -- Up-to-date: /home/kimdahun/order_v10_good_ws/install/ros_study_msgs/include/ros_study_msgs/ros_study_msgs/srv/detail
[0.498s] -- Up-to-date: /home/kimdahun/order_v10_good_ws/install/ros_study_msgs/include/ros_study_msgs/ros_study_msgs/srv/detail/order_customer__builder.hpp
[0.498s] -- Up-to-date: /home/kimdahun/order_v10_good_ws/install/ros_study_msgs/include/ros_study_msgs/ros_study_msgs/srv/detail/order_customer__struct.hpp
[0.498s] -- Up-to-date: /home/kimdahun/order_v10_good_ws/install/ros_study_msgs/include/ros_study_msgs/ros_study_msgs/srv/detail/order_customer__traits.hpp
[0.498s] -- Up-to-date: /home/kimdahun/order_v10_good_ws/install/ros_study_msgs/include/ros_study_msgs/ros_study_msgs/srv/order_customer.hpp
[0.498s] -- Up-to-date: /home/kimdahun/order_v10_good_ws/install/ros_study_msgs/include/ros_study_msgs/ros_study_msgs
[0.498s] -- Up-to-date: /home/kimdahun/order_v10_good_ws/install/ros_study_msgs/include/ros_study_msgs/ros_study_msgs/msg
[0.498s] -- Up-to-date: /home/kimdahun/order_v10_good_ws/install/ros_study_msgs/include/ros_study_msgs/ros_study_msgs/msg/rosidl_typesupport_fastrtps_cpp__visibility_control.h
[0.498s] -- Up-to-date: /home/kimdahun/order_v10_good_ws/install/ros_study_msgs/include/ros_study_msgs/ros_study_msgs/msg/detail
[0.498s] -- Up-to-date: /home/kimdahun/order_v10_good_ws/install/ros_study_msgs/include/ros_study_msgs/ros_study_msgs/msg/detail/move_robot__rosidl_typesupport_fastrtps_cpp.hpp
[0.498s] -- Up-to-date: /home/kimdahun/order_v10_good_ws/install/ros_study_msgs/include/ros_study_msgs/ros_study_msgs/msg/detail/dds_fastrtps
[0.499s] -- Up-to-date: /home/kimdahun/order_v10_good_ws/install/ros_study_msgs/include/ros_study_msgs/ros_study_msgs/srv
[0.499s] -- Up-to-date: /home/kimdahun/order_v10_good_ws/install/ros_study_msgs/include/ros_study_msgs/ros_study_msgs/srv/detail
[0.499s] -- Up-to-date: /home/kimdahun/order_v10_good_ws/install/ros_study_msgs/include/ros_study_msgs/ros_study_msgs/srv/detail/order_customer__rosidl_typesupport_fastrtps_cpp.hpp
[0.499s] -- Up-to-date: /home/kimdahun/order_v10_good_ws/install/ros_study_msgs/include/ros_study_msgs/ros_study_msgs/srv/detail/dds_fastrtps
[0.499s] -- Up-to-date: /home/kimdahun/order_v10_good_ws/install/ros_study_msgs/lib/libros_study_msgs__rosidl_typesupport_fastrtps_cpp.so
[0.499s] -- Up-to-date: /home/kimdahun/order_v10_good_ws/install/ros_study_msgs/include/ros_study_msgs/ros_study_msgs
[0.499s] -- Up-to-date: /home/kimdahun/order_v10_good_ws/install/ros_study_msgs/include/ros_study_msgs/ros_study_msgs/msg
[0.499s] -- Up-to-date: /home/kimdahun/order_v10_good_ws/install/ros_study_msgs/include/ros_study_msgs/ros_study_msgs/msg/rosidl_typesupport_introspection_c__visibility_control.h
[0.499s] -- Up-to-date: /home/kimdahun/order_v10_good_ws/install/ros_study_msgs/include/ros_study_msgs/ros_study_msgs/msg/detail
[0.499s] -- Up-to-date: /home/kimdahun/order_v10_good_ws/install/ros_study_msgs/include/ros_study_msgs/ros_study_msgs/msg/detail/move_robot__rosidl_typesupport_introspection_c.h
[0.499s] -- Up-to-date: /home/kimdahun/order_v10_good_ws/install/ros_study_msgs/include/ros_study_msgs/ros_study_msgs/msg/detail/move_robot__type_support.c
[0.499s] -- Up-to-date: /home/kimdahun/order_v10_good_ws/install/ros_study_msgs/include/ros_study_msgs/ros_study_msgs/srv
[0.499s] -- Up-to-date: /home/kimdahun/order_v10_good_ws/install/ros_study_msgs/include/ros_study_msgs/ros_study_msgs/srv/detail
[0.499s] -- Up-to-date: /home/kimdahun/order_v10_good_ws/install/ros_study_msgs/include/ros_study_msgs/ros_study_msgs/srv/detail/order_customer__type_support.c
[0.499s] -- Up-to-date: /home/kimdahun/order_v10_good_ws/install/ros_study_msgs/include/ros_study_msgs/ros_study_msgs/srv/detail/order_customer__rosidl_typesupport_introspection_c.h
[0.499s] -- Up-to-date: /home/kimdahun/order_v10_good_ws/install/ros_study_msgs/lib/libros_study_msgs__rosidl_typesupport_introspection_c.so
[0.499s] -- Up-to-date: /home/kimdahun/order_v10_good_ws/install/ros_study_msgs/lib/libros_study_msgs__rosidl_typesupport_c.so
[0.499s] -- Up-to-date: /home/kimdahun/order_v10_good_ws/install/ros_study_msgs/include/ros_study_msgs/ros_study_msgs
[0.500s] -- Up-to-date: /home/kimdahun/order_v10_good_ws/install/ros_study_msgs/include/ros_study_msgs/ros_study_msgs/msg
[0.500s] -- Up-to-date: /home/kimdahun/order_v10_good_ws/install/ros_study_msgs/include/ros_study_msgs/ros_study_msgs/msg/detail
[0.500s] -- Up-to-date: /home/kimdahun/order_v10_good_ws/install/ros_study_msgs/include/ros_study_msgs/ros_study_msgs/msg/detail/move_robot__type_support.cpp
[0.500s] -- Up-to-date: /home/kimdahun/order_v10_good_ws/install/ros_study_msgs/include/ros_study_msgs/ros_study_msgs/msg/detail/move_robot__rosidl_typesupport_introspection_cpp.hpp
[0.500s] -- Up-to-date: /home/kimdahun/order_v10_good_ws/install/ros_study_msgs/include/ros_study_msgs/ros_study_msgs/srv
[0.500s] -- Up-to-date: /home/kimdahun/order_v10_good_ws/install/ros_study_msgs/include/ros_study_msgs/ros_study_msgs/srv/detail
[0.500s] -- Up-to-date: /home/kimdahun/order_v10_good_ws/install/ros_study_msgs/include/ros_study_msgs/ros_study_msgs/srv/detail/order_customer__type_support.cpp
[0.500s] -- Up-to-date: /home/kimdahun/order_v10_good_ws/install/ros_study_msgs/include/ros_study_msgs/ros_study_msgs/srv/detail/order_customer__rosidl_typesupport_introspection_cpp.hpp
[0.500s] -- Up-to-date: /home/kimdahun/order_v10_good_ws/install/ros_study_msgs/lib/libros_study_msgs__rosidl_typesupport_introspection_cpp.so
[0.500s] -- Up-to-date: /home/kimdahun/order_v10_good_ws/install/ros_study_msgs/lib/libros_study_msgs__rosidl_typesupport_cpp.so
[0.500s] -- Up-to-date: /home/kimdahun/order_v10_good_ws/install/ros_study_msgs/share/ros_study_msgs/environment/pythonpath.sh
[0.500s] -- Up-to-date: /home/kimdahun/order_v10_good_ws/install/ros_study_msgs/share/ros_study_msgs/environment/pythonpath.dsv
[0.500s] -- Up-to-date: /home/kimdahun/order_v10_good_ws/install/ros_study_msgs/local/lib/python3.10/dist-packages/ros_study_msgs-0.0.0-py3.10.egg-info
[0.500s] -- Installing: /home/kimdahun/order_v10_good_ws/install/ros_study_msgs/local/lib/python3.10/dist-packages/ros_study_msgs-0.0.0-py3.10.egg-info/SOURCES.txt
[0.500s] -- Installing: /home/kimdahun/order_v10_good_ws/install/ros_study_msgs/local/lib/python3.10/dist-packages/ros_study_msgs-0.0.0-py3.10.egg-info/PKG-INFO
[0.500s] -- Installing: /home/kimdahun/order_v10_good_ws/install/ros_study_msgs/local/lib/python3.10/dist-packages/ros_study_msgs-0.0.0-py3.10.egg-info/dependency_links.txt
[0.500s] -- Installing: /home/kimdahun/order_v10_good_ws/install/ros_study_msgs/local/lib/python3.10/dist-packages/ros_study_msgs-0.0.0-py3.10.egg-info/top_level.txt
[0.500s] -- Up-to-date: /home/kimdahun/order_v10_good_ws/install/ros_study_msgs/local/lib/python3.10/dist-packages/ros_study_msgs
[0.501s] -- Up-to-date: /home/kimdahun/order_v10_good_ws/install/ros_study_msgs/local/lib/python3.10/dist-packages/ros_study_msgs/ros_study_msgs_s__rosidl_typesupport_c.cpython-310-x86_64-linux-gnu.so
[0.501s] -- Up-to-date: /home/kimdahun/order_v10_good_ws/install/ros_study_msgs/local/lib/python3.10/dist-packages/ros_study_msgs/msg
[0.501s] -- Up-to-date: /home/kimdahun/order_v10_good_ws/install/ros_study_msgs/local/lib/python3.10/dist-packages/ros_study_msgs/msg/__init__.py
[0.501s] -- Up-to-date: /home/kimdahun/order_v10_good_ws/install/ros_study_msgs/local/lib/python3.10/dist-packages/ros_study_msgs/msg/_move_robot_s.c
[0.501s] -- Up-to-date: /home/kimdahun/order_v10_good_ws/install/ros_study_msgs/local/lib/python3.10/dist-packages/ros_study_msgs/msg/_move_robot.py
[0.501s] -- Up-to-date: /home/kimdahun/order_v10_good_ws/install/ros_study_msgs/local/lib/python3.10/dist-packages/ros_study_msgs/_ros_study_msgs_s.ep.rosidl_typesupport_introspection_c.c
[0.501s] -- Up-to-date: /home/kimdahun/order_v10_good_ws/install/ros_study_msgs/local/lib/python3.10/dist-packages/ros_study_msgs/__init__.py
[0.501s] -- Up-to-date: /home/kimdahun/order_v10_good_ws/install/ros_study_msgs/local/lib/python3.10/dist-packages/ros_study_msgs/libros_study_msgs__rosidl_generator_py.so
[0.501s] -- Up-to-date: /home/kimdahun/order_v10_good_ws/install/ros_study_msgs/local/lib/python3.10/dist-packages/ros_study_msgs/_ros_study_msgs_s.ep.rosidl_typesupport_c.c
[0.501s] -- Up-to-date: /home/kimdahun/order_v10_good_ws/install/ros_study_msgs/local/lib/python3.10/dist-packages/ros_study_msgs/ros_study_msgs_s__rosidl_typesupport_introspection_c.cpython-310-x86_64-linux-gnu.so
[0.501s] -- Up-to-date: /home/kimdahun/order_v10_good_ws/install/ros_study_msgs/local/lib/python3.10/dist-packages/ros_study_msgs/ros_study_msgs_s__rosidl_typesupport_fastrtps_c.cpython-310-x86_64-linux-gnu.so
[0.501s] -- Up-to-date: /home/kimdahun/order_v10_good_ws/install/ros_study_msgs/local/lib/python3.10/dist-packages/ros_study_msgs/_ros_study_msgs_s.ep.rosidl_typesupport_fastrtps_c.c
[0.501s] -- Up-to-date: /home/kimdahun/order_v10_good_ws/install/ros_study_msgs/local/lib/python3.10/dist-packages/ros_study_msgs/srv
[0.501s] -- Up-to-date: /home/kimdahun/order_v10_good_ws/install/ros_study_msgs/local/lib/python3.10/dist-packages/ros_study_msgs/srv/_order_customer_s.c
[0.501s] -- Up-to-date: /home/kimdahun/order_v10_good_ws/install/ros_study_msgs/local/lib/python3.10/dist-packages/ros_study_msgs/srv/__init__.py
[0.501s] -- Up-to-date: /home/kimdahun/order_v10_good_ws/install/ros_study_msgs/local/lib/python3.10/dist-packages/ros_study_msgs/srv/_order_customer.py
[0.528s] Listing '/home/kimdahun/order_v10_good_ws/install/ros_study_msgs/local/lib/python3.10/dist-packages/ros_study_msgs'...
[0.528s] Listing '/home/kimdahun/order_v10_good_ws/install/ros_study_msgs/local/lib/python3.10/dist-packages/ros_study_msgs/msg'...
[0.528s] Listing '/home/kimdahun/order_v10_good_ws/install/ros_study_msgs/local/lib/python3.10/dist-packages/ros_study_msgs/srv'...
[0.533s] -- Up-to-date: /home/kimdahun/order_v10_good_ws/install/ros_study_msgs/local/lib/python3.10/dist-packages/ros_study_msgs/ros_study_msgs_s__rosidl_typesupport_fastrtps_c.cpython-310-x86_64-linux-gnu.so
[0.534s] -- Up-to-date: /home/kimdahun/order_v10_good_ws/install/ros_study_msgs/local/lib/python3.10/dist-packages/ros_study_msgs/ros_study_msgs_s__rosidl_typesupport_introspection_c.cpython-310-x86_64-linux-gnu.so
[0.534s] -- Up-to-date: /home/kimdahun/order_v10_good_ws/install/ros_study_msgs/local/lib/python3.10/dist-packages/ros_study_msgs/ros_study_msgs_s__rosidl_typesupport_c.cpython-310-x86_64-linux-gnu.so
[0.534s] -- Up-to-date: /home/kimdahun/order_v10_good_ws/install/ros_study_msgs/lib/libros_study_msgs__rosidl_generator_py.so
[0.534s] -- Up-to-date: /home/kimdahun/order_v10_good_ws/install/ros_study_msgs/share/ros_study_msgs/srv/OrderCustomer.idl
[0.534s] -- Up-to-date: /home/kimdahun/order_v10_good_ws/install/ros_study_msgs/share/ros_study_msgs/msg/MoveRobot.idl
[0.534s] -- Up-to-date: /home/kimdahun/order_v10_good_ws/install/ros_study_msgs/share/ros_study_msgs/srv/OrderCustomer.srv
[0.535s] -- Up-to-date: /home/kimdahun/order_v10_good_ws/install/ros_study_msgs/share/ros_study_msgs/srv/OrderCustomer_Request.msg
[0.535s] -- Up-to-date: /home/kimdahun/order_v10_good_ws/install/ros_study_msgs/share/ros_study_msgs/srv/OrderCustomer_Response.msg
[0.535s] -- Up-to-date: /home/kimdahun/order_v10_good_ws/install/ros_study_msgs/share/ros_study_msgs/msg/MoveRobot.msg
[0.535s] -- Up-to-date: /home/kimdahun/order_v10_good_ws/install/ros_study_msgs/share/ament_index/resource_index/package_run_dependencies/ros_study_msgs
[0.535s] -- Up-to-date: /home/kimdahun/order_v10_good_ws/install/ros_study_msgs/share/ament_index/resource_index/parent_prefix_path/ros_study_msgs
[0.535s] -- Up-to-date: /home/kimdahun/order_v10_good_ws/install/ros_study_msgs/share/ros_study_msgs/environment/ament_prefix_path.sh
[0.535s] -- Up-to-date: /home/kimdahun/order_v10_good_ws/install/ros_study_msgs/share/ros_study_msgs/environment/ament_prefix_path.dsv
[0.535s] -- Up-to-date: /home/kimdahun/order_v10_good_ws/install/ros_study_msgs/share/ros_study_msgs/environment/path.sh
[0.535s] -- Up-to-date: /home/kimdahun/order_v10_good_ws/install/ros_study_msgs/share/ros_study_msgs/environment/path.dsv
[0.536s] -- Up-to-date: /home/kimdahun/order_v10_good_ws/install/ros_study_msgs/share/ros_study_msgs/local_setup.bash
[0.536s] -- Up-to-date: /home/kimdahun/order_v10_good_ws/install/ros_study_msgs/share/ros_study_msgs/local_setup.sh
[0.536s] -- Up-to-date: /home/kimdahun/order_v10_good_ws/install/ros_study_msgs/share/ros_study_msgs/local_setup.zsh
[0.536s] -- Up-to-date: /home/kimdahun/order_v10_good_ws/install/ros_study_msgs/share/ros_study_msgs/local_setup.dsv
[0.536s] -- Installing: /home/kimdahun/order_v10_good_ws/install/ros_study_msgs/share/ros_study_msgs/package.dsv
[0.536s] -- Up-to-date: /home/kimdahun/order_v10_good_ws/install/ros_study_msgs/share/ament_index/resource_index/packages/ros_study_msgs
[0.536s] -- Up-to-date: /home/kimdahun/order_v10_good_ws/install/ros_study_msgs/share/ros_study_msgs/cmake/export_ros_study_msgs__rosidl_generator_cExport.cmake
[0.536s] -- Up-to-date: /home/kimdahun/order_v10_good_ws/install/ros_study_msgs/share/ros_study_msgs/cmake/export_ros_study_msgs__rosidl_generator_cExport-noconfig.cmake
[0.536s] -- Up-to-date: /home/kimdahun/order_v10_good_ws/install/ros_study_msgs/share/ros_study_msgs/cmake/export_ros_study_msgs__rosidl_typesupport_fastrtps_cExport.cmake
[0.536s] -- Up-to-date: /home/kimdahun/order_v10_good_ws/install/ros_study_msgs/share/ros_study_msgs/cmake/export_ros_study_msgs__rosidl_typesupport_fastrtps_cExport-noconfig.cmake
[0.537s] -- Up-to-date: /home/kimdahun/order_v10_good_ws/install/ros_study_msgs/share/ros_study_msgs/cmake/export_ros_study_msgs__rosidl_generator_cppExport.cmake
[0.537s] -- Up-to-date: /home/kimdahun/order_v10_good_ws/install/ros_study_msgs/share/ros_study_msgs/cmake/export_ros_study_msgs__rosidl_typesupport_fastrtps_cppExport.cmake
[0.537s] -- Up-to-date: /home/kimdahun/order_v10_good_ws/install/ros_study_msgs/share/ros_study_msgs/cmake/export_ros_study_msgs__rosidl_typesupport_fastrtps_cppExport-noconfig.cmake
[0.537s] -- Up-to-date: /home/kimdahun/order_v10_good_ws/install/ros_study_msgs/share/ros_study_msgs/cmake/ros_study_msgs__rosidl_typesupport_introspection_cExport.cmake
[0.537s] -- Up-to-date: /home/kimdahun/order_v10_good_ws/install/ros_study_msgs/share/ros_study_msgs/cmake/ros_study_msgs__rosidl_typesupport_introspection_cExport-noconfig.cmake
[0.537s] -- Up-to-date: /home/kimdahun/order_v10_good_ws/install/ros_study_msgs/share/ros_study_msgs/cmake/ros_study_msgs__rosidl_typesupport_cExport.cmake
[0.537s] -- Up-to-date: /home/kimdahun/order_v10_good_ws/install/ros_study_msgs/share/ros_study_msgs/cmake/ros_study_msgs__rosidl_typesupport_cExport-noconfig.cmake
[0.537s] -- Up-to-date: /home/kimdahun/order_v10_good_ws/install/ros_study_msgs/share/ros_study_msgs/cmake/ros_study_msgs__rosidl_typesupport_introspection_cppExport.cmake
[0.537s] -- Up-to-date: /home/kimdahun/order_v10_good_ws/install/ros_study_msgs/share/ros_study_msgs/cmake/ros_study_msgs__rosidl_typesupport_introspection_cppExport-noconfig.cmake
[0.537s] -- Up-to-date: /home/kimdahun/order_v10_good_ws/install/ros_study_msgs/share/ros_study_msgs/cmake/ros_study_msgs__rosidl_typesupport_cppExport.cmake
[0.537s] -- Up-to-date: /home/kimdahun/order_v10_good_ws/install/ros_study_msgs/share/ros_study_msgs/cmake/ros_study_msgs__rosidl_typesupport_cppExport-noconfig.cmake
[0.538s] -- Up-to-date: /home/kimdahun/order_v10_good_ws/install/ros_study_msgs/share/ros_study_msgs/cmake/export_ros_study_msgs__rosidl_generator_pyExport.cmake
[0.538s] -- Up-to-date: /home/kimdahun/order_v10_good_ws/install/ros_study_msgs/share/ros_study_msgs/cmake/export_ros_study_msgs__rosidl_generator_pyExport-noconfig.cmake
[0.538s] -- Up-to-date: /home/kimdahun/order_v10_good_ws/install/ros_study_msgs/share/ros_study_msgs/cmake/rosidl_cmake-extras.cmake
[0.538s] -- Up-to-date: /home/kimdahun/order_v10_good_ws/install/ros_study_msgs/share/ros_study_msgs/cmake/ament_cmake_export_dependencies-extras.cmake
[0.538s] -- Up-to-date: /home/kimdahun/order_v10_good_ws/install/ros_study_msgs/share/ros_study_msgs/cmake/ament_cmake_export_include_directories-extras.cmake
[0.538s] -- Up-to-date: /home/kimdahun/order_v10_good_ws/install/ros_study_msgs/share/ros_study_msgs/cmake/ament_cmake_export_libraries-extras.cmake
[0.538s] -- Up-to-date: /home/kimdahun/order_v10_good_ws/install/ros_study_msgs/share/ros_study_msgs/cmake/ament_cmake_export_targets-extras.cmake
[0.538s] -- Up-to-date: /home/kimdahun/order_v10_good_ws/install/ros_study_msgs/share/ros_study_msgs/cmake/rosidl_cmake_export_typesupport_targets-extras.cmake
[0.539s] -- Up-to-date: /home/kimdahun/order_v10_good_ws/install/ros_study_msgs/share/ros_study_msgs/cmake/rosidl_cmake_export_typesupport_libraries-extras.cmake
[0.539s] -- Up-to-date: /home/kimdahun/order_v10_good_ws/install/ros_study_msgs/share/ros_study_msgs/cmake/ros_study_msgsConfig.cmake
[0.539s] -- Up-to-date: /home/kimdahun/order_v10_good_ws/install/ros_study_msgs/share/ros_study_msgs/cmake/ros_study_msgsConfig-version.cmake
[0.540s] -- Up-to-date: /home/kimdahun/order_v10_good_ws/install/ros_study_msgs/share/ros_study_msgs/package.xml
[0.540s] Invoked command in '/home/kimdahun/order_v10_good_ws/build/ros_study_msgs' returned '0': CMAKE_PREFIX_PATH=${CMAKE_PREFIX_PATH}:/home/kimdahun/order_v10_good_ws/install/serving_robot:/home/kimdahun/turtlebot3_ws/install/turtlebot3_teleop:/home/kimdahun/turtlebot3_ws/install/turtlebot3_example:/opt/ros/humble /usr/bin/cmake --install /home/kimdahun/order_v10_good_ws/build/ros_study_msgs
