[0.291s] DEBUG:colcon:Command line arguments: ['/usr/bin/colcon', 'build']
[0.292s] DEBUG:colcon:Parsed command line arguments: Namespace(log_base=None, log_level=None, verb_name='build', build_base='build', install_base='install', merge_install=False, symlink_install=False, test_result_base=None, continue_on_error=False, executor='parallel', parallel_workers=8, event_handlers=None, ignore_user_meta=False, metas=['./colcon.meta'], base_paths=['.'], packages_ignore=None, packages_ignore_regex=None, paths=None, packages_up_to=None, packages_up_to_regex=None, packages_above=None, packages_above_and_dependencies=None, packages_above_depth=None, packages_select_by_dep=None, packages_skip_by_dep=None, packages_skip_up_to=None, packages_select_build_failed=False, packages_skip_build_finished=False, packages_select_test_failures=False, packages_skip_test_passed=False, packages_select=None, packages_skip=None, packages_select_regex=None, packages_skip_regex=None, packages_start=None, packages_end=None, allow_overriding=[], cmake_args=None, cmake_target=None, cmake_target_skip_unavailable=False, cmake_clean_cache=False, cmake_clean_first=False, cmake_force_configure=False, ament_cmake_args=None, catkin_cmake_args=None, catkin_skip_building_tests=False, verb_parser=<colcon_defaults.argument_parser.defaults.DefaultArgumentsDecorator object at 0x79507ec47e50>, verb_extension=<colcon_core.verb.build.BuildVerb object at 0x79507ec47940>, main=<bound method BuildVerb.main of <colcon_core.verb.build.BuildVerb object at 0x79507ec47940>>)
[0.910s] Level 1:colcon.colcon_core.package_discovery:discover_packages(colcon_meta) check parameters
[0.911s] Level 1:colcon.colcon_core.package_discovery:discover_packages(recursive) check parameters
[0.911s] Level 1:colcon.colcon_core.package_discovery:discover_packages(ignore) check parameters
[0.911s] Level 1:colcon.colcon_core.package_discovery:discover_packages(path) check parameters
[0.911s] Level 1:colcon.colcon_core.package_discovery:discover_packages(colcon_meta) discover
[0.911s] Level 1:colcon.colcon_core.package_discovery:discover_packages(recursive) discover
[0.911s] INFO:colcon.colcon_core.package_discovery:Crawling recursively for packages in '/home/kimdahun/order_v10_good_ws'
[0.911s] Level 1:colcon.colcon_core.package_identification:_identify(.) by extensions ['ignore', 'ignore_ament_install']
[0.911s] Level 1:colcon.colcon_core.package_identification:_identify(.) by extension 'ignore'
[0.912s] Level 1:colcon.colcon_core.package_identification:_identify(.) by extension 'ignore_ament_install'
[0.912s] Level 1:colcon.colcon_core.package_identification:_identify(.) by extensions ['colcon_pkg']
[0.912s] Level 1:colcon.colcon_core.package_identification:_identify(.) by extension 'colcon_pkg'
[0.912s] Level 1:colcon.colcon_core.package_identification:_identify(.) by extensions ['colcon_meta']
[0.912s] Level 1:colcon.colcon_core.package_identification:_identify(.) by extension 'colcon_meta'
[0.912s] Level 1:colcon.colcon_core.package_identification:_identify(.) by extensions ['ros']
[0.912s] Level 1:colcon.colcon_core.package_identification:_identify(.) by extension 'ros'
[0.935s] Level 1:colcon.colcon_core.package_identification:_identify(.) by extensions ['cmake', 'python']
[0.935s] Level 1:colcon.colcon_core.package_identification:_identify(.) by extension 'cmake'
[0.935s] Level 1:colcon.colcon_core.package_identification:_identify(.) by extension 'python'
[0.935s] Level 1:colcon.colcon_core.package_identification:_identify(.) by extensions ['python_setup_py']
[0.935s] Level 1:colcon.colcon_core.package_identification:_identify(.) by extension 'python_setup_py'
[0.935s] Level 1:colcon.colcon_core.package_identification:_identify(build) by extensions ['ignore', 'ignore_ament_install']
[0.935s] Level 1:colcon.colcon_core.package_identification:_identify(build) by extension 'ignore'
[0.936s] Level 1:colcon.colcon_core.package_identification:_identify(build) ignored
[0.936s] Level 1:colcon.colcon_core.package_identification:_identify(install) by extensions ['ignore', 'ignore_ament_install']
[0.936s] Level 1:colcon.colcon_core.package_identification:_identify(install) by extension 'ignore'
[0.936s] Level 1:colcon.colcon_core.package_identification:_identify(install) ignored
[0.936s] Level 1:colcon.colcon_core.package_identification:_identify(log) by extensions ['ignore', 'ignore_ament_install']
[0.936s] Level 1:colcon.colcon_core.package_identification:_identify(log) by extension 'ignore'
[0.936s] Level 1:colcon.colcon_core.package_identification:_identify(log) ignored
[0.937s] Level 1:colcon.colcon_core.package_identification:_identify(menuimg) by extensions ['ignore', 'ignore_ament_install']
[0.937s] Level 1:colcon.colcon_core.package_identification:_identify(menuimg) by extension 'ignore'
[0.937s] Level 1:colcon.colcon_core.package_identification:_identify(menuimg) by extension 'ignore_ament_install'
[0.937s] Level 1:colcon.colcon_core.package_identification:_identify(menuimg) by extensions ['colcon_pkg']
[0.937s] Level 1:colcon.colcon_core.package_identification:_identify(menuimg) by extension 'colcon_pkg'
[0.937s] Level 1:colcon.colcon_core.package_identification:_identify(menuimg) by extensions ['colcon_meta']
[0.937s] Level 1:colcon.colcon_core.package_identification:_identify(menuimg) by extension 'colcon_meta'
[0.937s] Level 1:colcon.colcon_core.package_identification:_identify(menuimg) by extensions ['ros']
[0.937s] Level 1:colcon.colcon_core.package_identification:_identify(menuimg) by extension 'ros'
[0.937s] Level 1:colcon.colcon_core.package_identification:_identify(menuimg) by extensions ['cmake', 'python']
[0.938s] Level 1:colcon.colcon_core.package_identification:_identify(menuimg) by extension 'cmake'
[0.938s] Level 1:colcon.colcon_core.package_identification:_identify(menuimg) by extension 'python'
[0.938s] Level 1:colcon.colcon_core.package_identification:_identify(menuimg) by extensions ['python_setup_py']
[0.938s] Level 1:colcon.colcon_core.package_identification:_identify(menuimg) by extension 'python_setup_py'
[0.938s] Level 1:colcon.colcon_core.package_identification:_identify(src) by extensions ['ignore', 'ignore_ament_install']
[0.938s] Level 1:colcon.colcon_core.package_identification:_identify(src) by extension 'ignore'
[0.938s] Level 1:colcon.colcon_core.package_identification:_identify(src) by extension 'ignore_ament_install'
[0.938s] Level 1:colcon.colcon_core.package_identification:_identify(src) by extensions ['colcon_pkg']
[0.938s] Level 1:colcon.colcon_core.package_identification:_identify(src) by extension 'colcon_pkg'
[0.938s] Level 1:colcon.colcon_core.package_identification:_identify(src) by extensions ['colcon_meta']
[0.938s] Level 1:colcon.colcon_core.package_identification:_identify(src) by extension 'colcon_meta'
[0.939s] Level 1:colcon.colcon_core.package_identification:_identify(src) by extensions ['ros']
[0.939s] Level 1:colcon.colcon_core.package_identification:_identify(src) by extension 'ros'
[0.939s] Level 1:colcon.colcon_core.package_identification:_identify(src) by extensions ['cmake', 'python']
[0.939s] Level 1:colcon.colcon_core.package_identification:_identify(src) by extension 'cmake'
[0.939s] Level 1:colcon.colcon_core.package_identification:_identify(src) by extension 'python'
[0.939s] Level 1:colcon.colcon_core.package_identification:_identify(src) by extensions ['python_setup_py']
[0.939s] Level 1:colcon.colcon_core.package_identification:_identify(src) by extension 'python_setup_py'
[0.939s] Level 1:colcon.colcon_core.package_identification:_identify(src/ros_study_msgs) by extensions ['ignore', 'ignore_ament_install']
[0.939s] Level 1:colcon.colcon_core.package_identification:_identify(src/ros_study_msgs) by extension 'ignore'
[0.939s] Level 1:colcon.colcon_core.package_identification:_identify(src/ros_study_msgs) by extension 'ignore_ament_install'
[0.940s] Level 1:colcon.colcon_core.package_identification:_identify(src/ros_study_msgs) by extensions ['colcon_pkg']
[0.940s] Level 1:colcon.colcon_core.package_identification:_identify(src/ros_study_msgs) by extension 'colcon_pkg'
[0.940s] Level 1:colcon.colcon_core.package_identification:_identify(src/ros_study_msgs) by extensions ['colcon_meta']
[0.940s] Level 1:colcon.colcon_core.package_identification:_identify(src/ros_study_msgs) by extension 'colcon_meta'
[0.940s] Level 1:colcon.colcon_core.package_identification:_identify(src/ros_study_msgs) by extensions ['ros']
[0.940s] Level 1:colcon.colcon_core.package_identification:_identify(src/ros_study_msgs) by extension 'ros'
[0.945s] DEBUG:colcon.colcon_core.package_identification:Package 'src/ros_study_msgs' with type 'ros.ament_cmake' and name 'ros_study_msgs'
[0.946s] Level 1:colcon.colcon_core.package_identification:_identify(src/serving_robot) by extensions ['ignore', 'ignore_ament_install']
[0.946s] Level 1:colcon.colcon_core.package_identification:_identify(src/serving_robot) by extension 'ignore'
[0.946s] Level 1:colcon.colcon_core.package_identification:_identify(src/serving_robot) by extension 'ignore_ament_install'
[0.946s] Level 1:colcon.colcon_core.package_identification:_identify(src/serving_robot) by extensions ['colcon_pkg']
[0.946s] Level 1:colcon.colcon_core.package_identification:_identify(src/serving_robot) by extension 'colcon_pkg'
[0.946s] Level 1:colcon.colcon_core.package_identification:_identify(src/serving_robot) by extensions ['colcon_meta']
[0.946s] Level 1:colcon.colcon_core.package_identification:_identify(src/serving_robot) by extension 'colcon_meta'
[0.946s] Level 1:colcon.colcon_core.package_identification:_identify(src/serving_robot) by extensions ['ros']
[0.946s] Level 1:colcon.colcon_core.package_identification:_identify(src/serving_robot) by extension 'ros'
[0.948s] DEBUG:colcon.colcon_core.package_identification:Package 'src/serving_robot' with type 'ros.ament_python' and name 'serving_robot'
[0.948s] Level 1:colcon.colcon_core.package_discovery:discover_packages(recursive) using defaults
[0.948s] Level 1:colcon.colcon_core.package_discovery:discover_packages(ignore) discover
[0.948s] Level 1:colcon.colcon_core.package_discovery:discover_packages(ignore) using defaults
[0.948s] Level 1:colcon.colcon_core.package_discovery:discover_packages(path) discover
[0.948s] Level 1:colcon.colcon_core.package_discovery:discover_packages(path) using defaults
[0.995s] Level 1:colcon.colcon_core.package_discovery:discover_packages(prefix_path) check parameters
[0.995s] Level 1:colcon.colcon_core.package_discovery:discover_packages(prefix_path) discover
[1.000s] DEBUG:colcon.colcon_installed_package_information.package_discovery:Found 12 installed packages in /home/kimdahun/turtlebot3_ws/install
[1.005s] DEBUG:colcon.colcon_installed_package_information.package_discovery:Found 374 installed packages in /opt/ros/humble
[1.010s] Level 1:colcon.colcon_core.package_discovery:discover_packages(prefix_path) using defaults
[1.117s] Level 5:colcon.colcon_core.verb:set package 'ros_study_msgs' build argument 'cmake_args' from command line to 'None'
[1.117s] Level 5:colcon.colcon_core.verb:set package 'ros_study_msgs' build argument 'cmake_target' from command line to 'None'
[1.117s] Level 5:colcon.colcon_core.verb:set package 'ros_study_msgs' build argument 'cmake_target_skip_unavailable' from command line to 'False'
[1.117s] Level 5:colcon.colcon_core.verb:set package 'ros_study_msgs' build argument 'cmake_clean_cache' from command line to 'False'
[1.117s] Level 5:colcon.colcon_core.verb:set package 'ros_study_msgs' build argument 'cmake_clean_first' from command line to 'False'
[1.117s] Level 5:colcon.colcon_core.verb:set package 'ros_study_msgs' build argument 'cmake_force_configure' from command line to 'False'
[1.117s] Level 5:colcon.colcon_core.verb:set package 'ros_study_msgs' build argument 'ament_cmake_args' from command line to 'None'
[1.118s] Level 5:colcon.colcon_core.verb:set package 'ros_study_msgs' build argument 'catkin_cmake_args' from command line to 'None'
[1.118s] Level 5:colcon.colcon_core.verb:set package 'ros_study_msgs' build argument 'catkin_skip_building_tests' from command line to 'False'
[1.118s] DEBUG:colcon.colcon_core.verb:Building package 'ros_study_msgs' with the following arguments: {'ament_cmake_args': None, 'build_base': '/home/kimdahun/order_v10_good_ws/build/ros_study_msgs', 'catkin_cmake_args': None, 'catkin_skip_building_tests': False, 'cmake_args': None, 'cmake_clean_cache': False, 'cmake_clean_first': False, 'cmake_force_configure': False, 'cmake_target': None, 'cmake_target_skip_unavailable': False, 'install_base': '/home/kimdahun/order_v10_good_ws/install/ros_study_msgs', 'merge_install': False, 'path': '/home/kimdahun/order_v10_good_ws/src/ros_study_msgs', 'symlink_install': False, 'test_result_base': None}
[1.118s] Level 5:colcon.colcon_core.verb:set package 'serving_robot' build argument 'cmake_args' from command line to 'None'
[1.119s] Level 5:colcon.colcon_core.verb:set package 'serving_robot' build argument 'cmake_target' from command line to 'None'
[1.119s] Level 5:colcon.colcon_core.verb:set package 'serving_robot' build argument 'cmake_target_skip_unavailable' from command line to 'False'
[1.119s] Level 5:colcon.colcon_core.verb:set package 'serving_robot' build argument 'cmake_clean_cache' from command line to 'False'
[1.119s] Level 5:colcon.colcon_core.verb:set package 'serving_robot' build argument 'cmake_clean_first' from command line to 'False'
[1.119s] Level 5:colcon.colcon_core.verb:set package 'serving_robot' build argument 'cmake_force_configure' from command line to 'False'
[1.119s] Level 5:colcon.colcon_core.verb:set package 'serving_robot' build argument 'ament_cmake_args' from command line to 'None'
[1.119s] Level 5:colcon.colcon_core.verb:set package 'serving_robot' build argument 'catkin_cmake_args' from command line to 'None'
[1.119s] Level 5:colcon.colcon_core.verb:set package 'serving_robot' build argument 'catkin_skip_building_tests' from command line to 'False'
[1.119s] DEBUG:colcon.colcon_core.verb:Building package 'serving_robot' with the following arguments: {'ament_cmake_args': None, 'build_base': '/home/kimdahun/order_v10_good_ws/build/serving_robot', 'catkin_cmake_args': None, 'catkin_skip_building_tests': False, 'cmake_args': None, 'cmake_clean_cache': False, 'cmake_clean_first': False, 'cmake_force_configure': False, 'cmake_target': None, 'cmake_target_skip_unavailable': False, 'install_base': '/home/kimdahun/order_v10_good_ws/install/serving_robot', 'merge_install': False, 'path': '/home/kimdahun/order_v10_good_ws/src/serving_robot', 'symlink_install': False, 'test_result_base': None}
[1.119s] INFO:colcon.colcon_core.executor:Executing jobs using 'parallel' executor
[1.121s] DEBUG:colcon.colcon_parallel_executor.executor.parallel:run_until_complete
[1.122s] INFO:colcon.colcon_ros.task.ament_cmake.build:Building ROS package in '/home/kimdahun/order_v10_good_ws/src/ros_study_msgs' with build type 'ament_cmake'
[1.122s] INFO:colcon.colcon_cmake.task.cmake.build:Building CMake package in '/home/kimdahun/order_v10_good_ws/src/ros_study_msgs'
[1.126s] INFO:colcon.colcon_core.plugin_system:Skipping extension 'colcon_core.shell.bat': Not used on non-Windows systems
[1.127s] INFO:colcon.colcon_core.shell:Skip shell extension 'powershell' for command environment: Not usable outside of PowerShell
[1.127s] DEBUG:colcon.colcon_core.shell:Skip shell extension 'dsv' for command environment
[1.149s] DEBUG:colcon.colcon_core.event_handler.log_command:Invoking command in '/home/kimdahun/order_v10_good_ws/build/ros_study_msgs': CMAKE_PREFIX_PATH=${CMAKE_PREFIX_PATH}:/home/kimdahun/turtlebot3_ws/install/turtlebot3_teleop:/home/kimdahun/turtlebot3_ws/install/turtlebot3_example:/opt/ros/humble /usr/bin/cmake /home/kimdahun/order_v10_good_ws/src/ros_study_msgs -DCMAKE_INSTALL_PREFIX=/home/kimdahun/order_v10_good_ws/install/ros_study_msgs
[5.533s] DEBUG:colcon.colcon_core.event_handler.log_command:Invoked command in '/home/kimdahun/order_v10_good_ws/build/ros_study_msgs' returned '0': CMAKE_PREFIX_PATH=${CMAKE_PREFIX_PATH}:/home/kimdahun/turtlebot3_ws/install/turtlebot3_teleop:/home/kimdahun/turtlebot3_ws/install/turtlebot3_example:/opt/ros/humble /usr/bin/cmake /home/kimdahun/order_v10_good_ws/src/ros_study_msgs -DCMAKE_INSTALL_PREFIX=/home/kimdahun/order_v10_good_ws/install/ros_study_msgs
[5.537s] DEBUG:colcon.colcon_core.event_handler.log_command:Invoking command in '/home/kimdahun/order_v10_good_ws/build/ros_study_msgs': CMAKE_PREFIX_PATH=${CMAKE_PREFIX_PATH}:/home/kimdahun/turtlebot3_ws/install/turtlebot3_teleop:/home/kimdahun/turtlebot3_ws/install/turtlebot3_example:/opt/ros/humble /usr/bin/cmake --build /home/kimdahun/order_v10_good_ws/build/ros_study_msgs -- -j8 -l8
[12.179s] DEBUG:colcon.colcon_core.event_handler.log_command:Invoked command in '/home/kimdahun/order_v10_good_ws/build/ros_study_msgs' returned '0': CMAKE_PREFIX_PATH=${CMAKE_PREFIX_PATH}:/home/kimdahun/turtlebot3_ws/install/turtlebot3_teleop:/home/kimdahun/turtlebot3_ws/install/turtlebot3_example:/opt/ros/humble /usr/bin/cmake --build /home/kimdahun/order_v10_good_ws/build/ros_study_msgs -- -j8 -l8
[12.387s] DEBUG:colcon.colcon_core.event_handler.log_command:Invoking command in '/home/kimdahun/order_v10_good_ws/build/ros_study_msgs': CMAKE_PREFIX_PATH=${CMAKE_PREFIX_PATH}:/home/kimdahun/turtlebot3_ws/install/turtlebot3_teleop:/home/kimdahun/turtlebot3_ws/install/turtlebot3_example:/opt/ros/humble /usr/bin/cmake --install /home/kimdahun/order_v10_good_ws/build/ros_study_msgs
[12.566s] Level 1:colcon.colcon_core.environment:create_environment_scripts_only(ros_study_msgs)
[12.568s] DEBUG:colcon.colcon_core.event_handler.log_command:Invoked command in '/home/kimdahun/order_v10_good_ws/build/ros_study_msgs' returned '0': CMAKE_PREFIX_PATH=${CMAKE_PREFIX_PATH}:/home/kimdahun/turtlebot3_ws/install/turtlebot3_teleop:/home/kimdahun/turtlebot3_ws/install/turtlebot3_example:/opt/ros/humble /usr/bin/cmake --install /home/kimdahun/order_v10_good_ws/build/ros_study_msgs
[12.573s] Level 1:colcon.colcon_core.environment:checking '/home/kimdahun/order_v10_good_ws/install/ros_study_msgs' for CMake module files
[12.574s] Level 1:colcon.colcon_core.environment:checking '/home/kimdahun/order_v10_good_ws/install/ros_study_msgs' for CMake config files
[12.575s] Level 1:colcon.colcon_core.shell:create_environment_hook('ros_study_msgs', 'cmake_prefix_path')
[12.576s] INFO:colcon.colcon_core.shell:Creating environment hook '/home/kimdahun/order_v10_good_ws/install/ros_study_msgs/share/ros_study_msgs/hook/cmake_prefix_path.ps1'
[12.578s] INFO:colcon.colcon_core.shell:Creating environment descriptor '/home/kimdahun/order_v10_good_ws/install/ros_study_msgs/share/ros_study_msgs/hook/cmake_prefix_path.dsv'
[12.579s] INFO:colcon.colcon_core.shell:Creating environment hook '/home/kimdahun/order_v10_good_ws/install/ros_study_msgs/share/ros_study_msgs/hook/cmake_prefix_path.sh'
[12.581s] Level 1:colcon.colcon_core.environment:checking '/home/kimdahun/order_v10_good_ws/install/ros_study_msgs/lib'
[12.582s] Level 1:colcon.colcon_core.shell:create_environment_hook('ros_study_msgs', 'ld_library_path_lib')
[12.582s] INFO:colcon.colcon_core.shell:Creating environment hook '/home/kimdahun/order_v10_good_ws/install/ros_study_msgs/share/ros_study_msgs/hook/ld_library_path_lib.ps1'
[12.583s] INFO:colcon.colcon_core.shell:Creating environment descriptor '/home/kimdahun/order_v10_good_ws/install/ros_study_msgs/share/ros_study_msgs/hook/ld_library_path_lib.dsv'
[12.584s] INFO:colcon.colcon_core.shell:Creating environment hook '/home/kimdahun/order_v10_good_ws/install/ros_study_msgs/share/ros_study_msgs/hook/ld_library_path_lib.sh'
[12.585s] Level 1:colcon.colcon_core.environment:checking '/home/kimdahun/order_v10_good_ws/install/ros_study_msgs/bin'
[12.585s] Level 1:colcon.colcon_core.environment:checking '/home/kimdahun/order_v10_good_ws/install/ros_study_msgs/lib/pkgconfig/ros_study_msgs.pc'
[12.586s] Level 1:colcon.colcon_core.environment:checking '/home/kimdahun/order_v10_good_ws/install/ros_study_msgs/lib/python3.10/site-packages'
[12.586s] Level 1:colcon.colcon_core.environment:checking '/home/kimdahun/order_v10_good_ws/install/ros_study_msgs/bin'
[12.587s] INFO:colcon.colcon_core.shell:Creating package script '/home/kimdahun/order_v10_good_ws/install/ros_study_msgs/share/ros_study_msgs/package.ps1'
[12.589s] INFO:colcon.colcon_core.shell:Creating package descriptor '/home/kimdahun/order_v10_good_ws/install/ros_study_msgs/share/ros_study_msgs/package.dsv'
[12.591s] INFO:colcon.colcon_core.shell:Creating package script '/home/kimdahun/order_v10_good_ws/install/ros_study_msgs/share/ros_study_msgs/package.sh'
[12.592s] INFO:colcon.colcon_core.shell:Creating package script '/home/kimdahun/order_v10_good_ws/install/ros_study_msgs/share/ros_study_msgs/package.bash'
[12.594s] INFO:colcon.colcon_core.shell:Creating package script '/home/kimdahun/order_v10_good_ws/install/ros_study_msgs/share/ros_study_msgs/package.zsh'
[12.596s] Level 1:colcon.colcon_core.environment:create_file_with_runtime_dependencies(/home/kimdahun/order_v10_good_ws/install/ros_study_msgs/share/colcon-core/packages/ros_study_msgs)
[12.784s] Level 1:colcon.colcon_core.environment:create_environment_scripts_only(ros_study_msgs)
[12.785s] Level 1:colcon.colcon_core.environment:checking '/home/kimdahun/order_v10_good_ws/install/ros_study_msgs' for CMake module files
[12.787s] Level 1:colcon.colcon_core.environment:checking '/home/kimdahun/order_v10_good_ws/install/ros_study_msgs' for CMake config files
[12.788s] Level 1:colcon.colcon_core.shell:create_environment_hook('ros_study_msgs', 'cmake_prefix_path')
[12.788s] INFO:colcon.colcon_core.shell:Creating environment hook '/home/kimdahun/order_v10_good_ws/install/ros_study_msgs/share/ros_study_msgs/hook/cmake_prefix_path.ps1'
[12.789s] INFO:colcon.colcon_core.shell:Creating environment descriptor '/home/kimdahun/order_v10_good_ws/install/ros_study_msgs/share/ros_study_msgs/hook/cmake_prefix_path.dsv'
[12.790s] INFO:colcon.colcon_core.shell:Creating environment hook '/home/kimdahun/order_v10_good_ws/install/ros_study_msgs/share/ros_study_msgs/hook/cmake_prefix_path.sh'
[12.791s] Level 1:colcon.colcon_core.environment:checking '/home/kimdahun/order_v10_good_ws/install/ros_study_msgs/lib'
[12.792s] Level 1:colcon.colcon_core.shell:create_environment_hook('ros_study_msgs', 'ld_library_path_lib')
[12.792s] INFO:colcon.colcon_core.shell:Creating environment hook '/home/kimdahun/order_v10_good_ws/install/ros_study_msgs/share/ros_study_msgs/hook/ld_library_path_lib.ps1'
[12.793s] INFO:colcon.colcon_core.shell:Creating environment descriptor '/home/kimdahun/order_v10_good_ws/install/ros_study_msgs/share/ros_study_msgs/hook/ld_library_path_lib.dsv'
[12.794s] INFO:colcon.colcon_core.shell:Creating environment hook '/home/kimdahun/order_v10_good_ws/install/ros_study_msgs/share/ros_study_msgs/hook/ld_library_path_lib.sh'
[12.795s] Level 1:colcon.colcon_core.environment:checking '/home/kimdahun/order_v10_good_ws/install/ros_study_msgs/bin'
[12.795s] Level 1:colcon.colcon_core.environment:checking '/home/kimdahun/order_v10_good_ws/install/ros_study_msgs/lib/pkgconfig/ros_study_msgs.pc'
[12.795s] Level 1:colcon.colcon_core.environment:checking '/home/kimdahun/order_v10_good_ws/install/ros_study_msgs/lib/python3.10/site-packages'
[12.796s] Level 1:colcon.colcon_core.environment:checking '/home/kimdahun/order_v10_good_ws/install/ros_study_msgs/bin'
[12.797s] INFO:colcon.colcon_core.shell:Creating package script '/home/kimdahun/order_v10_good_ws/install/ros_study_msgs/share/ros_study_msgs/package.ps1'
[12.798s] INFO:colcon.colcon_core.shell:Creating package descriptor '/home/kimdahun/order_v10_good_ws/install/ros_study_msgs/share/ros_study_msgs/package.dsv'
[12.799s] INFO:colcon.colcon_core.shell:Creating package script '/home/kimdahun/order_v10_good_ws/install/ros_study_msgs/share/ros_study_msgs/package.sh'
[12.800s] INFO:colcon.colcon_core.shell:Creating package script '/home/kimdahun/order_v10_good_ws/install/ros_study_msgs/share/ros_study_msgs/package.bash'
[12.801s] INFO:colcon.colcon_core.shell:Creating package script '/home/kimdahun/order_v10_good_ws/install/ros_study_msgs/share/ros_study_msgs/package.zsh'
[12.802s] Level 1:colcon.colcon_core.environment:create_file_with_runtime_dependencies(/home/kimdahun/order_v10_good_ws/install/ros_study_msgs/share/colcon-core/packages/ros_study_msgs)
[12.803s] INFO:colcon.colcon_ros.task.ament_python.build:Building ROS package in '/home/kimdahun/order_v10_good_ws/src/serving_robot' with build type 'ament_python'
[12.803s] Level 1:colcon.colcon_core.shell:create_environment_hook('serving_robot', 'ament_prefix_path')
[12.804s] INFO:colcon.colcon_core.shell:Creating environment hook '/home/kimdahun/order_v10_good_ws/install/serving_robot/share/serving_robot/hook/ament_prefix_path.ps1'
[12.806s] INFO:colcon.colcon_core.shell:Creating environment descriptor '/home/kimdahun/order_v10_good_ws/install/serving_robot/share/serving_robot/hook/ament_prefix_path.dsv'
[12.807s] INFO:colcon.colcon_core.shell:Creating environment hook '/home/kimdahun/order_v10_good_ws/install/serving_robot/share/serving_robot/hook/ament_prefix_path.sh'
[12.808s] INFO:colcon.colcon_core.shell:Skip shell extension 'powershell' for command environment: Not usable outside of PowerShell
[12.808s] DEBUG:colcon.colcon_core.shell:Skip shell extension 'dsv' for command environment
[13.621s] INFO:colcon.colcon_core.task.python.build:Building Python package in '/home/kimdahun/order_v10_good_ws/src/serving_robot'
[13.622s] INFO:colcon.colcon_core.shell:Skip shell extension 'powershell' for command environment: Not usable outside of PowerShell
[13.622s] DEBUG:colcon.colcon_core.shell:Skip shell extension 'dsv' for command environment
[14.652s] DEBUG:colcon.colcon_core.event_handler.log_command:Invoking command in '/home/kimdahun/order_v10_good_ws/src/serving_robot': AMENT_PREFIX_PATH=/home/kimdahun/order_v10_good_ws/install/ros_study_msgs:${AMENT_PREFIX_PATH} CMAKE_PREFIX_PATH=/home/kimdahun/order_v10_good_ws/install/ros_study_msgs:${CMAKE_PREFIX_PATH} LD_LIBRARY_PATH=/home/kimdahun/order_v10_good_ws/install/ros_study_msgs/lib:/home/kimdahun/turtlebot3_ws/install/turtlebot3_msgs/lib:/usr/lib/x86_64-linux-gnu/gazebo-11/plugins:/opt/ros/humble/opt/rviz_ogre_vendor/lib:/opt/ros/humble/lib/x86_64-linux-gnu:/opt/ros/humble/lib:/usr/lib/x86_64-linux-gnu/gazebo-11/plugins PYTHONPATH=/home/kimdahun/order_v10_good_ws/build/serving_robot/prefix_override:/usr/lib/python3/dist-packages/colcon_core/task/python/colcon_distutils_commands:/home/kimdahun/order_v10_good_ws/install/serving_robot/lib/python3.10/site-packages:/home/kimdahun/order_v10_good_ws/install/ros_study_msgs/local/lib/python3.10/dist-packages:${PYTHONPATH} /usr/bin/python3 -W ignore:setup.py install is deprecated setup.py egg_info --egg-base ../../build/serving_robot build --build-base /home/kimdahun/order_v10_good_ws/build/serving_robot/build install --record /home/kimdahun/order_v10_good_ws/build/serving_robot/install.log --single-version-externally-managed install_data
[15.553s] Level 1:colcon.colcon_core.environment:checking '/home/kimdahun/order_v10_good_ws/install/serving_robot' for CMake module files
[15.554s] DEBUG:colcon.colcon_core.event_handler.log_command:Invoked command in '/home/kimdahun/order_v10_good_ws/src/serving_robot' returned '0': AMENT_PREFIX_PATH=/home/kimdahun/order_v10_good_ws/install/ros_study_msgs:${AMENT_PREFIX_PATH} CMAKE_PREFIX_PATH=/home/kimdahun/order_v10_good_ws/install/ros_study_msgs:${CMAKE_PREFIX_PATH} LD_LIBRARY_PATH=/home/kimdahun/order_v10_good_ws/install/ros_study_msgs/lib:/home/kimdahun/turtlebot3_ws/install/turtlebot3_msgs/lib:/usr/lib/x86_64-linux-gnu/gazebo-11/plugins:/opt/ros/humble/opt/rviz_ogre_vendor/lib:/opt/ros/humble/lib/x86_64-linux-gnu:/opt/ros/humble/lib:/usr/lib/x86_64-linux-gnu/gazebo-11/plugins PYTHONPATH=/home/kimdahun/order_v10_good_ws/build/serving_robot/prefix_override:/usr/lib/python3/dist-packages/colcon_core/task/python/colcon_distutils_commands:/home/kimdahun/order_v10_good_ws/install/serving_robot/lib/python3.10/site-packages:/home/kimdahun/order_v10_good_ws/install/ros_study_msgs/local/lib/python3.10/dist-packages:${PYTHONPATH} /usr/bin/python3 -W ignore:setup.py install is deprecated setup.py egg_info --egg-base ../../build/serving_robot build --build-base /home/kimdahun/order_v10_good_ws/build/serving_robot/build install --record /home/kimdahun/order_v10_good_ws/build/serving_robot/install.log --single-version-externally-managed install_data
[15.555s] Level 1:colcon.colcon_core.environment:checking '/home/kimdahun/order_v10_good_ws/install/serving_robot' for CMake config files
[15.556s] Level 1:colcon.colcon_core.environment:checking '/home/kimdahun/order_v10_good_ws/install/serving_robot/lib'
[15.557s] Level 1:colcon.colcon_core.environment:checking '/home/kimdahun/order_v10_good_ws/install/serving_robot/bin'
[15.557s] Level 1:colcon.colcon_core.environment:checking '/home/kimdahun/order_v10_good_ws/install/serving_robot/lib/pkgconfig/serving_robot.pc'
[15.557s] Level 1:colcon.colcon_core.environment:checking '/home/kimdahun/order_v10_good_ws/install/serving_robot/lib/python3.10/site-packages'
[15.558s] Level 1:colcon.colcon_core.shell:create_environment_hook('serving_robot', 'pythonpath')
[15.558s] INFO:colcon.colcon_core.shell:Creating environment hook '/home/kimdahun/order_v10_good_ws/install/serving_robot/share/serving_robot/hook/pythonpath.ps1'
[15.559s] INFO:colcon.colcon_core.shell:Creating environment descriptor '/home/kimdahun/order_v10_good_ws/install/serving_robot/share/serving_robot/hook/pythonpath.dsv'
[15.560s] INFO:colcon.colcon_core.shell:Creating environment hook '/home/kimdahun/order_v10_good_ws/install/serving_robot/share/serving_robot/hook/pythonpath.sh'
[15.561s] Level 1:colcon.colcon_core.environment:checking '/home/kimdahun/order_v10_good_ws/install/serving_robot/bin'
[15.562s] Level 1:colcon.colcon_core.environment:create_environment_scripts_only(serving_robot)
[15.563s] INFO:colcon.colcon_core.shell:Creating package script '/home/kimdahun/order_v10_good_ws/install/serving_robot/share/serving_robot/package.ps1'
[15.564s] INFO:colcon.colcon_core.shell:Creating package descriptor '/home/kimdahun/order_v10_good_ws/install/serving_robot/share/serving_robot/package.dsv'
[15.565s] INFO:colcon.colcon_core.shell:Creating package script '/home/kimdahun/order_v10_good_ws/install/serving_robot/share/serving_robot/package.sh'
[15.566s] INFO:colcon.colcon_core.shell:Creating package script '/home/kimdahun/order_v10_good_ws/install/serving_robot/share/serving_robot/package.bash'
[15.567s] INFO:colcon.colcon_core.shell:Creating package script '/home/kimdahun/order_v10_good_ws/install/serving_robot/share/serving_robot/package.zsh'
[15.567s] Level 1:colcon.colcon_core.environment:create_file_with_runtime_dependencies(/home/kimdahun/order_v10_good_ws/install/serving_robot/share/colcon-core/packages/serving_robot)
[15.568s] DEBUG:colcon.colcon_parallel_executor.executor.parallel:closing loop
[15.569s] DEBUG:colcon.colcon_parallel_executor.executor.parallel:loop closed
[15.569s] DEBUG:colcon.colcon_parallel_executor.executor.parallel:run_until_complete finished with '0'
[15.569s] DEBUG:colcon.colcon_core.event_reactor:joining thread
[15.591s] INFO:colcon.colcon_core.plugin_system:Skipping extension 'colcon_notification.desktop_notification.terminal_notifier': Not used on non-Darwin systems
[15.591s] INFO:colcon.colcon_core.plugin_system:Skipping extension 'colcon_notification.desktop_notification.win32': Not used on non-Windows systems
[15.591s] INFO:colcon.colcon_notification.desktop_notification:Sending desktop notification using 'notify2'
[15.619s] DEBUG:colcon.colcon_core.event_reactor:joined thread
[15.620s] INFO:colcon.colcon_core.shell:Creating prefix script '/home/kimdahun/order_v10_good_ws/install/local_setup.ps1'
[15.623s] INFO:colcon.colcon_core.shell:Creating prefix util module '/home/kimdahun/order_v10_good_ws/install/_local_setup_util_ps1.py'
[15.626s] INFO:colcon.colcon_core.shell:Creating prefix chain script '/home/kimdahun/order_v10_good_ws/install/setup.ps1'
[15.629s] INFO:colcon.colcon_core.shell:Creating prefix script '/home/kimdahun/order_v10_good_ws/install/local_setup.sh'
[15.631s] INFO:colcon.colcon_core.shell:Creating prefix util module '/home/kimdahun/order_v10_good_ws/install/_local_setup_util_sh.py'
[15.632s] INFO:colcon.colcon_core.shell:Creating prefix chain script '/home/kimdahun/order_v10_good_ws/install/setup.sh'
[15.635s] INFO:colcon.colcon_core.shell:Creating prefix script '/home/kimdahun/order_v10_good_ws/install/local_setup.bash'
[15.637s] INFO:colcon.colcon_core.shell:Creating prefix chain script '/home/kimdahun/order_v10_good_ws/install/setup.bash'
[15.640s] INFO:colcon.colcon_core.shell:Creating prefix script '/home/kimdahun/order_v10_good_ws/install/local_setup.zsh'
[15.641s] INFO:colcon.colcon_core.shell:Creating prefix chain script '/home/kimdahun/order_v10_good_ws/install/setup.zsh'
