[0.019s] Invoking command in '/home/kimdahun/order_v10_good_ws/build/ros_study_msgs': CMAKE_PREFIX_PATH=${CMAKE_PREFIX_PATH}:/home/kimdahun/order_v10_good_ws/install/serving_robot:/home/kimdahun/turtlebot3_ws/install/turtlebot3_teleop:/home/kimdahun/turtlebot3_ws/install/turtlebot3_example:/opt/ros/humble /usr/bin/cmake --build /home/kimdahun/order_v10_good_ws/build/ros_study_msgs -- -j8 -l8
[0.102s] [ 10%] Built target ros_study_msgs__rosidl_generator_c
[0.102s] [ 12%] Built target ros_study_msgs__cpp
[0.124s] [ 12%] Built target ament_cmake_python_copy_ros_study_msgs
[0.169s] [ 23%] Built target ros_study_msgs__rosidl_typesupport_c
[0.174s] [ 43%] Built target ros_study_msgs__rosidl_typesupport_cpp
[0.175s] [ 43%] Built target ros_study_msgs__rosidl_typesupport_fastrtps_cpp
[0.175s] [ 53%] Built target ros_study_msgs__rosidl_typesupport_fastrtps_c
[0.180s] [ 64%] Built target ros_study_msgs__rosidl_typesupport_introspection_c
[0.180s] [ 74%] Built target ros_study_msgs__rosidl_typesupport_introspection_cpp
[0.219s] [ 74%] Built target ros_study_msgs
[0.257s] [ 76%] Built target ros_study_msgs__py
[0.301s] [ 84%] Built target ros_study_msgs__rosidl_generator_py
[0.388s] [ 89%] Built target ros_study_msgs__rosidl_typesupport_introspection_c__pyext
[0.389s] [ 94%] Built target ros_study_msgs__rosidl_typesupport_fastrtps_c__pyext
[0.403s] [100%] Built target ros_study_msgs__rosidl_typesupport_c__pyext
[0.682s] running egg_info
[0.684s] writing ros_study_msgs.egg-info/PKG-INFO
[0.684s] writing dependency_links to ros_study_msgs.egg-info/dependency_links.txt
[0.685s] writing top-level names to ros_study_msgs.egg-info/top_level.txt
[0.690s] reading manifest file 'ros_study_msgs.egg-info/SOURCES.txt'
[0.691s] writing manifest file 'ros_study_msgs.egg-info/SOURCES.txt'
[0.744s] [100%] Built target ament_cmake_python_build_ros_study_msgs_egg
[0.762s] Invoked command in '/home/kimdahun/order_v10_good_ws/build/ros_study_msgs' returned '0': CMAKE_PREFIX_PATH=${CMAKE_PREFIX_PATH}:/home/kimdahun/order_v10_good_ws/install/serving_robot:/home/kimdahun/turtlebot3_ws/install/turtlebot3_teleop:/home/kimdahun/turtlebot3_ws/install/turtlebot3_example:/opt/ros/humble /usr/bin/cmake --build /home/kimdahun/order_v10_good_ws/build/ros_study_msgs -- -j8 -l8
[0.904s] Invoking command in '/home/kimdahun/order_v10_good_ws/build/ros_study_msgs': CMAKE_PREFIX_PATH=${CMAKE_PREFIX_PATH}:/home/kimdahun/order_v10_good_ws/install/serving_robot:/home/kimdahun/turtlebot3_ws/install/turtlebot3_teleop:/home/kimdahun/turtlebot3_ws/install/turtlebot3_example:/opt/ros/humble /usr/bin/cmake --install /home/kimdahun/order_v10_good_ws/build/ros_study_msgs
[0.918s] -- Install configuration: ""
[0.919s] -- Up-to-date: /home/kimdahun/order_v10_good_ws/install/ros_study_msgs/share/ament_index/resource_index/rosidl_interfaces/ros_study_msgs
[0.919s] -- Up-to-date: /home/kimdahun/order_v10_good_ws/install/ros_study_msgs/include/ros_study_msgs/ros_study_msgs
[0.919s] -- Up-to-date: /home/kimdahun/order_v10_good_ws/install/ros_study_msgs/include/ros_study_msgs/ros_study_msgs/msg
[0.919s] -- Up-to-date: /home/kimdahun/order_v10_good_ws/install/ros_study_msgs/include/ros_study_msgs/ros_study_msgs/msg/detail
[0.919s] -- Up-to-date: /home/kimdahun/order_v10_good_ws/install/ros_study_msgs/include/ros_study_msgs/ros_study_msgs/msg/detail/move_robot__functions.h
[0.920s] -- Up-to-date: /home/kimdahun/order_v10_good_ws/install/ros_study_msgs/include/ros_study_msgs/ros_study_msgs/msg/detail/move_robot__struct.h
[0.920s] -- Up-to-date: /home/kimdahun/order_v10_good_ws/install/ros_study_msgs/include/ros_study_msgs/ros_study_msgs/msg/detail/move_robot__type_support.h
[0.921s] -- Up-to-date: /home/kimdahun/order_v10_good_ws/install/ros_study_msgs/include/ros_study_msgs/ros_study_msgs/msg/detail/move_robot__functions.c
[0.921s] -- Up-to-date: /home/kimdahun/order_v10_good_ws/install/ros_study_msgs/include/ros_study_msgs/ros_study_msgs/msg/move_robot.h
[0.922s] -- Up-to-date: /home/kimdahun/order_v10_good_ws/install/ros_study_msgs/include/ros_study_msgs/ros_study_msgs/msg/rosidl_generator_c__visibility_control.h
[0.922s] -- Up-to-date: /home/kimdahun/order_v10_good_ws/install/ros_study_msgs/include/ros_study_msgs/ros_study_msgs/srv
[0.922s] -- Up-to-date: /home/kimdahun/order_v10_good_ws/install/ros_study_msgs/include/ros_study_msgs/ros_study_msgs/srv/order_customer.h
[0.923s] -- Up-to-date: /home/kimdahun/order_v10_good_ws/install/ros_study_msgs/include/ros_study_msgs/ros_study_msgs/srv/detail
[0.923s] -- Up-to-date: /home/kimdahun/order_v10_good_ws/install/ros_study_msgs/include/ros_study_msgs/ros_study_msgs/srv/detail/order_customer__functions.h
[0.923s] -- Up-to-date: /home/kimdahun/order_v10_good_ws/install/ros_study_msgs/include/ros_study_msgs/ros_study_msgs/srv/detail/order_customer__functions.c
[0.924s] -- Up-to-date: /home/kimdahun/order_v10_good_ws/install/ros_study_msgs/include/ros_study_msgs/ros_study_msgs/srv/detail/order_customer__type_support.h
[0.924s] -- Up-to-date: /home/kimdahun/order_v10_good_ws/install/ros_study_msgs/include/ros_study_msgs/ros_study_msgs/srv/detail/order_customer__struct.h
[0.924s] -- Up-to-date: /home/kimdahun/order_v10_good_ws/install/ros_study_msgs/share/ros_study_msgs/environment/library_path.sh
[0.924s] -- Up-to-date: /home/kimdahun/order_v10_good_ws/install/ros_study_msgs/share/ros_study_msgs/environment/library_path.dsv
[0.925s] -- Up-to-date: /home/kimdahun/order_v10_good_ws/install/ros_study_msgs/lib/libros_study_msgs__rosidl_generator_c.so
[0.925s] -- Up-to-date: /home/kimdahun/order_v10_good_ws/install/ros_study_msgs/include/ros_study_msgs/ros_study_msgs
[0.925s] -- Up-to-date: /home/kimdahun/order_v10_good_ws/install/ros_study_msgs/include/ros_study_msgs/ros_study_msgs/msg
[0.926s] -- Up-to-date: /home/kimdahun/order_v10_good_ws/install/ros_study_msgs/include/ros_study_msgs/ros_study_msgs/msg/rosidl_typesupport_fastrtps_c__visibility_control.h
[0.926s] -- Up-to-date: /home/kimdahun/order_v10_good_ws/install/ros_study_msgs/include/ros_study_msgs/ros_study_msgs/msg/detail
[0.926s] -- Up-to-date: /home/kimdahun/order_v10_good_ws/install/ros_study_msgs/include/ros_study_msgs/ros_study_msgs/msg/detail/move_robot__rosidl_typesupport_fastrtps_c.h
[0.927s] -- Up-to-date: /home/kimdahun/order_v10_good_ws/install/ros_study_msgs/include/ros_study_msgs/ros_study_msgs/srv
[0.927s] -- Up-to-date: /home/kimdahun/order_v10_good_ws/install/ros_study_msgs/include/ros_study_msgs/ros_study_msgs/srv/detail
[0.927s] -- Up-to-date: /home/kimdahun/order_v10_good_ws/install/ros_study_msgs/include/ros_study_msgs/ros_study_msgs/srv/detail/order_customer__rosidl_typesupport_fastrtps_c.h
[0.927s] -- Up-to-date: /home/kimdahun/order_v10_good_ws/install/ros_study_msgs/lib/libros_study_msgs__rosidl_typesupport_fastrtps_c.so
[0.927s] -- Up-to-date: /home/kimdahun/order_v10_good_ws/install/ros_study_msgs/include/ros_study_msgs/ros_study_msgs
[0.927s] -- Up-to-date: /home/kimdahun/order_v10_good_ws/install/ros_study_msgs/include/ros_study_msgs/ros_study_msgs/msg
[0.927s] -- Up-to-date: /home/kimdahun/order_v10_good_ws/install/ros_study_msgs/include/ros_study_msgs/ros_study_msgs/msg/move_robot.hpp
[0.928s] -- Up-to-date: /home/kimdahun/order_v10_good_ws/install/ros_study_msgs/include/ros_study_msgs/ros_study_msgs/msg/detail
[0.928s] -- Up-to-date: /home/kimdahun/order_v10_good_ws/install/ros_study_msgs/include/ros_study_msgs/ros_study_msgs/msg/detail/move_robot__builder.hpp
[0.928s] -- Up-to-date: /home/kimdahun/order_v10_good_ws/install/ros_study_msgs/include/ros_study_msgs/ros_study_msgs/msg/detail/move_robot__traits.hpp
[0.928s] -- Up-to-date: /home/kimdahun/order_v10_good_ws/install/ros_study_msgs/include/ros_study_msgs/ros_study_msgs/msg/detail/move_robot__struct.hpp
[0.928s] -- Up-to-date: /home/kimdahun/order_v10_good_ws/install/ros_study_msgs/include/ros_study_msgs/ros_study_msgs/srv
[0.929s] -- Up-to-date: /home/kimdahun/order_v10_good_ws/install/ros_study_msgs/include/ros_study_msgs/ros_study_msgs/srv/detail
[0.929s] -- Up-to-date: /home/kimdahun/order_v10_good_ws/install/ros_study_msgs/include/ros_study_msgs/ros_study_msgs/srv/detail/order_customer__builder.hpp
[0.929s] -- Up-to-date: /home/kimdahun/order_v10_good_ws/install/ros_study_msgs/include/ros_study_msgs/ros_study_msgs/srv/detail/order_customer__struct.hpp
[0.930s] -- Up-to-date: /home/kimdahun/order_v10_good_ws/install/ros_study_msgs/include/ros_study_msgs/ros_study_msgs/srv/detail/order_customer__traits.hpp
[0.930s] -- Up-to-date: /home/kimdahun/order_v10_good_ws/install/ros_study_msgs/include/ros_study_msgs/ros_study_msgs/srv/order_customer.hpp
[0.930s] -- Up-to-date: /home/kimdahun/order_v10_good_ws/install/ros_study_msgs/include/ros_study_msgs/ros_study_msgs
[0.930s] -- Up-to-date: /home/kimdahun/order_v10_good_ws/install/ros_study_msgs/include/ros_study_msgs/ros_study_msgs/msg
[0.930s] -- Up-to-date: /home/kimdahun/order_v10_good_ws/install/ros_study_msgs/include/ros_study_msgs/ros_study_msgs/msg/rosidl_typesupport_fastrtps_cpp__visibility_control.h
[0.930s] -- Up-to-date: /home/kimdahun/order_v10_good_ws/install/ros_study_msgs/include/ros_study_msgs/ros_study_msgs/msg/detail
[0.930s] -- Up-to-date: /home/kimdahun/order_v10_good_ws/install/ros_study_msgs/include/ros_study_msgs/ros_study_msgs/msg/detail/move_robot__rosidl_typesupport_fastrtps_cpp.hpp
[0.930s] -- Up-to-date: /home/kimdahun/order_v10_good_ws/install/ros_study_msgs/include/ros_study_msgs/ros_study_msgs/msg/detail/dds_fastrtps
[0.930s] -- Up-to-date: /home/kimdahun/order_v10_good_ws/install/ros_study_msgs/include/ros_study_msgs/ros_study_msgs/srv
[0.930s] -- Up-to-date: /home/kimdahun/order_v10_good_ws/install/ros_study_msgs/include/ros_study_msgs/ros_study_msgs/srv/detail
[0.930s] -- Up-to-date: /home/kimdahun/order_v10_good_ws/install/ros_study_msgs/include/ros_study_msgs/ros_study_msgs/srv/detail/order_customer__rosidl_typesupport_fastrtps_cpp.hpp
[0.931s] -- Up-to-date: /home/kimdahun/order_v10_good_ws/install/ros_study_msgs/include/ros_study_msgs/ros_study_msgs/srv/detail/dds_fastrtps
[0.931s] -- Up-to-date: /home/kimdahun/order_v10_good_ws/install/ros_study_msgs/lib/libros_study_msgs__rosidl_typesupport_fastrtps_cpp.so
[0.931s] -- Up-to-date: /home/kimdahun/order_v10_good_ws/install/ros_study_msgs/include/ros_study_msgs/ros_study_msgs
[0.931s] -- Up-to-date: /home/kimdahun/order_v10_good_ws/install/ros_study_msgs/include/ros_study_msgs/ros_study_msgs/msg
[0.931s] -- Up-to-date: /home/kimdahun/order_v10_good_ws/install/ros_study_msgs/include/ros_study_msgs/ros_study_msgs/msg/rosidl_typesupport_introspection_c__visibility_control.h
[0.931s] -- Up-to-date: /home/kimdahun/order_v10_good_ws/install/ros_study_msgs/include/ros_study_msgs/ros_study_msgs/msg/detail
[0.931s] -- Up-to-date: /home/kimdahun/order_v10_good_ws/install/ros_study_msgs/include/ros_study_msgs/ros_study_msgs/msg/detail/move_robot__rosidl_typesupport_introspection_c.h
[0.931s] -- Up-to-date: /home/kimdahun/order_v10_good_ws/install/ros_study_msgs/include/ros_study_msgs/ros_study_msgs/msg/detail/move_robot__type_support.c
[0.931s] -- Up-to-date: /home/kimdahun/order_v10_good_ws/install/ros_study_msgs/include/ros_study_msgs/ros_study_msgs/srv
[0.931s] -- Up-to-date: /home/kimdahun/order_v10_good_ws/install/ros_study_msgs/include/ros_study_msgs/ros_study_msgs/srv/detail
[0.931s] -- Up-to-date: /home/kimdahun/order_v10_good_ws/install/ros_study_msgs/include/ros_study_msgs/ros_study_msgs/srv/detail/order_customer__type_support.c
[0.932s] -- Up-to-date: /home/kimdahun/order_v10_good_ws/install/ros_study_msgs/include/ros_study_msgs/ros_study_msgs/srv/detail/order_customer__rosidl_typesupport_introspection_c.h
[0.932s] -- Up-to-date: /home/kimdahun/order_v10_good_ws/install/ros_study_msgs/lib/libros_study_msgs__rosidl_typesupport_introspection_c.so
[0.932s] -- Up-to-date: /home/kimdahun/order_v10_good_ws/install/ros_study_msgs/lib/libros_study_msgs__rosidl_typesupport_c.so
[0.932s] -- Up-to-date: /home/kimdahun/order_v10_good_ws/install/ros_study_msgs/include/ros_study_msgs/ros_study_msgs
[0.932s] -- Up-to-date: /home/kimdahun/order_v10_good_ws/install/ros_study_msgs/include/ros_study_msgs/ros_study_msgs/msg
[0.932s] -- Up-to-date: /home/kimdahun/order_v10_good_ws/install/ros_study_msgs/include/ros_study_msgs/ros_study_msgs/msg/detail
[0.932s] -- Up-to-date: /home/kimdahun/order_v10_good_ws/install/ros_study_msgs/include/ros_study_msgs/ros_study_msgs/msg/detail/move_robot__type_support.cpp
[0.932s] -- Up-to-date: /home/kimdahun/order_v10_good_ws/install/ros_study_msgs/include/ros_study_msgs/ros_study_msgs/msg/detail/move_robot__rosidl_typesupport_introspection_cpp.hpp
[0.932s] -- Up-to-date: /home/kimdahun/order_v10_good_ws/install/ros_study_msgs/include/ros_study_msgs/ros_study_msgs/srv
[0.932s] -- Up-to-date: /home/kimdahun/order_v10_good_ws/install/ros_study_msgs/include/ros_study_msgs/ros_study_msgs/srv/detail
[0.933s] -- Up-to-date: /home/kimdahun/order_v10_good_ws/install/ros_study_msgs/include/ros_study_msgs/ros_study_msgs/srv/detail/order_customer__type_support.cpp
[0.933s] -- Up-to-date: /home/kimdahun/order_v10_good_ws/install/ros_study_msgs/include/ros_study_msgs/ros_study_msgs/srv/detail/order_customer__rosidl_typesupport_introspection_cpp.hpp
[0.933s] -- Up-to-date: /home/kimdahun/order_v10_good_ws/install/ros_study_msgs/lib/libros_study_msgs__rosidl_typesupport_introspection_cpp.so
[0.933s] -- Up-to-date: /home/kimdahun/order_v10_good_ws/install/ros_study_msgs/lib/libros_study_msgs__rosidl_typesupport_cpp.so
[0.933s] -- Up-to-date: /home/kimdahun/order_v10_good_ws/install/ros_study_msgs/share/ros_study_msgs/environment/pythonpath.sh
[0.933s] -- Up-to-date: /home/kimdahun/order_v10_good_ws/install/ros_study_msgs/share/ros_study_msgs/environment/pythonpath.dsv
[0.933s] -- Up-to-date: /home/kimdahun/order_v10_good_ws/install/ros_study_msgs/local/lib/python3.10/dist-packages/ros_study_msgs-0.0.0-py3.10.egg-info
[0.934s] -- Installing: /home/kimdahun/order_v10_good_ws/install/ros_study_msgs/local/lib/python3.10/dist-packages/ros_study_msgs-0.0.0-py3.10.egg-info/SOURCES.txt
[0.934s] -- Installing: /home/kimdahun/order_v10_good_ws/install/ros_study_msgs/local/lib/python3.10/dist-packages/ros_study_msgs-0.0.0-py3.10.egg-info/PKG-INFO
[0.934s] -- Installing: /home/kimdahun/order_v10_good_ws/install/ros_study_msgs/local/lib/python3.10/dist-packages/ros_study_msgs-0.0.0-py3.10.egg-info/dependency_links.txt
[0.934s] -- Installing: /home/kimdahun/order_v10_good_ws/install/ros_study_msgs/local/lib/python3.10/dist-packages/ros_study_msgs-0.0.0-py3.10.egg-info/top_level.txt
[0.934s] -- Up-to-date: /home/kimdahun/order_v10_good_ws/install/ros_study_msgs/local/lib/python3.10/dist-packages/ros_study_msgs
[0.934s] -- Up-to-date: /home/kimdahun/order_v10_good_ws/install/ros_study_msgs/local/lib/python3.10/dist-packages/ros_study_msgs/ros_study_msgs_s__rosidl_typesupport_c.cpython-310-x86_64-linux-gnu.so
[0.935s] -- Up-to-date: /home/kimdahun/order_v10_good_ws/install/ros_study_msgs/local/lib/python3.10/dist-packages/ros_study_msgs/msg
[0.935s] -- Up-to-date: /home/kimdahun/order_v10_good_ws/install/ros_study_msgs/local/lib/python3.10/dist-packages/ros_study_msgs/msg/__init__.py
[0.935s] -- Up-to-date: /home/kimdahun/order_v10_good_ws/install/ros_study_msgs/local/lib/python3.10/dist-packages/ros_study_msgs/msg/_move_robot_s.c
[0.935s] -- Up-to-date: /home/kimdahun/order_v10_good_ws/install/ros_study_msgs/local/lib/python3.10/dist-packages/ros_study_msgs/msg/_move_robot.py
[0.935s] -- Up-to-date: /home/kimdahun/order_v10_good_ws/install/ros_study_msgs/local/lib/python3.10/dist-packages/ros_study_msgs/_ros_study_msgs_s.ep.rosidl_typesupport_introspection_c.c
[0.935s] -- Up-to-date: /home/kimdahun/order_v10_good_ws/install/ros_study_msgs/local/lib/python3.10/dist-packages/ros_study_msgs/__init__.py
[0.935s] -- Up-to-date: /home/kimdahun/order_v10_good_ws/install/ros_study_msgs/local/lib/python3.10/dist-packages/ros_study_msgs/libros_study_msgs__rosidl_generator_py.so
[0.935s] -- Up-to-date: /home/kimdahun/order_v10_good_ws/install/ros_study_msgs/local/lib/python3.10/dist-packages/ros_study_msgs/_ros_study_msgs_s.ep.rosidl_typesupport_c.c
[0.935s] -- Up-to-date: /home/kimdahun/order_v10_good_ws/install/ros_study_msgs/local/lib/python3.10/dist-packages/ros_study_msgs/ros_study_msgs_s__rosidl_typesupport_introspection_c.cpython-310-x86_64-linux-gnu.so
[0.935s] -- Up-to-date: /home/kimdahun/order_v10_good_ws/install/ros_study_msgs/local/lib/python3.10/dist-packages/ros_study_msgs/ros_study_msgs_s__rosidl_typesupport_fastrtps_c.cpython-310-x86_64-linux-gnu.so
[0.936s] -- Up-to-date: /home/kimdahun/order_v10_good_ws/install/ros_study_msgs/local/lib/python3.10/dist-packages/ros_study_msgs/_ros_study_msgs_s.ep.rosidl_typesupport_fastrtps_c.c
[0.936s] -- Up-to-date: /home/kimdahun/order_v10_good_ws/install/ros_study_msgs/local/lib/python3.10/dist-packages/ros_study_msgs/srv
[0.936s] -- Up-to-date: /home/kimdahun/order_v10_good_ws/install/ros_study_msgs/local/lib/python3.10/dist-packages/ros_study_msgs/srv/_order_customer_s.c
[0.936s] -- Up-to-date: /home/kimdahun/order_v10_good_ws/install/ros_study_msgs/local/lib/python3.10/dist-packages/ros_study_msgs/srv/__init__.py
[0.936s] -- Up-to-date: /home/kimdahun/order_v10_good_ws/install/ros_study_msgs/local/lib/python3.10/dist-packages/ros_study_msgs/srv/_order_customer.py
[0.985s] Listing '/home/kimdahun/order_v10_good_ws/install/ros_study_msgs/local/lib/python3.10/dist-packages/ros_study_msgs'...
[0.985s] Listing '/home/kimdahun/order_v10_good_ws/install/ros_study_msgs/local/lib/python3.10/dist-packages/ros_study_msgs/msg'...
[0.986s] Listing '/home/kimdahun/order_v10_good_ws/install/ros_study_msgs/local/lib/python3.10/dist-packages/ros_study_msgs/srv'...
[0.993s] -- Up-to-date: /home/kimdahun/order_v10_good_ws/install/ros_study_msgs/local/lib/python3.10/dist-packages/ros_study_msgs/ros_study_msgs_s__rosidl_typesupport_fastrtps_c.cpython-310-x86_64-linux-gnu.so
[0.993s] -- Up-to-date: /home/kimdahun/order_v10_good_ws/install/ros_study_msgs/local/lib/python3.10/dist-packages/ros_study_msgs/ros_study_msgs_s__rosidl_typesupport_introspection_c.cpython-310-x86_64-linux-gnu.so
[0.993s] -- Up-to-date: /home/kimdahun/order_v10_good_ws/install/ros_study_msgs/local/lib/python3.10/dist-packages/ros_study_msgs/ros_study_msgs_s__rosidl_typesupport_c.cpython-310-x86_64-linux-gnu.so
[0.994s] -- Up-to-date: /home/kimdahun/order_v10_good_ws/install/ros_study_msgs/lib/libros_study_msgs__rosidl_generator_py.so
[0.995s] -- Up-to-date: /home/kimdahun/order_v10_good_ws/install/ros_study_msgs/share/ros_study_msgs/srv/OrderCustomer.idl
[0.995s] -- Up-to-date: /home/kimdahun/order_v10_good_ws/install/ros_study_msgs/share/ros_study_msgs/msg/MoveRobot.idl
[0.995s] -- Up-to-date: /home/kimdahun/order_v10_good_ws/install/ros_study_msgs/share/ros_study_msgs/srv/OrderCustomer.srv
[0.995s] -- Up-to-date: /home/kimdahun/order_v10_good_ws/install/ros_study_msgs/share/ros_study_msgs/srv/OrderCustomer_Request.msg
[0.995s] -- Up-to-date: /home/kimdahun/order_v10_good_ws/install/ros_study_msgs/share/ros_study_msgs/srv/OrderCustomer_Response.msg
[0.995s] -- Up-to-date: /home/kimdahun/order_v10_good_ws/install/ros_study_msgs/share/ros_study_msgs/msg/MoveRobot.msg
[0.995s] -- Up-to-date: /home/kimdahun/order_v10_good_ws/install/ros_study_msgs/share/ament_index/resource_index/package_run_dependencies/ros_study_msgs
[0.995s] -- Up-to-date: /home/kimdahun/order_v10_good_ws/install/ros_study_msgs/share/ament_index/resource_index/parent_prefix_path/ros_study_msgs
[0.995s] -- Up-to-date: /home/kimdahun/order_v10_good_ws/install/ros_study_msgs/share/ros_study_msgs/environment/ament_prefix_path.sh
[0.995s] -- Up-to-date: /home/kimdahun/order_v10_good_ws/install/ros_study_msgs/share/ros_study_msgs/environment/ament_prefix_path.dsv
[0.995s] -- Up-to-date: /home/kimdahun/order_v10_good_ws/install/ros_study_msgs/share/ros_study_msgs/environment/path.sh
[0.996s] -- Up-to-date: /home/kimdahun/order_v10_good_ws/install/ros_study_msgs/share/ros_study_msgs/environment/path.dsv
[0.996s] -- Up-to-date: /home/kimdahun/order_v10_good_ws/install/ros_study_msgs/share/ros_study_msgs/local_setup.bash
[0.996s] -- Up-to-date: /home/kimdahun/order_v10_good_ws/install/ros_study_msgs/share/ros_study_msgs/local_setup.sh
[0.996s] -- Up-to-date: /home/kimdahun/order_v10_good_ws/install/ros_study_msgs/share/ros_study_msgs/local_setup.zsh
[0.996s] -- Up-to-date: /home/kimdahun/order_v10_good_ws/install/ros_study_msgs/share/ros_study_msgs/local_setup.dsv
[0.996s] -- Installing: /home/kimdahun/order_v10_good_ws/install/ros_study_msgs/share/ros_study_msgs/package.dsv
[0.996s] -- Up-to-date: /home/kimdahun/order_v10_good_ws/install/ros_study_msgs/share/ament_index/resource_index/packages/ros_study_msgs
[0.996s] -- Up-to-date: /home/kimdahun/order_v10_good_ws/install/ros_study_msgs/share/ros_study_msgs/cmake/export_ros_study_msgs__rosidl_generator_cExport.cmake
[0.996s] -- Up-to-date: /home/kimdahun/order_v10_good_ws/install/ros_study_msgs/share/ros_study_msgs/cmake/export_ros_study_msgs__rosidl_generator_cExport-noconfig.cmake
[0.996s] -- Up-to-date: /home/kimdahun/order_v10_good_ws/install/ros_study_msgs/share/ros_study_msgs/cmake/export_ros_study_msgs__rosidl_typesupport_fastrtps_cExport.cmake
[0.996s] -- Up-to-date: /home/kimdahun/order_v10_good_ws/install/ros_study_msgs/share/ros_study_msgs/cmake/export_ros_study_msgs__rosidl_typesupport_fastrtps_cExport-noconfig.cmake
[0.997s] -- Up-to-date: /home/kimdahun/order_v10_good_ws/install/ros_study_msgs/share/ros_study_msgs/cmake/export_ros_study_msgs__rosidl_generator_cppExport.cmake
[0.997s] -- Up-to-date: /home/kimdahun/order_v10_good_ws/install/ros_study_msgs/share/ros_study_msgs/cmake/export_ros_study_msgs__rosidl_typesupport_fastrtps_cppExport.cmake
[0.997s] -- Up-to-date: /home/kimdahun/order_v10_good_ws/install/ros_study_msgs/share/ros_study_msgs/cmake/export_ros_study_msgs__rosidl_typesupport_fastrtps_cppExport-noconfig.cmake
[0.997s] -- Up-to-date: /home/kimdahun/order_v10_good_ws/install/ros_study_msgs/share/ros_study_msgs/cmake/ros_study_msgs__rosidl_typesupport_introspection_cExport.cmake
[0.997s] -- Up-to-date: /home/kimdahun/order_v10_good_ws/install/ros_study_msgs/share/ros_study_msgs/cmake/ros_study_msgs__rosidl_typesupport_introspection_cExport-noconfig.cmake
[0.997s] -- Up-to-date: /home/kimdahun/order_v10_good_ws/install/ros_study_msgs/share/ros_study_msgs/cmake/ros_study_msgs__rosidl_typesupport_cExport.cmake
[0.998s] -- Up-to-date: /home/kimdahun/order_v10_good_ws/install/ros_study_msgs/share/ros_study_msgs/cmake/ros_study_msgs__rosidl_typesupport_cExport-noconfig.cmake
[0.998s] -- Up-to-date: /home/kimdahun/order_v10_good_ws/install/ros_study_msgs/share/ros_study_msgs/cmake/ros_study_msgs__rosidl_typesupport_introspection_cppExport.cmake
[0.998s] -- Up-to-date: /home/kimdahun/order_v10_good_ws/install/ros_study_msgs/share/ros_study_msgs/cmake/ros_study_msgs__rosidl_typesupport_introspection_cppExport-noconfig.cmake
[0.999s] -- Up-to-date: /home/kimdahun/order_v10_good_ws/install/ros_study_msgs/share/ros_study_msgs/cmake/ros_study_msgs__rosidl_typesupport_cppExport.cmake
[0.999s] -- Up-to-date: /home/kimdahun/order_v10_good_ws/install/ros_study_msgs/share/ros_study_msgs/cmake/ros_study_msgs__rosidl_typesupport_cppExport-noconfig.cmake
[0.999s] -- Up-to-date: /home/kimdahun/order_v10_good_ws/install/ros_study_msgs/share/ros_study_msgs/cmake/export_ros_study_msgs__rosidl_generator_pyExport.cmake
[0.999s] -- Up-to-date: /home/kimdahun/order_v10_good_ws/install/ros_study_msgs/share/ros_study_msgs/cmake/export_ros_study_msgs__rosidl_generator_pyExport-noconfig.cmake
[0.999s] -- Up-to-date: /home/kimdahun/order_v10_good_ws/install/ros_study_msgs/share/ros_study_msgs/cmake/rosidl_cmake-extras.cmake
[0.999s] -- Up-to-date: /home/kimdahun/order_v10_good_ws/install/ros_study_msgs/share/ros_study_msgs/cmake/ament_cmake_export_dependencies-extras.cmake
[0.999s] -- Up-to-date: /home/kimdahun/order_v10_good_ws/install/ros_study_msgs/share/ros_study_msgs/cmake/ament_cmake_export_include_directories-extras.cmake
[0.999s] -- Up-to-date: /home/kimdahun/order_v10_good_ws/install/ros_study_msgs/share/ros_study_msgs/cmake/ament_cmake_export_libraries-extras.cmake
[0.999s] -- Up-to-date: /home/kimdahun/order_v10_good_ws/install/ros_study_msgs/share/ros_study_msgs/cmake/ament_cmake_export_targets-extras.cmake
[1.000s] -- Up-to-date: /home/kimdahun/order_v10_good_ws/install/ros_study_msgs/share/ros_study_msgs/cmake/rosidl_cmake_export_typesupport_targets-extras.cmake
[1.000s] -- Up-to-date: /home/kimdahun/order_v10_good_ws/install/ros_study_msgs/share/ros_study_msgs/cmake/rosidl_cmake_export_typesupport_libraries-extras.cmake
[1.000s] -- Up-to-date: /home/kimdahun/order_v10_good_ws/install/ros_study_msgs/share/ros_study_msgs/cmake/ros_study_msgsConfig.cmake
[1.000s] -- Up-to-date: /home/kimdahun/order_v10_good_ws/install/ros_study_msgs/share/ros_study_msgs/cmake/ros_study_msgsConfig-version.cmake
[1.000s] -- Up-to-date: /home/kimdahun/order_v10_good_ws/install/ros_study_msgs/share/ros_study_msgs/package.xml
[1.003s] Invoked command in '/home/kimdahun/order_v10_good_ws/build/ros_study_msgs' returned '0': CMAKE_PREFIX_PATH=${CMAKE_PREFIX_PATH}:/home/kimdahun/order_v10_good_ws/install/serving_robot:/home/kimdahun/turtlebot3_ws/install/turtlebot3_teleop:/home/kimdahun/turtlebot3_ws/install/turtlebot3_example:/opt/ros/humble /usr/bin/cmake --install /home/kimdahun/order_v10_good_ws/build/ros_study_msgs
