[0.447s] DEBUG:colcon:Command line arguments: ['/usr/bin/colcon', 'build']
[0.447s] DEBUG:colcon:Parsed command line arguments: Namespace(log_base=None, log_level=None, verb_name='build', build_base='build', install_base='install', merge_install=False, symlink_install=False, test_result_base=None, continue_on_error=False, executor='parallel', parallel_workers=8, event_handlers=None, ignore_user_meta=False, metas=['./colcon.meta'], base_paths=['.'], packages_ignore=None, packages_ignore_regex=None, paths=None, packages_up_to=None, packages_up_to_regex=None, packages_above=None, packages_above_and_dependencies=None, packages_above_depth=None, packages_select_by_dep=None, packages_skip_by_dep=None, packages_skip_up_to=None, packages_select_build_failed=False, packages_skip_build_finished=False, packages_select_test_failures=False, packages_skip_test_passed=False, packages_select=None, packages_skip=None, packages_select_regex=None, packages_skip_regex=None, packages_start=None, packages_end=None, allow_overriding=[], cmake_args=None, cmake_target=None, cmake_target_skip_unavailable=False, cmake_clean_cache=False, cmake_clean_first=False, cmake_force_configure=False, ament_cmake_args=None, catkin_cmake_args=None, catkin_skip_building_tests=False, verb_parser=<colcon_defaults.argument_parser.defaults.DefaultArgumentsDecorator object at 0x749c83a544c0>, verb_extension=<colcon_core.verb.build.BuildVerb object at 0x749c83a13f10>, main=<bound method BuildVerb.main of <colcon_core.verb.build.BuildVerb object at 0x749c83a13f10>>)
[1.159s] Level 1:colcon.colcon_core.package_discovery:discover_packages(colcon_meta) check parameters
[1.160s] Level 1:colcon.colcon_core.package_discovery:discover_packages(recursive) check parameters
[1.160s] Level 1:colcon.colcon_core.package_discovery:discover_packages(ignore) check parameters
[1.160s] Level 1:colcon.colcon_core.package_discovery:discover_packages(path) check parameters
[1.160s] Level 1:colcon.colcon_core.package_discovery:discover_packages(colcon_meta) discover
[1.160s] Level 1:colcon.colcon_core.package_discovery:discover_packages(recursive) discover
[1.160s] INFO:colcon.colcon_core.package_discovery:Crawling recursively for packages in '/home/kimdahun/order_v10_good_ws'
[1.160s] Level 1:colcon.colcon_core.package_identification:_identify(.) by extensions ['ignore', 'ignore_ament_install']
[1.161s] Level 1:colcon.colcon_core.package_identification:_identify(.) by extension 'ignore'
[1.161s] Level 1:colcon.colcon_core.package_identification:_identify(.) by extension 'ignore_ament_install'
[1.161s] Level 1:colcon.colcon_core.package_identification:_identify(.) by extensions ['colcon_pkg']
[1.161s] Level 1:colcon.colcon_core.package_identification:_identify(.) by extension 'colcon_pkg'
[1.161s] Level 1:colcon.colcon_core.package_identification:_identify(.) by extensions ['colcon_meta']
[1.162s] Level 1:colcon.colcon_core.package_identification:_identify(.) by extension 'colcon_meta'
[1.162s] Level 1:colcon.colcon_core.package_identification:_identify(.) by extensions ['ros']
[1.162s] Level 1:colcon.colcon_core.package_identification:_identify(.) by extension 'ros'
[1.195s] Level 1:colcon.colcon_core.package_identification:_identify(.) by extensions ['cmake', 'python']
[1.195s] Level 1:colcon.colcon_core.package_identification:_identify(.) by extension 'cmake'
[1.195s] Level 1:colcon.colcon_core.package_identification:_identify(.) by extension 'python'
[1.195s] Level 1:colcon.colcon_core.package_identification:_identify(.) by extensions ['python_setup_py']
[1.195s] Level 1:colcon.colcon_core.package_identification:_identify(.) by extension 'python_setup_py'
[1.195s] Level 1:colcon.colcon_core.package_identification:_identify(build) by extensions ['ignore', 'ignore_ament_install']
[1.196s] Level 1:colcon.colcon_core.package_identification:_identify(build) by extension 'ignore'
[1.196s] Level 1:colcon.colcon_core.package_identification:_identify(build) ignored
[1.196s] Level 1:colcon.colcon_core.package_identification:_identify(install) by extensions ['ignore', 'ignore_ament_install']
[1.196s] Level 1:colcon.colcon_core.package_identification:_identify(install) by extension 'ignore'
[1.196s] Level 1:colcon.colcon_core.package_identification:_identify(install) ignored
[1.197s] Level 1:colcon.colcon_core.package_identification:_identify(log) by extensions ['ignore', 'ignore_ament_install']
[1.197s] Level 1:colcon.colcon_core.package_identification:_identify(log) by extension 'ignore'
[1.197s] Level 1:colcon.colcon_core.package_identification:_identify(log) ignored
[1.197s] Level 1:colcon.colcon_core.package_identification:_identify(menuimg) by extensions ['ignore', 'ignore_ament_install']
[1.198s] Level 1:colcon.colcon_core.package_identification:_identify(menuimg) by extension 'ignore'
[1.198s] Level 1:colcon.colcon_core.package_identification:_identify(menuimg) by extension 'ignore_ament_install'
[1.198s] Level 1:colcon.colcon_core.package_identification:_identify(menuimg) by extensions ['colcon_pkg']
[1.198s] Level 1:colcon.colcon_core.package_identification:_identify(menuimg) by extension 'colcon_pkg'
[1.198s] Level 1:colcon.colcon_core.package_identification:_identify(menuimg) by extensions ['colcon_meta']
[1.198s] Level 1:colcon.colcon_core.package_identification:_identify(menuimg) by extension 'colcon_meta'
[1.199s] Level 1:colcon.colcon_core.package_identification:_identify(menuimg) by extensions ['ros']
[1.199s] Level 1:colcon.colcon_core.package_identification:_identify(menuimg) by extension 'ros'
[1.199s] Level 1:colcon.colcon_core.package_identification:_identify(menuimg) by extensions ['cmake', 'python']
[1.199s] Level 1:colcon.colcon_core.package_identification:_identify(menuimg) by extension 'cmake'
[1.199s] Level 1:colcon.colcon_core.package_identification:_identify(menuimg) by extension 'python'
[1.199s] Level 1:colcon.colcon_core.package_identification:_identify(menuimg) by extensions ['python_setup_py']
[1.199s] Level 1:colcon.colcon_core.package_identification:_identify(menuimg) by extension 'python_setup_py'
[1.200s] Level 1:colcon.colcon_core.package_identification:_identify(src) by extensions ['ignore', 'ignore_ament_install']
[1.200s] Level 1:colcon.colcon_core.package_identification:_identify(src) by extension 'ignore'
[1.200s] Level 1:colcon.colcon_core.package_identification:_identify(src) by extension 'ignore_ament_install'
[1.200s] Level 1:colcon.colcon_core.package_identification:_identify(src) by extensions ['colcon_pkg']
[1.200s] Level 1:colcon.colcon_core.package_identification:_identify(src) by extension 'colcon_pkg'
[1.200s] Level 1:colcon.colcon_core.package_identification:_identify(src) by extensions ['colcon_meta']
[1.200s] Level 1:colcon.colcon_core.package_identification:_identify(src) by extension 'colcon_meta'
[1.200s] Level 1:colcon.colcon_core.package_identification:_identify(src) by extensions ['ros']
[1.200s] Level 1:colcon.colcon_core.package_identification:_identify(src) by extension 'ros'
[1.201s] Level 1:colcon.colcon_core.package_identification:_identify(src) by extensions ['cmake', 'python']
[1.201s] Level 1:colcon.colcon_core.package_identification:_identify(src) by extension 'cmake'
[1.201s] Level 1:colcon.colcon_core.package_identification:_identify(src) by extension 'python'
[1.201s] Level 1:colcon.colcon_core.package_identification:_identify(src) by extensions ['python_setup_py']
[1.201s] Level 1:colcon.colcon_core.package_identification:_identify(src) by extension 'python_setup_py'
[1.201s] Level 1:colcon.colcon_core.package_identification:_identify(src/ros_study_msgs) by extensions ['ignore', 'ignore_ament_install']
[1.201s] Level 1:colcon.colcon_core.package_identification:_identify(src/ros_study_msgs) by extension 'ignore'
[1.202s] Level 1:colcon.colcon_core.package_identification:_identify(src/ros_study_msgs) by extension 'ignore_ament_install'
[1.202s] Level 1:colcon.colcon_core.package_identification:_identify(src/ros_study_msgs) by extensions ['colcon_pkg']
[1.202s] Level 1:colcon.colcon_core.package_identification:_identify(src/ros_study_msgs) by extension 'colcon_pkg'
[1.202s] Level 1:colcon.colcon_core.package_identification:_identify(src/ros_study_msgs) by extensions ['colcon_meta']
[1.202s] Level 1:colcon.colcon_core.package_identification:_identify(src/ros_study_msgs) by extension 'colcon_meta'
[1.202s] Level 1:colcon.colcon_core.package_identification:_identify(src/ros_study_msgs) by extensions ['ros']
[1.202s] Level 1:colcon.colcon_core.package_identification:_identify(src/ros_study_msgs) by extension 'ros'
[1.210s] DEBUG:colcon.colcon_core.package_identification:Package 'src/ros_study_msgs' with type 'ros.ament_cmake' and name 'ros_study_msgs'
[1.210s] Level 1:colcon.colcon_core.package_identification:_identify(src/serving_robot) by extensions ['ignore', 'ignore_ament_install']
[1.211s] Level 1:colcon.colcon_core.package_identification:_identify(src/serving_robot) by extension 'ignore'
[1.211s] Level 1:colcon.colcon_core.package_identification:_identify(src/serving_robot) by extension 'ignore_ament_install'
[1.211s] Level 1:colcon.colcon_core.package_identification:_identify(src/serving_robot) by extensions ['colcon_pkg']
[1.211s] Level 1:colcon.colcon_core.package_identification:_identify(src/serving_robot) by extension 'colcon_pkg'
[1.211s] Level 1:colcon.colcon_core.package_identification:_identify(src/serving_robot) by extensions ['colcon_meta']
[1.211s] Level 1:colcon.colcon_core.package_identification:_identify(src/serving_robot) by extension 'colcon_meta'
[1.211s] Level 1:colcon.colcon_core.package_identification:_identify(src/serving_robot) by extensions ['ros']
[1.211s] Level 1:colcon.colcon_core.package_identification:_identify(src/serving_robot) by extension 'ros'
[1.213s] DEBUG:colcon.colcon_core.package_identification:Package 'src/serving_robot' with type 'ros.ament_python' and name 'serving_robot'
[1.213s] Level 1:colcon.colcon_core.package_discovery:discover_packages(recursive) using defaults
[1.213s] Level 1:colcon.colcon_core.package_discovery:discover_packages(ignore) discover
[1.213s] Level 1:colcon.colcon_core.package_discovery:discover_packages(ignore) using defaults
[1.213s] Level 1:colcon.colcon_core.package_discovery:discover_packages(path) discover
[1.213s] Level 1:colcon.colcon_core.package_discovery:discover_packages(path) using defaults
[1.278s] Level 1:colcon.colcon_core.package_discovery:discover_packages(prefix_path) check parameters
[1.278s] Level 1:colcon.colcon_core.package_discovery:discover_packages(prefix_path) discover
[1.287s] DEBUG:colcon.colcon_installed_package_information.package_discovery:Found 2 installed packages in /home/kimdahun/order_v10_good_ws/install
[1.289s] DEBUG:colcon.colcon_installed_package_information.package_discovery:Found 12 installed packages in /home/kimdahun/turtlebot3_ws/install
[1.294s] DEBUG:colcon.colcon_installed_package_information.package_discovery:Found 374 installed packages in /opt/ros/humble
[1.300s] Level 1:colcon.colcon_core.package_discovery:discover_packages(prefix_path) using defaults
[1.474s] Level 5:colcon.colcon_core.verb:set package 'ros_study_msgs' build argument 'cmake_args' from command line to 'None'
[1.474s] Level 5:colcon.colcon_core.verb:set package 'ros_study_msgs' build argument 'cmake_target' from command line to 'None'
[1.474s] Level 5:colcon.colcon_core.verb:set package 'ros_study_msgs' build argument 'cmake_target_skip_unavailable' from command line to 'False'
[1.474s] Level 5:colcon.colcon_core.verb:set package 'ros_study_msgs' build argument 'cmake_clean_cache' from command line to 'False'
[1.474s] Level 5:colcon.colcon_core.verb:set package 'ros_study_msgs' build argument 'cmake_clean_first' from command line to 'False'
[1.474s] Level 5:colcon.colcon_core.verb:set package 'ros_study_msgs' build argument 'cmake_force_configure' from command line to 'False'
[1.474s] Level 5:colcon.colcon_core.verb:set package 'ros_study_msgs' build argument 'ament_cmake_args' from command line to 'None'
[1.474s] Level 5:colcon.colcon_core.verb:set package 'ros_study_msgs' build argument 'catkin_cmake_args' from command line to 'None'
[1.475s] Level 5:colcon.colcon_core.verb:set package 'ros_study_msgs' build argument 'catkin_skip_building_tests' from command line to 'False'
[1.475s] DEBUG:colcon.colcon_core.verb:Building package 'ros_study_msgs' with the following arguments: {'ament_cmake_args': None, 'build_base': '/home/kimdahun/order_v10_good_ws/build/ros_study_msgs', 'catkin_cmake_args': None, 'catkin_skip_building_tests': False, 'cmake_args': None, 'cmake_clean_cache': False, 'cmake_clean_first': False, 'cmake_force_configure': False, 'cmake_target': None, 'cmake_target_skip_unavailable': False, 'install_base': '/home/kimdahun/order_v10_good_ws/install/ros_study_msgs', 'merge_install': False, 'path': '/home/kimdahun/order_v10_good_ws/src/ros_study_msgs', 'symlink_install': False, 'test_result_base': None}
[1.476s] Level 5:colcon.colcon_core.verb:set package 'serving_robot' build argument 'cmake_args' from command line to 'None'
[1.476s] Level 5:colcon.colcon_core.verb:set package 'serving_robot' build argument 'cmake_target' from command line to 'None'
[1.476s] Level 5:colcon.colcon_core.verb:set package 'serving_robot' build argument 'cmake_target_skip_unavailable' from command line to 'False'
[1.476s] Level 5:colcon.colcon_core.verb:set package 'serving_robot' build argument 'cmake_clean_cache' from command line to 'False'
[1.476s] Level 5:colcon.colcon_core.verb:set package 'serving_robot' build argument 'cmake_clean_first' from command line to 'False'
[1.476s] Level 5:colcon.colcon_core.verb:set package 'serving_robot' build argument 'cmake_force_configure' from command line to 'False'
[1.476s] Level 5:colcon.colcon_core.verb:set package 'serving_robot' build argument 'ament_cmake_args' from command line to 'None'
[1.476s] Level 5:colcon.colcon_core.verb:set package 'serving_robot' build argument 'catkin_cmake_args' from command line to 'None'
[1.476s] Level 5:colcon.colcon_core.verb:set package 'serving_robot' build argument 'catkin_skip_building_tests' from command line to 'False'
[1.476s] DEBUG:colcon.colcon_core.verb:Building package 'serving_robot' with the following arguments: {'ament_cmake_args': None, 'build_base': '/home/kimdahun/order_v10_good_ws/build/serving_robot', 'catkin_cmake_args': None, 'catkin_skip_building_tests': False, 'cmake_args': None, 'cmake_clean_cache': False, 'cmake_clean_first': False, 'cmake_force_configure': False, 'cmake_target': None, 'cmake_target_skip_unavailable': False, 'install_base': '/home/kimdahun/order_v10_good_ws/install/serving_robot', 'merge_install': False, 'path': '/home/kimdahun/order_v10_good_ws/src/serving_robot', 'symlink_install': False, 'test_result_base': None}
[1.477s] INFO:colcon.colcon_core.executor:Executing jobs using 'parallel' executor
[1.479s] DEBUG:colcon.colcon_parallel_executor.executor.parallel:run_until_complete
[1.480s] INFO:colcon.colcon_ros.task.ament_cmake.build:Building ROS package in '/home/kimdahun/order_v10_good_ws/src/ros_study_msgs' with build type 'ament_cmake'
[1.480s] INFO:colcon.colcon_cmake.task.cmake.build:Building CMake package in '/home/kimdahun/order_v10_good_ws/src/ros_study_msgs'
[1.488s] INFO:colcon.colcon_core.plugin_system:Skipping extension 'colcon_core.shell.bat': Not used on non-Windows systems
[1.488s] INFO:colcon.colcon_core.shell:Skip shell extension 'powershell' for command environment: Not usable outside of PowerShell
[1.488s] DEBUG:colcon.colcon_core.shell:Skip shell extension 'dsv' for command environment
[1.516s] DEBUG:colcon.colcon_core.event_handler.log_command:Invoking command in '/home/kimdahun/order_v10_good_ws/build/ros_study_msgs': CMAKE_PREFIX_PATH=${CMAKE_PREFIX_PATH}:/home/kimdahun/order_v10_good_ws/install/serving_robot:/home/kimdahun/turtlebot3_ws/install/turtlebot3_teleop:/home/kimdahun/turtlebot3_ws/install/turtlebot3_example:/opt/ros/humble /usr/bin/cmake --build /home/kimdahun/order_v10_good_ws/build/ros_study_msgs -- -j8 -l8
[2.525s] DEBUG:colcon.colcon_core.event_handler.log_command:Invoked command in '/home/kimdahun/order_v10_good_ws/build/ros_study_msgs' returned '0': CMAKE_PREFIX_PATH=${CMAKE_PREFIX_PATH}:/home/kimdahun/order_v10_good_ws/install/serving_robot:/home/kimdahun/turtlebot3_ws/install/turtlebot3_teleop:/home/kimdahun/turtlebot3_ws/install/turtlebot3_example:/opt/ros/humble /usr/bin/cmake --build /home/kimdahun/order_v10_good_ws/build/ros_study_msgs -- -j8 -l8
[2.749s] DEBUG:colcon.colcon_core.event_handler.log_command:Invoking command in '/home/kimdahun/order_v10_good_ws/build/ros_study_msgs': CMAKE_PREFIX_PATH=${CMAKE_PREFIX_PATH}:/home/kimdahun/order_v10_good_ws/install/serving_robot:/home/kimdahun/turtlebot3_ws/install/turtlebot3_teleop:/home/kimdahun/turtlebot3_ws/install/turtlebot3_example:/opt/ros/humble /usr/bin/cmake --install /home/kimdahun/order_v10_good_ws/build/ros_study_msgs
[2.892s] Level 1:colcon.colcon_core.environment:create_environment_scripts_only(ros_study_msgs)
[2.894s] DEBUG:colcon.colcon_core.event_handler.log_command:Invoked command in '/home/kimdahun/order_v10_good_ws/build/ros_study_msgs' returned '0': CMAKE_PREFIX_PATH=${CMAKE_PREFIX_PATH}:/home/kimdahun/order_v10_good_ws/install/serving_robot:/home/kimdahun/turtlebot3_ws/install/turtlebot3_teleop:/home/kimdahun/turtlebot3_ws/install/turtlebot3_example:/opt/ros/humble /usr/bin/cmake --install /home/kimdahun/order_v10_good_ws/build/ros_study_msgs
[2.901s] Level 1:colcon.colcon_core.environment:checking '/home/kimdahun/order_v10_good_ws/install/ros_study_msgs' for CMake module files
[2.903s] Level 1:colcon.colcon_core.environment:checking '/home/kimdahun/order_v10_good_ws/install/ros_study_msgs' for CMake config files
[2.904s] Level 1:colcon.colcon_core.shell:create_environment_hook('ros_study_msgs', 'cmake_prefix_path')
[2.904s] INFO:colcon.colcon_core.shell:Creating environment hook '/home/kimdahun/order_v10_good_ws/install/ros_study_msgs/share/ros_study_msgs/hook/cmake_prefix_path.ps1'
[2.906s] INFO:colcon.colcon_core.shell:Creating environment descriptor '/home/kimdahun/order_v10_good_ws/install/ros_study_msgs/share/ros_study_msgs/hook/cmake_prefix_path.dsv'
[2.907s] INFO:colcon.colcon_core.shell:Creating environment hook '/home/kimdahun/order_v10_good_ws/install/ros_study_msgs/share/ros_study_msgs/hook/cmake_prefix_path.sh'
[2.909s] Level 1:colcon.colcon_core.environment:checking '/home/kimdahun/order_v10_good_ws/install/ros_study_msgs/lib'
[2.910s] Level 1:colcon.colcon_core.shell:create_environment_hook('ros_study_msgs', 'ld_library_path_lib')
[2.911s] INFO:colcon.colcon_core.shell:Creating environment hook '/home/kimdahun/order_v10_good_ws/install/ros_study_msgs/share/ros_study_msgs/hook/ld_library_path_lib.ps1'
[2.911s] INFO:colcon.colcon_core.shell:Creating environment descriptor '/home/kimdahun/order_v10_good_ws/install/ros_study_msgs/share/ros_study_msgs/hook/ld_library_path_lib.dsv'
[2.912s] INFO:colcon.colcon_core.shell:Creating environment hook '/home/kimdahun/order_v10_good_ws/install/ros_study_msgs/share/ros_study_msgs/hook/ld_library_path_lib.sh'
[2.913s] Level 1:colcon.colcon_core.environment:checking '/home/kimdahun/order_v10_good_ws/install/ros_study_msgs/bin'
[2.913s] Level 1:colcon.colcon_core.environment:checking '/home/kimdahun/order_v10_good_ws/install/ros_study_msgs/lib/pkgconfig/ros_study_msgs.pc'
[2.914s] Level 1:colcon.colcon_core.environment:checking '/home/kimdahun/order_v10_good_ws/install/ros_study_msgs/lib/python3.10/site-packages'
[2.914s] Level 1:colcon.colcon_core.environment:checking '/home/kimdahun/order_v10_good_ws/install/ros_study_msgs/bin'
[2.915s] INFO:colcon.colcon_core.shell:Creating package script '/home/kimdahun/order_v10_good_ws/install/ros_study_msgs/share/ros_study_msgs/package.ps1'
[2.917s] INFO:colcon.colcon_core.shell:Creating package descriptor '/home/kimdahun/order_v10_good_ws/install/ros_study_msgs/share/ros_study_msgs/package.dsv'
[2.919s] INFO:colcon.colcon_core.shell:Creating package script '/home/kimdahun/order_v10_good_ws/install/ros_study_msgs/share/ros_study_msgs/package.sh'
[2.920s] INFO:colcon.colcon_core.shell:Creating package script '/home/kimdahun/order_v10_good_ws/install/ros_study_msgs/share/ros_study_msgs/package.bash'
[2.922s] INFO:colcon.colcon_core.shell:Creating package script '/home/kimdahun/order_v10_good_ws/install/ros_study_msgs/share/ros_study_msgs/package.zsh'
[2.924s] Level 1:colcon.colcon_core.environment:create_file_with_runtime_dependencies(/home/kimdahun/order_v10_good_ws/install/ros_study_msgs/share/colcon-core/packages/ros_study_msgs)
[3.120s] Level 1:colcon.colcon_core.environment:create_environment_scripts_only(ros_study_msgs)
[3.121s] Level 1:colcon.colcon_core.environment:checking '/home/kimdahun/order_v10_good_ws/install/ros_study_msgs' for CMake module files
[3.122s] Level 1:colcon.colcon_core.environment:checking '/home/kimdahun/order_v10_good_ws/install/ros_study_msgs' for CMake config files
[3.124s] Level 1:colcon.colcon_core.shell:create_environment_hook('ros_study_msgs', 'cmake_prefix_path')
[3.124s] INFO:colcon.colcon_core.shell:Creating environment hook '/home/kimdahun/order_v10_good_ws/install/ros_study_msgs/share/ros_study_msgs/hook/cmake_prefix_path.ps1'
[3.125s] INFO:colcon.colcon_core.shell:Creating environment descriptor '/home/kimdahun/order_v10_good_ws/install/ros_study_msgs/share/ros_study_msgs/hook/cmake_prefix_path.dsv'
[3.126s] INFO:colcon.colcon_core.shell:Creating environment hook '/home/kimdahun/order_v10_good_ws/install/ros_study_msgs/share/ros_study_msgs/hook/cmake_prefix_path.sh'
[3.127s] Level 1:colcon.colcon_core.environment:checking '/home/kimdahun/order_v10_good_ws/install/ros_study_msgs/lib'
[3.128s] Level 1:colcon.colcon_core.shell:create_environment_hook('ros_study_msgs', 'ld_library_path_lib')
[3.128s] INFO:colcon.colcon_core.shell:Creating environment hook '/home/kimdahun/order_v10_good_ws/install/ros_study_msgs/share/ros_study_msgs/hook/ld_library_path_lib.ps1'
[3.129s] INFO:colcon.colcon_core.shell:Creating environment descriptor '/home/kimdahun/order_v10_good_ws/install/ros_study_msgs/share/ros_study_msgs/hook/ld_library_path_lib.dsv'
[3.130s] INFO:colcon.colcon_core.shell:Creating environment hook '/home/kimdahun/order_v10_good_ws/install/ros_study_msgs/share/ros_study_msgs/hook/ld_library_path_lib.sh'
[3.131s] Level 1:colcon.colcon_core.environment:checking '/home/kimdahun/order_v10_good_ws/install/ros_study_msgs/bin'
[3.131s] Level 1:colcon.colcon_core.environment:checking '/home/kimdahun/order_v10_good_ws/install/ros_study_msgs/lib/pkgconfig/ros_study_msgs.pc'
[3.131s] Level 1:colcon.colcon_core.environment:checking '/home/kimdahun/order_v10_good_ws/install/ros_study_msgs/lib/python3.10/site-packages'
[3.132s] Level 1:colcon.colcon_core.environment:checking '/home/kimdahun/order_v10_good_ws/install/ros_study_msgs/bin'
[3.133s] INFO:colcon.colcon_core.shell:Creating package script '/home/kimdahun/order_v10_good_ws/install/ros_study_msgs/share/ros_study_msgs/package.ps1'
[3.134s] INFO:colcon.colcon_core.shell:Creating package descriptor '/home/kimdahun/order_v10_good_ws/install/ros_study_msgs/share/ros_study_msgs/package.dsv'
[3.135s] INFO:colcon.colcon_core.shell:Creating package script '/home/kimdahun/order_v10_good_ws/install/ros_study_msgs/share/ros_study_msgs/package.sh'
[3.136s] INFO:colcon.colcon_core.shell:Creating package script '/home/kimdahun/order_v10_good_ws/install/ros_study_msgs/share/ros_study_msgs/package.bash'
[3.137s] INFO:colcon.colcon_core.shell:Creating package script '/home/kimdahun/order_v10_good_ws/install/ros_study_msgs/share/ros_study_msgs/package.zsh'
[3.138s] Level 1:colcon.colcon_core.environment:create_file_with_runtime_dependencies(/home/kimdahun/order_v10_good_ws/install/ros_study_msgs/share/colcon-core/packages/ros_study_msgs)
[3.139s] INFO:colcon.colcon_ros.task.ament_python.build:Building ROS package in '/home/kimdahun/order_v10_good_ws/src/serving_robot' with build type 'ament_python'
[3.139s] Level 1:colcon.colcon_core.shell:create_environment_hook('serving_robot', 'ament_prefix_path')
[3.140s] INFO:colcon.colcon_core.shell:Creating environment hook '/home/kimdahun/order_v10_good_ws/install/serving_robot/share/serving_robot/hook/ament_prefix_path.ps1'
[3.142s] INFO:colcon.colcon_core.shell:Creating environment descriptor '/home/kimdahun/order_v10_good_ws/install/serving_robot/share/serving_robot/hook/ament_prefix_path.dsv'
[3.143s] INFO:colcon.colcon_core.shell:Creating environment hook '/home/kimdahun/order_v10_good_ws/install/serving_robot/share/serving_robot/hook/ament_prefix_path.sh'
[3.144s] INFO:colcon.colcon_core.shell:Skip shell extension 'powershell' for command environment: Not usable outside of PowerShell
[3.144s] DEBUG:colcon.colcon_core.shell:Skip shell extension 'dsv' for command environment
[3.974s] INFO:colcon.colcon_core.task.python.build:Building Python package in '/home/kimdahun/order_v10_good_ws/src/serving_robot'
[3.975s] INFO:colcon.colcon_core.shell:Skip shell extension 'powershell' for command environment: Not usable outside of PowerShell
[3.975s] DEBUG:colcon.colcon_core.shell:Skip shell extension 'dsv' for command environment
[5.106s] DEBUG:colcon.colcon_core.event_handler.log_command:Invoking command in '/home/kimdahun/order_v10_good_ws/src/serving_robot': LD_LIBRARY_PATH=/home/kimdahun/order_v10_good_ws/install/ros_study_msgs/lib:/home/kimdahun/turtlebot3_ws/install/turtlebot3_msgs/lib:/usr/lib/x86_64-linux-gnu/gazebo-11/plugins:/opt/ros/humble/opt/rviz_ogre_vendor/lib:/opt/ros/humble/lib/x86_64-linux-gnu:/opt/ros/humble/lib:/usr/lib/x86_64-linux-gnu/gazebo-11/plugins PYTHONPATH=/home/kimdahun/order_v10_good_ws/build/serving_robot/prefix_override:/usr/lib/python3/dist-packages/colcon_core/task/python/colcon_distutils_commands:/home/kimdahun/order_v10_good_ws/install/serving_robot/lib/python3.10/site-packages:${PYTHONPATH} /usr/bin/python3 -W ignore:setup.py install is deprecated setup.py egg_info --egg-base ../../build/serving_robot build --build-base /home/kimdahun/order_v10_good_ws/build/serving_robot/build install --record /home/kimdahun/order_v10_good_ws/build/serving_robot/install.log --single-version-externally-managed install_data
[6.079s] Level 1:colcon.colcon_core.environment:checking '/home/kimdahun/order_v10_good_ws/install/serving_robot' for CMake module files
[6.080s] DEBUG:colcon.colcon_core.event_handler.log_command:Invoked command in '/home/kimdahun/order_v10_good_ws/src/serving_robot' returned '0': LD_LIBRARY_PATH=/home/kimdahun/order_v10_good_ws/install/ros_study_msgs/lib:/home/kimdahun/turtlebot3_ws/install/turtlebot3_msgs/lib:/usr/lib/x86_64-linux-gnu/gazebo-11/plugins:/opt/ros/humble/opt/rviz_ogre_vendor/lib:/opt/ros/humble/lib/x86_64-linux-gnu:/opt/ros/humble/lib:/usr/lib/x86_64-linux-gnu/gazebo-11/plugins PYTHONPATH=/home/kimdahun/order_v10_good_ws/build/serving_robot/prefix_override:/usr/lib/python3/dist-packages/colcon_core/task/python/colcon_distutils_commands:/home/kimdahun/order_v10_good_ws/install/serving_robot/lib/python3.10/site-packages:${PYTHONPATH} /usr/bin/python3 -W ignore:setup.py install is deprecated setup.py egg_info --egg-base ../../build/serving_robot build --build-base /home/kimdahun/order_v10_good_ws/build/serving_robot/build install --record /home/kimdahun/order_v10_good_ws/build/serving_robot/install.log --single-version-externally-managed install_data
[6.081s] Level 1:colcon.colcon_core.environment:checking '/home/kimdahun/order_v10_good_ws/install/serving_robot' for CMake config files
[6.083s] Level 1:colcon.colcon_core.environment:checking '/home/kimdahun/order_v10_good_ws/install/serving_robot/lib'
[6.083s] Level 1:colcon.colcon_core.environment:checking '/home/kimdahun/order_v10_good_ws/install/serving_robot/bin'
[6.083s] Level 1:colcon.colcon_core.environment:checking '/home/kimdahun/order_v10_good_ws/install/serving_robot/lib/pkgconfig/serving_robot.pc'
[6.084s] Level 1:colcon.colcon_core.environment:checking '/home/kimdahun/order_v10_good_ws/install/serving_robot/lib/python3.10/site-packages'
[6.084s] Level 1:colcon.colcon_core.shell:create_environment_hook('serving_robot', 'pythonpath')
[6.084s] INFO:colcon.colcon_core.shell:Creating environment hook '/home/kimdahun/order_v10_good_ws/install/serving_robot/share/serving_robot/hook/pythonpath.ps1'
[6.085s] INFO:colcon.colcon_core.shell:Creating environment descriptor '/home/kimdahun/order_v10_good_ws/install/serving_robot/share/serving_robot/hook/pythonpath.dsv'
[6.086s] INFO:colcon.colcon_core.shell:Creating environment hook '/home/kimdahun/order_v10_good_ws/install/serving_robot/share/serving_robot/hook/pythonpath.sh'
[6.088s] Level 1:colcon.colcon_core.environment:checking '/home/kimdahun/order_v10_good_ws/install/serving_robot/bin'
[6.088s] Level 1:colcon.colcon_core.environment:create_environment_scripts_only(serving_robot)
[6.089s] INFO:colcon.colcon_core.shell:Creating package script '/home/kimdahun/order_v10_good_ws/install/serving_robot/share/serving_robot/package.ps1'
[6.090s] INFO:colcon.colcon_core.shell:Creating package descriptor '/home/kimdahun/order_v10_good_ws/install/serving_robot/share/serving_robot/package.dsv'
[6.091s] INFO:colcon.colcon_core.shell:Creating package script '/home/kimdahun/order_v10_good_ws/install/serving_robot/share/serving_robot/package.sh'
[6.092s] INFO:colcon.colcon_core.shell:Creating package script '/home/kimdahun/order_v10_good_ws/install/serving_robot/share/serving_robot/package.bash'
[6.093s] INFO:colcon.colcon_core.shell:Creating package script '/home/kimdahun/order_v10_good_ws/install/serving_robot/share/serving_robot/package.zsh'
[6.093s] Level 1:colcon.colcon_core.environment:create_file_with_runtime_dependencies(/home/kimdahun/order_v10_good_ws/install/serving_robot/share/colcon-core/packages/serving_robot)
[6.094s] DEBUG:colcon.colcon_parallel_executor.executor.parallel:closing loop
[6.095s] DEBUG:colcon.colcon_parallel_executor.executor.parallel:loop closed
[6.095s] DEBUG:colcon.colcon_parallel_executor.executor.parallel:run_until_complete finished with '0'
[6.095s] DEBUG:colcon.colcon_core.event_reactor:joining thread
[6.113s] INFO:colcon.colcon_core.plugin_system:Skipping extension 'colcon_notification.desktop_notification.terminal_notifier': Not used on non-Darwin systems
[6.114s] INFO:colcon.colcon_core.plugin_system:Skipping extension 'colcon_notification.desktop_notification.win32': Not used on non-Windows systems
[6.114s] INFO:colcon.colcon_notification.desktop_notification:Sending desktop notification using 'notify2'
[6.143s] DEBUG:colcon.colcon_core.event_reactor:joined thread
[6.144s] INFO:colcon.colcon_core.shell:Creating prefix script '/home/kimdahun/order_v10_good_ws/install/local_setup.ps1'
[6.149s] INFO:colcon.colcon_core.shell:Creating prefix util module '/home/kimdahun/order_v10_good_ws/install/_local_setup_util_ps1.py'
[6.155s] INFO:colcon.colcon_core.shell:Creating prefix chain script '/home/kimdahun/order_v10_good_ws/install/setup.ps1'
[6.161s] INFO:colcon.colcon_core.shell:Creating prefix script '/home/kimdahun/order_v10_good_ws/install/local_setup.sh'
[6.163s] INFO:colcon.colcon_core.shell:Creating prefix util module '/home/kimdahun/order_v10_good_ws/install/_local_setup_util_sh.py'
[6.164s] INFO:colcon.colcon_core.shell:Creating prefix chain script '/home/kimdahun/order_v10_good_ws/install/setup.sh'
[6.168s] INFO:colcon.colcon_core.shell:Creating prefix script '/home/kimdahun/order_v10_good_ws/install/local_setup.bash'
[6.170s] INFO:colcon.colcon_core.shell:Creating prefix chain script '/home/kimdahun/order_v10_good_ws/install/setup.bash'
[6.176s] INFO:colcon.colcon_core.shell:Creating prefix script '/home/kimdahun/order_v10_good_ws/install/local_setup.zsh'
[6.177s] INFO:colcon.colcon_core.shell:Creating prefix chain script '/home/kimdahun/order_v10_good_ws/install/setup.zsh'
