[0.031s] Invoking command in '/home/kimdahun/order_v10_good_ws/build/ros_study_msgs': CMAKE_PREFIX_PATH=${CMAKE_PREFIX_PATH}:/home/kimdahun/order_v10_good_ws/install/serving_robot:/home/kimdahun/turtlebot3_ws/install/turtlebot3_teleop:/home/kimdahun/turtlebot3_ws/install/turtlebot3_example:/opt/ros/humble /usr/bin/cmake --build /home/kimdahun/order_v10_good_ws/build/ros_study_msgs -- -j8 -l8
[0.160s] [35m[1mConsolidate compiler generated dependencies of target ros_study_msgs__rosidl_generator_c[0m
[0.184s] [  2%] Built target ros_study_msgs__cpp
[0.189s] [ 12%] Built target ros_study_msgs__rosidl_generator_c
[0.207s] [35m[1mConsolidate compiler generated dependencies of target ros_study_msgs__rosidl_typesupport_cpp[0m
[0.208s] [ 12%] Built target ament_cmake_python_copy_ros_study_msgs
[0.213s] [35m[1mConsolidate compiler generated dependencies of target ros_study_msgs__rosidl_typesupport_introspection_cpp[0m
[0.231s] [35m[1mConsolidate compiler generated dependencies of target ros_study_msgs__rosidl_typesupport_c[0m
[0.242s] [ 23%] Built target ros_study_msgs__rosidl_typesupport_introspection_cpp
[0.242s] [ 33%] Built target ros_study_msgs__rosidl_typesupport_cpp
[0.259s] [ 43%] Built target ros_study_msgs__rosidl_typesupport_c
[0.267s] [35m[1mConsolidate compiler generated dependencies of target ros_study_msgs__rosidl_typesupport_introspection_c[0m
[0.284s] [35m[1mConsolidate compiler generated dependencies of target ros_study_msgs__rosidl_typesupport_fastrtps_c[0m
[0.294s] [ 53%] Built target ros_study_msgs__rosidl_typesupport_introspection_c
[0.318s] [ 64%] Built target ros_study_msgs__rosidl_typesupport_fastrtps_c
[0.318s] [35m[1mConsolidate compiler generated dependencies of target ros_study_msgs__rosidl_typesupport_fastrtps_cpp[0m
[0.353s] [ 74%] Built target ros_study_msgs__rosidl_typesupport_fastrtps_cpp
[0.398s] [ 74%] Built target ros_study_msgs
[0.447s] [ 76%] Built target ros_study_msgs__py
[0.471s] [35m[1mConsolidate compiler generated dependencies of target ros_study_msgs__rosidl_generator_py[0m
[0.506s] [ 84%] Built target ros_study_msgs__rosidl_generator_py
[0.530s] [35m[1mConsolidate compiler generated dependencies of target ros_study_msgs__rosidl_typesupport_introspection_c__pyext[0m
[0.531s] [35m[1mConsolidate compiler generated dependencies of target ros_study_msgs__rosidl_typesupport_fastrtps_c__pyext[0m
[0.563s] [ 89%] Built target ros_study_msgs__rosidl_typesupport_fastrtps_c__pyext
[0.570s] [ 94%] Built target ros_study_msgs__rosidl_typesupport_introspection_c__pyext
[0.589s] [35m[1mConsolidate compiler generated dependencies of target ros_study_msgs__rosidl_typesupport_c__pyext[0m
[0.617s] [100%] Built target ros_study_msgs__rosidl_typesupport_c__pyext
[0.933s] running egg_info
[0.936s] writing ros_study_msgs.egg-info/PKG-INFO
[0.937s] writing dependency_links to ros_study_msgs.egg-info/dependency_links.txt
[0.937s] writing top-level names to ros_study_msgs.egg-info/top_level.txt
[0.946s] reading manifest file 'ros_study_msgs.egg-info/SOURCES.txt'
[0.948s] writing manifest file 'ros_study_msgs.egg-info/SOURCES.txt'
[1.014s] [100%] Built target ament_cmake_python_build_ros_study_msgs_egg
[1.044s] Invoked command in '/home/kimdahun/order_v10_good_ws/build/ros_study_msgs' returned '0': CMAKE_PREFIX_PATH=${CMAKE_PREFIX_PATH}:/home/kimdahun/order_v10_good_ws/install/serving_robot:/home/kimdahun/turtlebot3_ws/install/turtlebot3_teleop:/home/kimdahun/turtlebot3_ws/install/turtlebot3_example:/opt/ros/humble /usr/bin/cmake --build /home/kimdahun/order_v10_good_ws/build/ros_study_msgs -- -j8 -l8
[1.266s] Invoking command in '/home/kimdahun/order_v10_good_ws/build/ros_study_msgs': CMAKE_PREFIX_PATH=${CMAKE_PREFIX_PATH}:/home/kimdahun/order_v10_good_ws/install/serving_robot:/home/kimdahun/turtlebot3_ws/install/turtlebot3_teleop:/home/kimdahun/turtlebot3_ws/install/turtlebot3_example:/opt/ros/humble /usr/bin/cmake --install /home/kimdahun/order_v10_good_ws/build/ros_study_msgs
[1.295s] -- Install configuration: ""
[1.296s] -- Up-to-date: /home/kimdahun/order_v10_good_ws/install/ros_study_msgs/share/ament_index/resource_index/rosidl_interfaces/ros_study_msgs
[1.296s] -- Up-to-date: /home/kimdahun/order_v10_good_ws/install/ros_study_msgs/include/ros_study_msgs/ros_study_msgs
[1.296s] -- Up-to-date: /home/kimdahun/order_v10_good_ws/install/ros_study_msgs/include/ros_study_msgs/ros_study_msgs/msg
[1.296s] -- Up-to-date: /home/kimdahun/order_v10_good_ws/install/ros_study_msgs/include/ros_study_msgs/ros_study_msgs/msg/detail
[1.297s] -- Up-to-date: /home/kimdahun/order_v10_good_ws/install/ros_study_msgs/include/ros_study_msgs/ros_study_msgs/msg/detail/move_robot__functions.h
[1.297s] -- Up-to-date: /home/kimdahun/order_v10_good_ws/install/ros_study_msgs/include/ros_study_msgs/ros_study_msgs/msg/detail/move_robot__struct.h
[1.297s] -- Up-to-date: /home/kimdahun/order_v10_good_ws/install/ros_study_msgs/include/ros_study_msgs/ros_study_msgs/msg/detail/move_robot__type_support.h
[1.297s] -- Up-to-date: /home/kimdahun/order_v10_good_ws/install/ros_study_msgs/include/ros_study_msgs/ros_study_msgs/msg/detail/move_robot__functions.c
[1.297s] -- Up-to-date: /home/kimdahun/order_v10_good_ws/install/ros_study_msgs/include/ros_study_msgs/ros_study_msgs/msg/move_robot.h
[1.297s] -- Up-to-date: /home/kimdahun/order_v10_good_ws/install/ros_study_msgs/include/ros_study_msgs/ros_study_msgs/msg/rosidl_generator_c__visibility_control.h
[1.298s] -- Up-to-date: /home/kimdahun/order_v10_good_ws/install/ros_study_msgs/include/ros_study_msgs/ros_study_msgs/srv
[1.298s] -- Up-to-date: /home/kimdahun/order_v10_good_ws/install/ros_study_msgs/include/ros_study_msgs/ros_study_msgs/srv/order_customer.h
[1.298s] -- Up-to-date: /home/kimdahun/order_v10_good_ws/install/ros_study_msgs/include/ros_study_msgs/ros_study_msgs/srv/detail
[1.298s] -- Up-to-date: /home/kimdahun/order_v10_good_ws/install/ros_study_msgs/include/ros_study_msgs/ros_study_msgs/srv/detail/order_customer__functions.h
[1.299s] -- Up-to-date: /home/kimdahun/order_v10_good_ws/install/ros_study_msgs/include/ros_study_msgs/ros_study_msgs/srv/detail/order_customer__functions.c
[1.299s] -- Up-to-date: /home/kimdahun/order_v10_good_ws/install/ros_study_msgs/include/ros_study_msgs/ros_study_msgs/srv/detail/order_customer__type_support.h
[1.299s] -- Up-to-date: /home/kimdahun/order_v10_good_ws/install/ros_study_msgs/include/ros_study_msgs/ros_study_msgs/srv/detail/order_customer__struct.h
[1.299s] -- Up-to-date: /home/kimdahun/order_v10_good_ws/install/ros_study_msgs/share/ros_study_msgs/environment/library_path.sh
[1.299s] -- Up-to-date: /home/kimdahun/order_v10_good_ws/install/ros_study_msgs/share/ros_study_msgs/environment/library_path.dsv
[1.299s] -- Up-to-date: /home/kimdahun/order_v10_good_ws/install/ros_study_msgs/lib/libros_study_msgs__rosidl_generator_c.so
[1.299s] -- Up-to-date: /home/kimdahun/order_v10_good_ws/install/ros_study_msgs/include/ros_study_msgs/ros_study_msgs
[1.300s] -- Up-to-date: /home/kimdahun/order_v10_good_ws/install/ros_study_msgs/include/ros_study_msgs/ros_study_msgs/msg
[1.300s] -- Up-to-date: /home/kimdahun/order_v10_good_ws/install/ros_study_msgs/include/ros_study_msgs/ros_study_msgs/msg/rosidl_typesupport_fastrtps_c__visibility_control.h
[1.300s] -- Up-to-date: /home/kimdahun/order_v10_good_ws/install/ros_study_msgs/include/ros_study_msgs/ros_study_msgs/msg/detail
[1.301s] -- Up-to-date: /home/kimdahun/order_v10_good_ws/install/ros_study_msgs/include/ros_study_msgs/ros_study_msgs/msg/detail/move_robot__rosidl_typesupport_fastrtps_c.h
[1.301s] -- Up-to-date: /home/kimdahun/order_v10_good_ws/install/ros_study_msgs/include/ros_study_msgs/ros_study_msgs/srv
[1.301s] -- Up-to-date: /home/kimdahun/order_v10_good_ws/install/ros_study_msgs/include/ros_study_msgs/ros_study_msgs/srv/detail
[1.301s] -- Up-to-date: /home/kimdahun/order_v10_good_ws/install/ros_study_msgs/include/ros_study_msgs/ros_study_msgs/srv/detail/order_customer__rosidl_typesupport_fastrtps_c.h
[1.302s] -- Up-to-date: /home/kimdahun/order_v10_good_ws/install/ros_study_msgs/lib/libros_study_msgs__rosidl_typesupport_fastrtps_c.so
[1.302s] -- Up-to-date: /home/kimdahun/order_v10_good_ws/install/ros_study_msgs/include/ros_study_msgs/ros_study_msgs
[1.302s] -- Up-to-date: /home/kimdahun/order_v10_good_ws/install/ros_study_msgs/include/ros_study_msgs/ros_study_msgs/msg
[1.302s] -- Up-to-date: /home/kimdahun/order_v10_good_ws/install/ros_study_msgs/include/ros_study_msgs/ros_study_msgs/msg/move_robot.hpp
[1.302s] -- Up-to-date: /home/kimdahun/order_v10_good_ws/install/ros_study_msgs/include/ros_study_msgs/ros_study_msgs/msg/detail
[1.302s] -- Up-to-date: /home/kimdahun/order_v10_good_ws/install/ros_study_msgs/include/ros_study_msgs/ros_study_msgs/msg/detail/move_robot__builder.hpp
[1.303s] -- Up-to-date: /home/kimdahun/order_v10_good_ws/install/ros_study_msgs/include/ros_study_msgs/ros_study_msgs/msg/detail/move_robot__traits.hpp
[1.303s] -- Up-to-date: /home/kimdahun/order_v10_good_ws/install/ros_study_msgs/include/ros_study_msgs/ros_study_msgs/msg/detail/move_robot__struct.hpp
[1.303s] -- Up-to-date: /home/kimdahun/order_v10_good_ws/install/ros_study_msgs/include/ros_study_msgs/ros_study_msgs/srv
[1.303s] -- Up-to-date: /home/kimdahun/order_v10_good_ws/install/ros_study_msgs/include/ros_study_msgs/ros_study_msgs/srv/detail
[1.303s] -- Up-to-date: /home/kimdahun/order_v10_good_ws/install/ros_study_msgs/include/ros_study_msgs/ros_study_msgs/srv/detail/order_customer__builder.hpp
[1.303s] -- Up-to-date: /home/kimdahun/order_v10_good_ws/install/ros_study_msgs/include/ros_study_msgs/ros_study_msgs/srv/detail/order_customer__struct.hpp
[1.304s] -- Up-to-date: /home/kimdahun/order_v10_good_ws/install/ros_study_msgs/include/ros_study_msgs/ros_study_msgs/srv/detail/order_customer__traits.hpp
[1.304s] -- Up-to-date: /home/kimdahun/order_v10_good_ws/install/ros_study_msgs/include/ros_study_msgs/ros_study_msgs/srv/order_customer.hpp
[1.304s] -- Up-to-date: /home/kimdahun/order_v10_good_ws/install/ros_study_msgs/include/ros_study_msgs/ros_study_msgs
[1.305s] -- Up-to-date: /home/kimdahun/order_v10_good_ws/install/ros_study_msgs/include/ros_study_msgs/ros_study_msgs/msg
[1.305s] -- Up-to-date: /home/kimdahun/order_v10_good_ws/install/ros_study_msgs/include/ros_study_msgs/ros_study_msgs/msg/rosidl_typesupport_fastrtps_cpp__visibility_control.h
[1.305s] -- Up-to-date: /home/kimdahun/order_v10_good_ws/install/ros_study_msgs/include/ros_study_msgs/ros_study_msgs/msg/detail
[1.305s] -- Up-to-date: /home/kimdahun/order_v10_good_ws/install/ros_study_msgs/include/ros_study_msgs/ros_study_msgs/msg/detail/move_robot__rosidl_typesupport_fastrtps_cpp.hpp
[1.305s] -- Up-to-date: /home/kimdahun/order_v10_good_ws/install/ros_study_msgs/include/ros_study_msgs/ros_study_msgs/msg/detail/dds_fastrtps
[1.305s] -- Up-to-date: /home/kimdahun/order_v10_good_ws/install/ros_study_msgs/include/ros_study_msgs/ros_study_msgs/srv
[1.306s] -- Up-to-date: /home/kimdahun/order_v10_good_ws/install/ros_study_msgs/include/ros_study_msgs/ros_study_msgs/srv/detail
[1.306s] -- Up-to-date: /home/kimdahun/order_v10_good_ws/install/ros_study_msgs/include/ros_study_msgs/ros_study_msgs/srv/detail/order_customer__rosidl_typesupport_fastrtps_cpp.hpp
[1.306s] -- Up-to-date: /home/kimdahun/order_v10_good_ws/install/ros_study_msgs/include/ros_study_msgs/ros_study_msgs/srv/detail/dds_fastrtps
[1.306s] -- Up-to-date: /home/kimdahun/order_v10_good_ws/install/ros_study_msgs/lib/libros_study_msgs__rosidl_typesupport_fastrtps_cpp.so
[1.306s] -- Up-to-date: /home/kimdahun/order_v10_good_ws/install/ros_study_msgs/include/ros_study_msgs/ros_study_msgs
[1.307s] -- Up-to-date: /home/kimdahun/order_v10_good_ws/install/ros_study_msgs/include/ros_study_msgs/ros_study_msgs/msg
[1.307s] -- Up-to-date: /home/kimdahun/order_v10_good_ws/install/ros_study_msgs/include/ros_study_msgs/ros_study_msgs/msg/rosidl_typesupport_introspection_c__visibility_control.h
[1.307s] -- Up-to-date: /home/kimdahun/order_v10_good_ws/install/ros_study_msgs/include/ros_study_msgs/ros_study_msgs/msg/detail
[1.307s] -- Up-to-date: /home/kimdahun/order_v10_good_ws/install/ros_study_msgs/include/ros_study_msgs/ros_study_msgs/msg/detail/move_robot__rosidl_typesupport_introspection_c.h
[1.307s] -- Up-to-date: /home/kimdahun/order_v10_good_ws/install/ros_study_msgs/include/ros_study_msgs/ros_study_msgs/msg/detail/move_robot__type_support.c
[1.308s] -- Up-to-date: /home/kimdahun/order_v10_good_ws/install/ros_study_msgs/include/ros_study_msgs/ros_study_msgs/srv
[1.308s] -- Up-to-date: /home/kimdahun/order_v10_good_ws/install/ros_study_msgs/include/ros_study_msgs/ros_study_msgs/srv/detail
[1.308s] -- Up-to-date: /home/kimdahun/order_v10_good_ws/install/ros_study_msgs/include/ros_study_msgs/ros_study_msgs/srv/detail/order_customer__type_support.c
[1.308s] -- Up-to-date: /home/kimdahun/order_v10_good_ws/install/ros_study_msgs/include/ros_study_msgs/ros_study_msgs/srv/detail/order_customer__rosidl_typesupport_introspection_c.h
[1.308s] -- Up-to-date: /home/kimdahun/order_v10_good_ws/install/ros_study_msgs/lib/libros_study_msgs__rosidl_typesupport_introspection_c.so
[1.308s] -- Up-to-date: /home/kimdahun/order_v10_good_ws/install/ros_study_msgs/lib/libros_study_msgs__rosidl_typesupport_c.so
[1.309s] -- Up-to-date: /home/kimdahun/order_v10_good_ws/install/ros_study_msgs/include/ros_study_msgs/ros_study_msgs
[1.309s] -- Up-to-date: /home/kimdahun/order_v10_good_ws/install/ros_study_msgs/include/ros_study_msgs/ros_study_msgs/msg
[1.309s] -- Up-to-date: /home/kimdahun/order_v10_good_ws/install/ros_study_msgs/include/ros_study_msgs/ros_study_msgs/msg/detail
[1.309s] -- Up-to-date: /home/kimdahun/order_v10_good_ws/install/ros_study_msgs/include/ros_study_msgs/ros_study_msgs/msg/detail/move_robot__type_support.cpp
[1.309s] -- Up-to-date: /home/kimdahun/order_v10_good_ws/install/ros_study_msgs/include/ros_study_msgs/ros_study_msgs/msg/detail/move_robot__rosidl_typesupport_introspection_cpp.hpp
[1.309s] -- Up-to-date: /home/kimdahun/order_v10_good_ws/install/ros_study_msgs/include/ros_study_msgs/ros_study_msgs/srv
[1.309s] -- Up-to-date: /home/kimdahun/order_v10_good_ws/install/ros_study_msgs/include/ros_study_msgs/ros_study_msgs/srv/detail
[1.310s] -- Up-to-date: /home/kimdahun/order_v10_good_ws/install/ros_study_msgs/include/ros_study_msgs/ros_study_msgs/srv/detail/order_customer__type_support.cpp
[1.310s] -- Up-to-date: /home/kimdahun/order_v10_good_ws/install/ros_study_msgs/include/ros_study_msgs/ros_study_msgs/srv/detail/order_customer__rosidl_typesupport_introspection_cpp.hpp
[1.310s] -- Up-to-date: /home/kimdahun/order_v10_good_ws/install/ros_study_msgs/lib/libros_study_msgs__rosidl_typesupport_introspection_cpp.so
[1.310s] -- Up-to-date: /home/kimdahun/order_v10_good_ws/install/ros_study_msgs/lib/libros_study_msgs__rosidl_typesupport_cpp.so
[1.310s] -- Up-to-date: /home/kimdahun/order_v10_good_ws/install/ros_study_msgs/share/ros_study_msgs/environment/pythonpath.sh
[1.310s] -- Up-to-date: /home/kimdahun/order_v10_good_ws/install/ros_study_msgs/share/ros_study_msgs/environment/pythonpath.dsv
[1.310s] -- Up-to-date: /home/kimdahun/order_v10_good_ws/install/ros_study_msgs/local/lib/python3.10/dist-packages/ros_study_msgs-0.0.0-py3.10.egg-info
[1.311s] -- Installing: /home/kimdahun/order_v10_good_ws/install/ros_study_msgs/local/lib/python3.10/dist-packages/ros_study_msgs-0.0.0-py3.10.egg-info/SOURCES.txt
[1.311s] -- Installing: /home/kimdahun/order_v10_good_ws/install/ros_study_msgs/local/lib/python3.10/dist-packages/ros_study_msgs-0.0.0-py3.10.egg-info/PKG-INFO
[1.311s] -- Installing: /home/kimdahun/order_v10_good_ws/install/ros_study_msgs/local/lib/python3.10/dist-packages/ros_study_msgs-0.0.0-py3.10.egg-info/dependency_links.txt
[1.311s] -- Installing: /home/kimdahun/order_v10_good_ws/install/ros_study_msgs/local/lib/python3.10/dist-packages/ros_study_msgs-0.0.0-py3.10.egg-info/top_level.txt
[1.311s] -- Up-to-date: /home/kimdahun/order_v10_good_ws/install/ros_study_msgs/local/lib/python3.10/dist-packages/ros_study_msgs
[1.311s] -- Up-to-date: /home/kimdahun/order_v10_good_ws/install/ros_study_msgs/local/lib/python3.10/dist-packages/ros_study_msgs/ros_study_msgs_s__rosidl_typesupport_c.cpython-310-x86_64-linux-gnu.so
[1.311s] -- Up-to-date: /home/kimdahun/order_v10_good_ws/install/ros_study_msgs/local/lib/python3.10/dist-packages/ros_study_msgs/msg
[1.311s] -- Up-to-date: /home/kimdahun/order_v10_good_ws/install/ros_study_msgs/local/lib/python3.10/dist-packages/ros_study_msgs/msg/__init__.py
[1.312s] -- Up-to-date: /home/kimdahun/order_v10_good_ws/install/ros_study_msgs/local/lib/python3.10/dist-packages/ros_study_msgs/msg/_move_robot_s.c
[1.312s] -- Up-to-date: /home/kimdahun/order_v10_good_ws/install/ros_study_msgs/local/lib/python3.10/dist-packages/ros_study_msgs/msg/_move_robot.py
[1.312s] -- Up-to-date: /home/kimdahun/order_v10_good_ws/install/ros_study_msgs/local/lib/python3.10/dist-packages/ros_study_msgs/_ros_study_msgs_s.ep.rosidl_typesupport_introspection_c.c
[1.312s] -- Up-to-date: /home/kimdahun/order_v10_good_ws/install/ros_study_msgs/local/lib/python3.10/dist-packages/ros_study_msgs/__init__.py
[1.312s] -- Up-to-date: /home/kimdahun/order_v10_good_ws/install/ros_study_msgs/local/lib/python3.10/dist-packages/ros_study_msgs/libros_study_msgs__rosidl_generator_py.so
[1.312s] -- Up-to-date: /home/kimdahun/order_v10_good_ws/install/ros_study_msgs/local/lib/python3.10/dist-packages/ros_study_msgs/_ros_study_msgs_s.ep.rosidl_typesupport_c.c
[1.313s] -- Up-to-date: /home/kimdahun/order_v10_good_ws/install/ros_study_msgs/local/lib/python3.10/dist-packages/ros_study_msgs/ros_study_msgs_s__rosidl_typesupport_introspection_c.cpython-310-x86_64-linux-gnu.so
[1.313s] -- Up-to-date: /home/kimdahun/order_v10_good_ws/install/ros_study_msgs/local/lib/python3.10/dist-packages/ros_study_msgs/ros_study_msgs_s__rosidl_typesupport_fastrtps_c.cpython-310-x86_64-linux-gnu.so
[1.313s] -- Up-to-date: /home/kimdahun/order_v10_good_ws/install/ros_study_msgs/local/lib/python3.10/dist-packages/ros_study_msgs/_ros_study_msgs_s.ep.rosidl_typesupport_fastrtps_c.c
[1.313s] -- Up-to-date: /home/kimdahun/order_v10_good_ws/install/ros_study_msgs/local/lib/python3.10/dist-packages/ros_study_msgs/srv
[1.313s] -- Up-to-date: /home/kimdahun/order_v10_good_ws/install/ros_study_msgs/local/lib/python3.10/dist-packages/ros_study_msgs/srv/_order_customer_s.c
[1.313s] -- Up-to-date: /home/kimdahun/order_v10_good_ws/install/ros_study_msgs/local/lib/python3.10/dist-packages/ros_study_msgs/srv/__init__.py
[1.313s] -- Up-to-date: /home/kimdahun/order_v10_good_ws/install/ros_study_msgs/local/lib/python3.10/dist-packages/ros_study_msgs/srv/_order_customer.py
[1.389s] Listing '/home/kimdahun/order_v10_good_ws/install/ros_study_msgs/local/lib/python3.10/dist-packages/ros_study_msgs'...
[1.389s] Listing '/home/kimdahun/order_v10_good_ws/install/ros_study_msgs/local/lib/python3.10/dist-packages/ros_study_msgs/msg'...
[1.389s] Listing '/home/kimdahun/order_v10_good_ws/install/ros_study_msgs/local/lib/python3.10/dist-packages/ros_study_msgs/srv'...
[1.399s] -- Up-to-date: /home/kimdahun/order_v10_good_ws/install/ros_study_msgs/local/lib/python3.10/dist-packages/ros_study_msgs/ros_study_msgs_s__rosidl_typesupport_fastrtps_c.cpython-310-x86_64-linux-gnu.so
[1.400s] -- Up-to-date: /home/kimdahun/order_v10_good_ws/install/ros_study_msgs/local/lib/python3.10/dist-packages/ros_study_msgs/ros_study_msgs_s__rosidl_typesupport_introspection_c.cpython-310-x86_64-linux-gnu.so
[1.400s] -- Up-to-date: /home/kimdahun/order_v10_good_ws/install/ros_study_msgs/local/lib/python3.10/dist-packages/ros_study_msgs/ros_study_msgs_s__rosidl_typesupport_c.cpython-310-x86_64-linux-gnu.so
[1.401s] -- Up-to-date: /home/kimdahun/order_v10_good_ws/install/ros_study_msgs/lib/libros_study_msgs__rosidl_generator_py.so
[1.401s] -- Up-to-date: /home/kimdahun/order_v10_good_ws/install/ros_study_msgs/share/ros_study_msgs/srv/OrderCustomer.idl
[1.401s] -- Up-to-date: /home/kimdahun/order_v10_good_ws/install/ros_study_msgs/share/ros_study_msgs/msg/MoveRobot.idl
[1.401s] -- Up-to-date: /home/kimdahun/order_v10_good_ws/install/ros_study_msgs/share/ros_study_msgs/srv/OrderCustomer.srv
[1.402s] -- Up-to-date: /home/kimdahun/order_v10_good_ws/install/ros_study_msgs/share/ros_study_msgs/srv/OrderCustomer_Request.msg
[1.402s] -- Up-to-date: /home/kimdahun/order_v10_good_ws/install/ros_study_msgs/share/ros_study_msgs/srv/OrderCustomer_Response.msg
[1.402s] -- Up-to-date: /home/kimdahun/order_v10_good_ws/install/ros_study_msgs/share/ros_study_msgs/msg/MoveRobot.msg
[1.402s] -- Up-to-date: /home/kimdahun/order_v10_good_ws/install/ros_study_msgs/share/ament_index/resource_index/package_run_dependencies/ros_study_msgs
[1.402s] -- Up-to-date: /home/kimdahun/order_v10_good_ws/install/ros_study_msgs/share/ament_index/resource_index/parent_prefix_path/ros_study_msgs
[1.402s] -- Up-to-date: /home/kimdahun/order_v10_good_ws/install/ros_study_msgs/share/ros_study_msgs/environment/ament_prefix_path.sh
[1.403s] -- Up-to-date: /home/kimdahun/order_v10_good_ws/install/ros_study_msgs/share/ros_study_msgs/environment/ament_prefix_path.dsv
[1.403s] -- Up-to-date: /home/kimdahun/order_v10_good_ws/install/ros_study_msgs/share/ros_study_msgs/environment/path.sh
[1.403s] -- Up-to-date: /home/kimdahun/order_v10_good_ws/install/ros_study_msgs/share/ros_study_msgs/environment/path.dsv
[1.403s] -- Up-to-date: /home/kimdahun/order_v10_good_ws/install/ros_study_msgs/share/ros_study_msgs/local_setup.bash
[1.403s] -- Up-to-date: /home/kimdahun/order_v10_good_ws/install/ros_study_msgs/share/ros_study_msgs/local_setup.sh
[1.404s] -- Up-to-date: /home/kimdahun/order_v10_good_ws/install/ros_study_msgs/share/ros_study_msgs/local_setup.zsh
[1.404s] -- Up-to-date: /home/kimdahun/order_v10_good_ws/install/ros_study_msgs/share/ros_study_msgs/local_setup.dsv
[1.404s] -- Installing: /home/kimdahun/order_v10_good_ws/install/ros_study_msgs/share/ros_study_msgs/package.dsv
[1.404s] -- Up-to-date: /home/kimdahun/order_v10_good_ws/install/ros_study_msgs/share/ament_index/resource_index/packages/ros_study_msgs
[1.404s] -- Up-to-date: /home/kimdahun/order_v10_good_ws/install/ros_study_msgs/share/ros_study_msgs/cmake/export_ros_study_msgs__rosidl_generator_cExport.cmake
[1.404s] -- Up-to-date: /home/kimdahun/order_v10_good_ws/install/ros_study_msgs/share/ros_study_msgs/cmake/export_ros_study_msgs__rosidl_generator_cExport-noconfig.cmake
[1.405s] -- Up-to-date: /home/kimdahun/order_v10_good_ws/install/ros_study_msgs/share/ros_study_msgs/cmake/export_ros_study_msgs__rosidl_typesupport_fastrtps_cExport.cmake
[1.405s] -- Up-to-date: /home/kimdahun/order_v10_good_ws/install/ros_study_msgs/share/ros_study_msgs/cmake/export_ros_study_msgs__rosidl_typesupport_fastrtps_cExport-noconfig.cmake
[1.405s] -- Up-to-date: /home/kimdahun/order_v10_good_ws/install/ros_study_msgs/share/ros_study_msgs/cmake/export_ros_study_msgs__rosidl_generator_cppExport.cmake
[1.406s] -- Up-to-date: /home/kimdahun/order_v10_good_ws/install/ros_study_msgs/share/ros_study_msgs/cmake/export_ros_study_msgs__rosidl_typesupport_fastrtps_cppExport.cmake
[1.406s] -- Up-to-date: /home/kimdahun/order_v10_good_ws/install/ros_study_msgs/share/ros_study_msgs/cmake/export_ros_study_msgs__rosidl_typesupport_fastrtps_cppExport-noconfig.cmake
[1.406s] -- Up-to-date: /home/kimdahun/order_v10_good_ws/install/ros_study_msgs/share/ros_study_msgs/cmake/ros_study_msgs__rosidl_typesupport_introspection_cExport.cmake
[1.407s] -- Up-to-date: /home/kimdahun/order_v10_good_ws/install/ros_study_msgs/share/ros_study_msgs/cmake/ros_study_msgs__rosidl_typesupport_introspection_cExport-noconfig.cmake
[1.407s] -- Up-to-date: /home/kimdahun/order_v10_good_ws/install/ros_study_msgs/share/ros_study_msgs/cmake/ros_study_msgs__rosidl_typesupport_cExport.cmake
[1.407s] -- Up-to-date: /home/kimdahun/order_v10_good_ws/install/ros_study_msgs/share/ros_study_msgs/cmake/ros_study_msgs__rosidl_typesupport_cExport-noconfig.cmake
[1.407s] -- Up-to-date: /home/kimdahun/order_v10_good_ws/install/ros_study_msgs/share/ros_study_msgs/cmake/ros_study_msgs__rosidl_typesupport_introspection_cppExport.cmake
[1.407s] -- Up-to-date: /home/kimdahun/order_v10_good_ws/install/ros_study_msgs/share/ros_study_msgs/cmake/ros_study_msgs__rosidl_typesupport_introspection_cppExport-noconfig.cmake
[1.407s] -- Up-to-date: /home/kimdahun/order_v10_good_ws/install/ros_study_msgs/share/ros_study_msgs/cmake/ros_study_msgs__rosidl_typesupport_cppExport.cmake
[1.408s] -- Up-to-date: /home/kimdahun/order_v10_good_ws/install/ros_study_msgs/share/ros_study_msgs/cmake/ros_study_msgs__rosidl_typesupport_cppExport-noconfig.cmake
[1.408s] -- Up-to-date: /home/kimdahun/order_v10_good_ws/install/ros_study_msgs/share/ros_study_msgs/cmake/export_ros_study_msgs__rosidl_generator_pyExport.cmake
[1.408s] -- Up-to-date: /home/kimdahun/order_v10_good_ws/install/ros_study_msgs/share/ros_study_msgs/cmake/export_ros_study_msgs__rosidl_generator_pyExport-noconfig.cmake
[1.408s] -- Up-to-date: /home/kimdahun/order_v10_good_ws/install/ros_study_msgs/share/ros_study_msgs/cmake/rosidl_cmake-extras.cmake
[1.408s] -- Up-to-date: /home/kimdahun/order_v10_good_ws/install/ros_study_msgs/share/ros_study_msgs/cmake/ament_cmake_export_dependencies-extras.cmake
[1.409s] -- Up-to-date: /home/kimdahun/order_v10_good_ws/install/ros_study_msgs/share/ros_study_msgs/cmake/ament_cmake_export_include_directories-extras.cmake
[1.409s] -- Up-to-date: /home/kimdahun/order_v10_good_ws/install/ros_study_msgs/share/ros_study_msgs/cmake/ament_cmake_export_libraries-extras.cmake
[1.409s] -- Up-to-date: /home/kimdahun/order_v10_good_ws/install/ros_study_msgs/share/ros_study_msgs/cmake/ament_cmake_export_targets-extras.cmake
[1.409s] -- Up-to-date: /home/kimdahun/order_v10_good_ws/install/ros_study_msgs/share/ros_study_msgs/cmake/rosidl_cmake_export_typesupport_targets-extras.cmake
[1.410s] -- Up-to-date: /home/kimdahun/order_v10_good_ws/install/ros_study_msgs/share/ros_study_msgs/cmake/rosidl_cmake_export_typesupport_libraries-extras.cmake
[1.410s] -- Up-to-date: /home/kimdahun/order_v10_good_ws/install/ros_study_msgs/share/ros_study_msgs/cmake/ros_study_msgsConfig.cmake
[1.412s] -- Up-to-date: /home/kimdahun/order_v10_good_ws/install/ros_study_msgs/share/ros_study_msgs/cmake/ros_study_msgsConfig-version.cmake
[1.412s] -- Up-to-date: /home/kimdahun/order_v10_good_ws/install/ros_study_msgs/share/ros_study_msgs/package.xml
[1.413s] Invoked command in '/home/kimdahun/order_v10_good_ws/build/ros_study_msgs' returned '0': CMAKE_PREFIX_PATH=${CMAKE_PREFIX_PATH}:/home/kimdahun/order_v10_good_ws/install/serving_robot:/home/kimdahun/turtlebot3_ws/install/turtlebot3_teleop:/home/kimdahun/turtlebot3_ws/install/turtlebot3_example:/opt/ros/humble /usr/bin/cmake --install /home/kimdahun/order_v10_good_ws/build/ros_study_msgs
